---------
Problem: journal-set/X/X-n266-k58.vrp , Best known: 0
Time elapsed: 8629.1104 secs Time per loop: 0.1726 secs
---------
Stopped at generation 50000, Best cost: 79468, from Generation: 50000
---------
Best solution: [50000     0   227    25     0     3     6    64    30     0    17    37
     9    11   221     0   175   188   184   105     0    63   225   128
   245     0   241   235    57   174     0   197   217   163   123   172
     0    45    85   107     8   100     0   150    67   142   229   240
     0   124   126   167   108     0   154   125   110    59     0    97
   265   232    43     0    87    22   213   228   252     0   187   253
    79   264   162     0    23    38   111   130     0   153   248   255
   222   145     0   170   254   164   141     0   192    86    95   203
   250     0   224    91    58    18     0   242   205   156   226   218
     0   236   237    88   165     0    47    84   263   206     0   216
   118    60   169   244     0    55   119    26   116    14   257     0
   251   256   214   140     0    29   249    51   109     0    36    80
    93    61     0   180   190    12   230     0   201   132    42   199
     0   171   193    62   143   186     0    99   200   136   207   179
     0    15    74   220   151   178     0   259   260   127   196   177
     0   137   148    20    10     0   115     5   121    96    19     0
   262   166    81   223     0   133   182   173   159     0   160    46
     2   117    50     0   113   135    52   176    54     0   106    49
    82    70    40     0    68   112   238   194   149     0   219   209
    73   231     0    77     7    24    34     0    21   258   152   181
     0   246   104   147     0   210     4    48   131   247     0   103
   134   183   204   239     0   208    39   122    35    75     0    98
    66    44    65    90     0   155    72    83    78     0    13   114
   191   234     0   189    16    41   102     0   161   168   212   138
   215     0   129   101   120    92     0   139    27   185   144   198
     0    32    28    71     1    56     0    53    31   243    76     0
    89   146    94   233   261     0    69   157   158    33   211     0
   202   195     0     0     0     0     0     0     0     0     0     0
     0     0     0     0     0     0     0     0     0     0     0     0
     0     0     0     0     0     0     0     0     0     0     0     0
     0     0     0     0     0     0     0     0     0     0     0     0
     0     0     0     0     0     0     0     0     0     0     0     0
     0     0     0     0     0     0     0     0     0     0     0     0
     0     0     0     0 79468]
---------
