---------
Problem: journal-set/X/X-n219-k73.vrp , Best known: 0
Time elapsed: 14.4633 secs Time per loop: 1.4463 secs
---------
Stopped at generation 10, Best cost: 159950, from Generation: 1
---------
Best solution: [     1      0      0     70    218     13      0      4     38      2
      0     90     42      3      0     71    174     60      0      7
     85      9      0     62     97    177      0     11     63    108
      0     19    195     74      0     22     21    147      0    150
     94    126      0     99     33    104      0     26    127    114
      0    152     37     48      0    107    118     43      0     67
    143     56      0     47     15    159      0    191     91     66
      0    163     50     28      0    173     57     76      0     39
     51    179      0     83    155     52      0    180    100    145
      0     87    183     53      0    112     88    117      0    122
     77    144      0    214      6    135      0    181    119    212
      0    109     79      8      0     32    148    213      0    131
    208      5      0     93    116    190      0    113     10     89
      0     69     84    157      0     98     86     24      0    164
     75     45      0     55    154    133      0    166    176     64
      0    178    182    186      0    188    189    158      0    193
     80    136      0    128    196    198      0    199     14    200
      0     59     29    168      0    206    170    207      0    115
    101     27      0    129    103    105      0    153    175     30
      0    167    106     49      0     58    110    204      0    169
    187    111      0    192    211    205      0    121    123    194
      0    124    216    120      0    202    197    125      0    172
    184    215      0    134     82    203      0    137    217    171
      0    146    140     35      0     34    141     16      0     41
    142    149      0     72     73     44      0     96    139     61
      0     18    201     95      0     54    161    210      0     92
    130    162      0      1     81    138      0     46    151    156
      0    160     17     68      0     78     23     65      0     12
     25     40      0     36     31     20      0    209    165    102
      0    185    132      0      0      0      0      0      0      0
      0      0      0      0      0      0      0      0      0      0
      0      0      0      0      0      0      0      0      0      0
      0      0      0      0      0      0      0      0      0 159950]
---------
