---------
Problem: journal-set/X/X-n219-k73.vrp , Best known: 0
Time elapsed: 9.5369 secs Time per loop: 0.9537 secs
---------
Stopped at generation 10, Best cost: 3413, from Generation: 1
---------
Best solution: [   1    0   24    0  205  217  192    0  131    3  133    0    3  110
   64    0   42   80    7    0    5   26   32    0    3   29   25    0
    3   12   18    0   21    2    3    0    5    7  147    0    3    5
  109    0    3  169  150    0    5   46    3    0  127  107  130    0
    4   17  145    0   13   21    7    0    5  197    3    0  135    8
   17    0   61   13   21    0    5    7    3    0  124   89    7    0
  166    5    1    0    3   71  179    0    3    5    6    0  159  111
    5    0    3  116   63    0    7   21    5    0  167    3   31    0
    5   54    3    0   10  148    7    0    5    3   13    0    5   74
    3    0   39   36   23    0   16   58   13    0  177   21    7    0
    5  102    3    0  136  118   21    0    7   35    5    0    3  165
   68    0    3    5   52    0  193   16    5    0    3  125   43    0
   74   62   10    0    4   21   34    0    5    7    3    0   23  103
   66    0    3    5  132    0    5   14    3    0   70   41   21    0
   37    7    5    0    3   85  129    0    3  174  142    0   93  182
   40    0    0    0    0    0    0    0    0    0    0    0    0    0
    0    0    0    0    0    0    0    0    0    0    0    0    0    0
    0    0    0    0    0    0    0    0    0    0    0    0    0    0
    0    0    0    0    0    0    0    0    0    0    0    0    0    0
    0    0    0    0    0    0    0    0    0    0    0    0    0    0
    0    0    0    0    0    0    0    0    0    0    0    0    0    0
    0    0    0    0    0    0    0    0    0    0    0    0    0    0
    0    0    0    0    0    0    0    0    0    0    0    0    0    0
    0    0    0    0    0    0    0 3413]
---------
