---------
Problem: journal-set/X/X-n219-k73.vrp , Best known: 0
Time elapsed: 10.0071 secs Time per loop: 1.0007 secs
---------
Stopped at generation 10, Best cost: 4850, from Generation: 1
---------
Best solution: [   1    0  214  216  120    0    3   31   40    0    7   10   82    0
    4   13  204    0   16  141  200    0    8   17   23    0   64  135
   22    0  116   20   18    0   28    2   12    0   88   21  215    0
   26   36  152    0  169  100   39    0  113   37  156    0   47   43
  171    0   38   33  189    0  178  170   51    0   32   45   49    0
   55   65  148    0   58   11    9    0  187   53  128    0   57   14
   69    0   50   19   70    0   52  163   54    0   75   62   78    0
  153   81   68    0  183   59   85    0   25  150   71    0   56  199
   46    0   66   90   77    0   97  173  166    0  202   74   99    0
   63   73   80    0  172  105  151    0  106   24  147    0   60   86
  111    0   91  218   76    0   34  117  143    0   87  119  217    0
   79    6  108    0   84   96  104    0  102  123  186    0   30  131
  138    0   98  164  127    0   89  118  181    0  185  140  110    0
   93  122  112    0  146  115  136    0   95  107  205    0  103  145
  182    0  155   41   67    0  129   94  167    0  162  158  157    0
    5  125  212    0  176  130  177    0  194   72  203    0  180  207
  188    0  124  197  190    0  168  132  191    0  184  195  174    0
  198  154  149    0  208  179  211    0   61  139   83    0  159  160
  196    0  165  175  121    0  193   29  192    0  206  201  210    0
  209  213    1    0    0    0    0    0    0    0    0    0    0    0
    0    0    0    0    0    0    0    0    0    0    0    0    0    0
    0    0    0    0    0    0    0    0    0    0    0    0    0    0
    0    0    0    0    0    0    0    0    0    0    0    0    0    0
    0    0    0    0    0    0    0 4850]
---------
