---------
Problem: journal-set/X/X-n219-k73.vrp , Best known: 0
Time elapsed: 11.432 secs Time per loop: 1.1432 secs
---------
Stopped at generation 10, Best cost: 4934, from Generation: 1
---------
Best solution: [   1    0  173  208   87    0   20  199   19    0    1  160  117    0
    7   14   41    0  106   17   23    0    9   99   21    0   25   15
  168    0   30   13   61    0   26  139  146    0  118   43   71    0
   63  184   29    0  116   88  181    0   70   91  155    0  108  210
   78    0  216  200  161    0  159  175  152    0  154  120  167    0
  196  141   75    0  134   27  189    0  177   24  128    0  122   60
  124    0   59   40   56    0  147  104  185    0   55   98   95    0
  111   44   92    0   36  143   49    0   68   90  127    0   89   34
  101    0   33  102   83    0   86  186   45    0   82   22  137    0
   73   35   51    0   65   69  150    0  195   38    3    0   67   79
   46    0   93   66    4    0  138   62  169    0  153  113    5    0
   57   54   64    0  193  114   39    0   12  171   32    0  194  105
   42    0   31  218  178    0  131  109  107    0   77   47  179    0
   53   96   72    0  149   50  151    0    6  163  162    0  180  125
  204    0  121  172  217    0  119  103   81    0   28   80  212    0
  136  209  166    0  170  215  130    0  211  214  206    0  191  176
   84    0  203  142  202    0  188  201  110    0   76   74  183    0
  100  182   18    0  174   11  213    0  158  145  144    0  148  140
  135    0   16  187  133    0  205  207   58    0   52  132   85    0
   37  129  126    0    8   10  123    0  157  115   97    0  112   48
  165    0  197   94  198    0  190  192  164    0  156    2    0    0
    0    0    0    0    0    0    0    0    0    0    0    0    0    0
    0    0    0    0    0    0    0    0    0    0    0    0    0    0
    0    0    0    0    0    0    0 4934]
---------
