---------
Problem: journal-set/X/X-n219-k73.vrp , Best known: 0
Time elapsed: 10.5079 secs Time per loop: 1.0508 secs
---------
Stopped at generation 10, Best cost: 181420, from Generation: 1
---------
Best solution: [     1      0     16      0    127     54    208      0     20     34
    144      0     21     40     15      0    100    195     12      0
     39     88     13      0     82     17    181      0     78      7
    180      0    206     35      8      0    138    161    114      0
     25    201    113      0      9    158     95      0    134    120
     26      0     73    143     86      0      2    184     43      0
     65      5    157      0     92     44      1      0    194     22
     12      0     30      3     37      0    115     38    169      0
      4    154     36      0    215    174     72      0    211     56
    165      0     58      2      8      0    149      6     50      0
     85     26    129      0     61     52    110      0     48     90
    167      0     60     89     53      0    130    150    153      0
     59    118    106      0      5     64    193      0      1     98
     67      0     23    216    151      0     68     63     59      0
     71    168    200      0    126    197     66      0    210     38
     99      0     76     56    102      0     91     57     18      0
    136    156     87      0     49    105     94      0    109     75
    202      0     93     52    178      0    125    160     84      0
    117     24    101      0    179    103     10      0     48    107
    135      0     96     17    104      0    137    152     53      0
    162    119     47      0    111     27    176      0    147     84
    108      0     77    145    170      0    131    188    132      0
    124    186    166      0    190     32    141      0     74    217
    175      0    155    133    196      0    139    123    214      0
    116     71    173      0     36    198     25      0     69    187
    187      0    191     62    141      0    112    205    183      0
     64    122    171      0    142    199     19      0     70    209
    139      0     46    103    213      0     41    189    204      0
    212    140    119      0    207     28     55      0    104    133
    218      0     51      7    172      0     21    199     42      0
     81    131     93      0    182     63      9      0    192     91
    218      0     14    209     20      0    185    121    148      0
     30    124     67      0    146     80    128      0      0 181420]
---------
