---------
Problem: journal-set/X/X-n219-k73.vrp , Best known: 0
Time elapsed: 10.0413 secs Time per loop: 1.0041 secs
---------
Stopped at generation 10, Best cost: 3093, from Generation: 1
---------
Best solution: [   1    0    0   70  215  200    0    4  111   50    0  191    0   54
   94  178    0   21   21  135    0   21   79  204    0   71   92  121
    0   18    0    0    0    0    0    0    0    0    0    0    0    0
    0    0    0    0    0    0   62    0    0    0   82    0    0    0
   95    0   64   64   64    0  106   64   64    0  110   74   74    0
  128   74    0   74    0    0    0    0  109  216  112    0   76  139
   84    0  211    0   39   16  154    0  155    0  199   55  166    0
  101    0  115  213  198    0  194  182   46    0  189  119  105    0
  173  124  188    0  205  126   42    0  177    0  192  162    0  163
    8  184    0   57  203  170    0  140  140  160    0  157    0  116
  151  196    0  145  120    0  147  206  136    0  132  122  158    0
  158  144   69    0  180  158  218    0  175    0   87  148   65    0
  127  113  207    0    9  179  138    0  179  149   49    0  133  153
    0  210   20   98    0  108   15  185    0  181  201  201    0  201
    0  201  209  209    0  209  209  217    0    0    0    0    0    0
    0    0    0    0    0    0    0    0    0    0    0    0    0    0
    0    0    0    0    0    0    0    0    0    0    0    0    0    0
    0    0    0    0    0    0    0    0    0    0    0    0    0    0
    0    0    0    0    0    0    0    0    0    0    0    0    0    0
    0    0    0    0    0    0    0    0    0    0    0    0    0    0
    0    0    0    0    0    0    0    0    0    0    0    0    0    0
    0    0    0    0    0    0    0    0    0    0    0    0    0    0
    0    0    0    0    0    0    0    0    0    0    0    0    0    0
    0    0    0    0    0    0    0 3093]
---------
