---------
Problem: journal-set/X/X-n219-k73.vrp , Best known: 0
Time elapsed: 14.0133 secs Time per loop: 1.4013 secs
---------
Stopped at generation 10, Best cost: 4987, from Generation: 1
---------
Best solution: [   1    0    0   31  164   16    0    4    2   11    0   73    8   21
    0  145  101    9    0  173    5   52    0   36   12  136    0   18
    7  207    0  110   17  152    0  218   19   64    0  217  159  205
    0  195  216  208    0  125   61  191    0  138  190  185    0  184
  182   42    0  183  167  180    0  169  168  147    0  108   56   88
    0  150  113   84    0  157   39  176    0  155  158  119    0  131
  214  134    0   27  100  102    0   97   45   74    0  210  141  166
    0   71  126  156    0  165  148   10    0  197  163  123    0  160
   81  204    0  143  133   25    0  128   34   98    0  201  129   90
    0  127  177  122    0  124  117   82    0   77  111   13    0  135
    1  115    0  114  202   95    0   63  103   79    0   30   59    3
    0   96  153   53    0  206   86   93    0  137   85  109    0   48
  212   38    0   80  144  116    0   44   33   76    0   43   75  193
    0   67  203  196    0  172   40   83    0   37   70  178    0   69
  104  215    0  179  194   57    0   62  189  192    0   29   55  188
    0  132  186  213    0  199  142   66    0  107  105   22    0   49
   94   89    0   65  209   15    0   47  154   20    0   14   26   46
    0  170  198   35    0   60   24  120    0   54   28   72    0   87
   58  139    0  181   78   92    0  118   68  151    0  211   50  121
    0  174  175   41    0  171  161  200    0   32  140   51    0  149
   23  187    0  162  130   99    0  112   91  146    0    6  106    0
    0    0    0    0    0    0    0    0    0    0    0    0    0    0
    0    0    0    0    0    0    0    0    0    0    0    0    0    0
    0    0    0    0    0    0    0 4987]
---------
