---------
Problem: journal-set/X/X-n219-k73.vrp , Best known: 0
Time elapsed: 1033.9647 secs Time per loop: 1.034 secs
---------
Stopped at generation 1000, Best cost: 3829, from Generation: 1
---------
Best solution: [   1    0  146  166    0   99   13  155    0   74   70   12    0   33
  200  212    0   34  156  171    0  215    8  119    0  174   29   23
    0   64  208   51    0   10   55   98    0  118  154  161    0  128
  172   96    0  198  158  129    0   77   24   82    0  185   83  116
    0   32  114   16    0   18   78  178    0   80   14   11    0  124
  164   87    0  115   97  127    0   56  218   76    0  176  204  109
    0  123   45  111    0  112    3   93    0   21  126  187    0  150
   40   38    0  106  197   35    0   31  165  217    0   63   42   44
    0   79    6  206    0  195   28  100    0   62  177  192    0  143
  186  145    0  189  179  108    0  209   69  136    0   26  122  132
    0  160   84  167    0  140   60   67    0  110  113   46    0    2
   72   58    0   49  101  163    0   37  175  159    0  210  196  139
    0  168   59   89    0   54  142  151    0   22   15   57    0  169
   43  133    0   85  162  188    0  180    4   52    0  157  193   95
    0  117   86  141    0  152  153   53    0  211   91  134    0   75
  135  121    0   71  190  183    0  131  138    9    0    5   39   61
    0   36  137  205    0  203   17  104    0   94   68  105    0  107
  149   27    0   65  148  144    0  182  199   19    0   73  184  213
    0    7  130   92    0   20   41   48    0   47  194  170    0   88
  102   25    0  201  207  181    0   66  202  214    0  147  120  125
    0  191  173   30    0   81   90    1    0  216  103   50    0    0
    0    0    0    0    0    0    0    0    0    0    0    0    0    0
    0    0    0    0    0    0    0    0    0    0    0    0    0    0
    0    0    0    0    0    0    0 3829]
---------
