---------
Problem: journal-set/X/X-n219-k73.vrp , Best known: 0
Time elapsed: 13.6871 secs Time per loop: 1.3687 secs
---------
Stopped at generation 10, Best cost: 4969, from Generation: 1
---------
Best solution: [   1    0  193   54  121    0  138    8   67    0    3   10    7    0
   62  175   13    0   52   77   85    0  146   79   87    0  113   49
   14    0  152  148  208    0   90  158  154    0   53  153  159    0
  185  156   78    0  147  161  102    0   72   29  163    0  144   80
   28    0  170  126   40    0   18  177  114    0  123  195  187    0
  197   94  210    0  107  204   46    0  109  218   74    0  105   55
   47    0   93  139  166    0   73  103  122    0   25   15   16    0
  213   42  157    0  106   35  176    0  203   44   21    0  143  141
  132    0  115  149   56    0   32  140  167    0   65   11   91    0
    2  212   88    0  117  194  131    0   92  179    5    0   81   98
   82    0  125  129   39    0   83  207   61    0  136  150  137    0
  214  135   45    0   96  205  164    0   57  130  201    0  211  168
  190    0   86   58   20    0  116   76  173    0   75  110    9    0
   60  169  181    0  101  120  183    0  127   64   71    0  160  192
  155    0  172   38   70    0   33  165   37    0   23  100  145    0
   12   41   95    0   22  174  180    0  184   43   48    0   19  171
  112    0   99  178   30    0    4   51    1    0   36  209   27    0
   31   34  191    0   84  133  217    0  151   69  134    0  196   24
    6    0   89  119  124    0   63  186   26    0  215  216  182    0
  202  142  188    0  128  198   50    0   59  199  200    0  189  108
  162    0   66  206   97    0   17   68  111    0  104  118    0    0
    0    0    0    0    0    0    0    0    0    0    0    0    0    0
    0    0    0    0    0    0    0    0    0    0    0    0    0    0
    0    0    0    0    0    0    0 4969]
---------
