---------
Problem: journal-set/X/X-n219-k73.vrp , Best known: 0
Time elapsed: 11.0302 secs Time per loop: 1.103 secs
---------
Stopped at generation 10, Best cost: 5567, from Generation: 1
---------
Best solution: [   1    0    0  171  199   26    0   36   44   99    0   98  145   94
    0   71  103  198    0   84   24  151    0  182   86  218    0  112
   76  205    0   56   21   53    0   17   88   38    0  194  188  179
    0  140  212  161    0  118   43   41    0  158   20  148    0  193
    1  181    0   68  154  207    0   11  109  138    0   10   96  172
    0  134  104  150    0   12   70   25    0   55  121  169    0  203
  197   47    0   45   27   80    0   74    9  180    0  213  211  105
    0  217   66  115    0  127  119  167    0   67   79  183    0   62
   97    5    0    3  162  202    0  210  216  130    0  111  184   81
    0  173    4  208    0  209  142  215    0   77  214   16    0   51
   78  116    0  107  186  132    0  139   34   69    0    8   14  176
    0  164  113   48    0  163   59  102    0  191   72  175    0   37
   73   92    0  204  122  192    0   63  153   29    0   83   82   30
    0  114   42  137    0   89   60  131    0   22  149  123    0   91
   39   15    0    2  133  174    0   19   64   33    0   50  166  155
    0  126   28  168    0  143   57   61    0  195  200  190    0  135
   13   93    0  117  187   32    0  101  106  136    0  189  124  128
    0  146  152  160    0   54   35  159    0  177  201  110    0   46
   90  196    0  108   87  157    0  170   58  147    0  206   95   85
    0  141  125  178    0  120   75   52    0  156   65    7    0  165
  144   18    0   40  100   31    0  185   49   23    0  129    6    0
    0    0    0    0    0    0    0    0    0    0    0    0    0    0
    0    0    0    0    0    0    0    0    0    0    0    0    0    0
    0    0    0    0    0    0    0 5567]
---------
