---------
Problem: journal-set/X/X-n219-k73.vrp , Best known: 0
Time elapsed: 9.8911 secs Time per loop: 0.9891 secs
---------
Stopped at generation 10, Best cost: 3433, from Generation: 1
---------
Best solution: [   1    0    0   59  198  149    0  191   55   45    0   44   49    5
    0    1  106   69    0   36   31   28    0   11   80  216    0   79
   86   61    0  112  183   87    0  110   98  120    0  123  129  135
    0  152  153  157    0  185  178  195    0  210  200   81    0   76
  203  161    0  125   41  111    0    4   12   70    0   10  169   38
    0   30  204  205    0  138   67   26    0  126   94  101    0   25
  174  158    0  159  179  196    0  139  122  194    0  218  121  193
    0  176  201   99    0   83   91  208    0  202  189   74    0   64
   97  187    0  184  182   82    0  188  160    6    0   96  177  170
    0   17  156  175    0  163    2  116    0  162  154  142    0  164
  148  181    0  192   46  206    0  146   85  166    0  147   22   58
    0   39  165  145    0  209  213  141    0  108  134   73    0  151
  104  131    0  113  130  100    0   43  118  107    0   92  133  103
    0   90   27   89    0  167   66  124    0   71   78    3    0    0
    0    0    0    0    0    0    0    0    0    0    0    0    0    0
    0    0    0    0    0    0    0    0    0    0    0    0    0    0
    0    0    0    0    0    0    0    0    0    0    0    0    0    0
    0    0    0    0    0    0    0    0    0    0    0    0    0    0
    0    0    0    0    0    0    0    0    0    0    0    0    0    0
    0    0    0    0    0    0    0    0    0    0    0    0    0    0
    0    0    0    0    0    0    0    0    0    0    0    0    0    0
    0    0    0    0    0    0    0    0    0    0    0    0    0    0
    0    0    0    0    0    0    0    0    0    0    0    0    0    0
    0    0    0    0    0    0    0 3433]
---------
