---------
Problem: journal-set/X/X-n219-k73.vrp , Best known: 0
Time elapsed: 10.1717 secs Time per loop: 1.0172 secs
---------
Stopped at generation 10, Best cost: 5007, from Generation: 1
---------
Best solution: [   1    0  176    9    0   79   94  184    0   97  109  173    0  160
   26  188    0    3   70   93    0  180  118  190    0  155   48  150
    0  115   35  183    0  121   28   17    0  169  199  204    0  111
  208  114    0  212  213  143    0  206  151   62    0   43   23  158
    0   42   80  205    0  165  201  139    0   74  174   77    0  102
   69  171    0  131  179  181    0  120  186  133    0  187  145  191
    0  127  164  185    0   64  144  200    0   81  192   61    0  198
   10  194    0  137   57  193    0   41   51  157    0   40  209  156
    0   38  159  153    0  107  141  147    0  172   67  110    0   36
   22  148    0  152  140  132    0   13    7  116    0  135  130   12
    0  138  103  125    0   88  129  122    0   37   96  128    0   98
   72   53    0   84   60  177    0   15    2  100    0   31  134  106
    0   18  218  175    0  104  195  105    0  113   19   33    0  108
  215  119    0  117   55  196    0  207  216  123    0    6  163   92
    0  189   89   91    0   75  170  210    0   45  161   71    0   47
   59  178    0  149   49  101    0  136   52  166    0    1  197  112
    0  211   56   83    0   99  142   54    0   87   66   32    0   78
   58   95    0  162   20  217    0  167   14   76    0  124   50   39
    0   90   63  203    0   65   85   16    0  146   21   73    0  182
   29   34    0  202   27   30    0   44   24    4    0   11  126    8
    0   46  214    5    0   82   86   68    0  168  154   25    0    0
    0    0    0    0    0    0    0    0    0    0    0    0    0    0
    0    0    0    0    0    0    0    0    0    0    0    0    0    0
    0    0    0    0    0    0    0 5007]
---------
