---------
Problem: journal-set/X/X-n219-k73.vrp , Best known: 0
Time elapsed: 10.9884 secs Time per loop: 1.0988 secs
---------
Stopped at generation 10, Best cost: 187926, from Generation: 1
---------
Best solution: [     1      0      4      0    172     44     77      0     95     18
     31      0     33     55     32      0    116     13     54      0
     23      6     39      0    176     87    109      0      3    102
    205      0     82     86    110      0     29     99    185      0
    129     42     68      0    147    101     73      0     97      1
    167      0    128     69    200      0    124    164    106      0
     16    177    179      0    138     47    188      0     75    135
    202      0     26    187    158      0    140    189    210      0
    169     59    201      0    137     28    203      0     74     20
    159      0     83    186    152      0    191     76     53      0
     72    144    211      0    100    104    161      0     36    103
    184      0     88    156     25      0    165    198     17      0
     30    108    218      0    120     49    105      0    127    214
     90      0    174    182    213      0    142    121    193      0
      5    145     15      0    146    157    139      0    125      8
    207      0    160    113     89      0     61    132    115      0
    196    168      7      0    136     41      9      0    208     81
     35      0     22    199    143      0    162     63     14      0
    217     12     78      0     64    204    192      0     71    171
    195      0    112     96     58      0    111     10    194      0
    153     11    154      0     37    141     98      0     43     80
    173      0     21     94     56      0    149     19    190      0
    117     24    215      0    180     62     93      0    122     84
    107      0     51     66    134      0    131    118    114      0
     52    133    178      0    166    212     57      0    170     65
    155      0     50     60     79      0    197    151     40      0
    181     91      2      0     45    163    148      0    123    216
    119      0     38     48    183      0     46    130     92      0
     34    126     67      0     85     27    206      0     70    209
    150      0    175      0      0      0      0      0      0      0
      0      0      0      0      0      0      0      0      0      0
      0      0      0      0      0      0      0      0      0      0
      0      0      0      0      0      0      0      0      0 187926]
---------
