---------
Problem: journal-set/X/X-n219-k73.vrp , Best known: 0
Time elapsed: 10.1815 secs Time per loop: 1.0181 secs
---------
Stopped at generation 10, Best cost: 1339, from Generation: 1
---------
Best solution: [   1    0    0    7   16    9    0    0   25   29   28    0   43   39
    0    0    0   37    0    0    0    0    0  138    0    0  127    0
  143    0    0  217    0   57   34  188    0   83   84  176    0   17
  186  174    0  134    0  140  179  162    0  106   45   59    0   74
  175  181    0  170  199   60    0  192  137  190    0  183  178   49
    0    2   92   87    0  155  147  157    0  148  120  173    0  191
  218  209    0    0    0    0    0    0    0    0    0    0    0    0
    0    0    0    0    0    0    0    0    0    0    0    0    0    0
    0    0    0    0    0    0    0    0    0    0    0    0    0    0
    0    0    0    0    0    0    0    0    0    0    0    0    0    0
    0    0    0    0    0    0    0    0    0    0    0    0    0    0
    0    0    0    0    0    0    0    0    0    0    0    0    0    0
    0    0    0    0    0    0    0    0    0    0    0    0    0    0
    0    0    0    0    0    0    0    0    0    0    0    0    0    0
    0    0    0    0    0    0    0    0    0    0    0    0    0    0
    0    0    0    0    0    0    0    0    0    0    0    0    0    0
    0    0    0    0    0    0    0    0    0    0    0    0    0    0
    0    0    0    0    0    0    0    0    0    0    0    0    0    0
    0    0    0    0    0    0    0    0    0    0    0    0    0    0
    0    0    0    0    0    0    0    0    0    0    0    0    0    0
    0    0    0    0    0    0    0    0    0    0    0    0    0    0
    0    0    0    0    0    0    0    0    0    0    0    0    0    0
    0    0    0    0    0    0    0    0    0    0    0    0    0    0
    0    0    0    0    0    0    0 1339]
---------
