---------
Problem: journal-set/X/X-n219-k73.vrp , Best known: 0
Time elapsed: 9.8352 secs Time per loop: 0.9835 secs
---------
Stopped at generation 10, Best cost: 3383, from Generation: 1
---------
Best solution: [   1    0    0   92   64    1    0  193   50   82    0   72    8  187
    0   90   54   77    0   65  162  132    0   91   63  104    0  108
  105  148    0  158  168  172    0  194  182  212    0   62  215   85
    0   71  195  201    0   18  128   25    0  206   73  203    0  217
   59  167    0  173   17  120    0   78  170  202    0   61   10   21
    0  204  175   15    0   96   16  180    0  205   40  183    0  178
  184  113    0  216  208   51    0  117  197   11    0   22   38  116
    0  156   94   39    0  188  199  200    0  160  121  103    0  164
    7  218    0   45  126  165    0  127   75  166    0   81   20   33
    0    5  210  214    0   31  213  198    0   46  101   88    0  181
  186  146    0   93   30  115    0  176  155   69    0   34  123  125
    0    9  119    2    0  112   89  144    0  189  207  100    0   98
   86   42    0  154  163  177    0  190   87   66    0   74  196  135
    0  122  192  191    0    0    0    0    0    0    0    0    0    0
    0    0    0    0    0    0    0    0    0    0    0    0    0    0
    0    0    0    0    0    0    0    0    0    0    0    0    0    0
    0    0    0    0    0    0    0    0    0    0    0    0    0    0
    0    0    0    0    0    0    0    0    0    0    0    0    0    0
    0    0    0    0    0    0    0    0    0    0    0    0    0    0
    0    0    0    0    0    0    0    0    0    0    0    0    0    0
    0    0    0    0    0    0    0    0    0    0    0    0    0    0
    0    0    0    0    0    0    0    0    0    0    0    0    0    0
    0    0    0    0    0    0    0    0    0    0    0    0    0    0
    0    0    0    0    0    0    0 3383]
---------
