---------
Problem: journal-set/X/X-n219-k73.vrp , Best known: 0
Time elapsed: 3784.4308 secs Time per loop: 0.0757 secs
---------
Stopped at generation 50000, Best cost: 118360, from Generation: 50000
---------
Best solution: [ 50000      0     79    135    121      0     47    123    170      0
    172    165    153      0    215      8    119      0     18     78
     99      0    195    199    182      0     50    103    216      0
    148    144    161      0     29     23    154      0    194     82
     98      0    184     73    174      0     63     42     44      0
     28    100    126      0    162     85    147      0     20    209
     41      0    108    179    189      0    142    163    101      0
    183    138    131      0    213     19    187      0    129     21
    203      0     48     34      7      0    141     24    117      0
     17    104    118      0    157     32     39      0    110    107
    192      0    205    137     74      0    105     68    143      0
     72     65      2      0    139    125    155      0     67     35
    106      0    171     58    156      0    177     77    149      0
     38    136     69      0    124    164    193      0     55     54
    151      0     83    116     71      0    152     31    217      0
     33    200    212      0     11     14     80      0    120    196
    158      0     12     70     25      0    206     60    140      0
    211     91    134      0     15     40    150      0     89     59
    168      0    188    132     62      0     94    186    145      0
     13    218     56      0     57     22    102      0     66     81
     75      0     16    114    167      0    111     45     10      0
     27    122     26      0     97     64     51      0      6    202
    214      0    207    201    210      0     93      3    112      0
     88     36     76      0      9      5    176      0    133     43
    169      0     49     86    197      0     46     84    109      0
    160    204    113      0    146    173     30      0     53     96
    128      0      4    191    180      0    159    175     37      0
    115    127     87      0      1     90    208      0    190    178
    181      0    198    130     92      0     95     52     61      0
    185    166      0      0      0      0      0      0      0      0
      0      0      0      0      0      0      0      0      0      0
      0      0      0      0      0      0      0      0      0      0
      0      0      0      0      0      0      0      0      0 118360]
---------
