---------
Problem: journal-set/X/X-n219-k73.vrp , Best known: 0
Time elapsed: 9.9247 secs Time per loop: 0.9925 secs
---------
Stopped at generation 10, Best cost: 4820, from Generation: 1
---------
Best solution: [   1    0    0  202  140   35    0    5   13   33    0   14   80   73
    0    4   28    7    0  131  210   21    0  137   24  120    0    9
   29    1    0   45   27   26    0   46   82   23    0   30   36   37
    0   10   50   19    0  182   11   40    0   61  123  130    0   47
   63   22    0   41  212  162    0   71   42   58    0   31   25  176
    0   91   96  169    0   32  103  166    0  148   94  129    0   57
   15   86    0  127   56   48    0   70  128   53    0  122   90  121
    0   97   76  205    0   95  214   60    0   85   87   67    0  118
   68  111    0   83   64  199    0  138   79   49    0  125  132   62
    0  108   74  134    0   59   77  189    0  167  142   81    0  179
  150   99    0   78   72  145    0   54  168  102    0   88  164  124
    0  147  160   98    0  104  101  157    0  106    8   17    0  152
   84  107    0  110  171   92    0  109   55  177    0  201  119  100
    0   44  184  143    0  191   52  139    0  117  153  200    0  196
  126  113    0  155  197   38    0   69  207  180    0  116  144  213
    0  186   43  154    0   39  206  112    0    3  217  172    0   65
  161  163    0  193  115  188    0  183  181  141    0   89  187  203
    0  192   75  105    0  218  198  209    0  133  149  170    0  175
  174  215    0  173  136  208    0  190  178  194    0  216  204  114
    0   66  211  146    0   93  185    0    0    0    0    0    0    0
    0    0    0    0    0    0    0    0    0    0    0    0    0    0
    0    0    0    0    0    0    0    0    0    0    0    0    0    0
    0    0    0    0    0    0    0    0    0    0    0    0    0    0
    0    0    0    0    0    0    0 4820]
---------
