---------
Problem: journal-set/X/X-n219-k73.vrp , Best known: 0
Time elapsed: 12.6045 secs Time per loop: 1.2605 secs
---------
Stopped at generation 10, Best cost: 188695, from Generation: 1
---------
Best solution: [     1      0      0     46    148     11      0      9     28     35
      0     25     12    196      0    115     21     44      0     53
     31     41      0    134     59    183      0    117     49    133
      0     30    189    166      0    110    124     87      0    200
    100    158      0     98    217    152      0     70    102    174
      0    147    181     13      0    107    214    120      0    169
    140     66      0    123    105     50      0     48    194     39
      0    162     16     61      0    129    145     92      0    142
    143     45      0    126    151    121      0     20     57    128
      0    210    182     40      0    165    156    161      0    176
     24    205      0      3    209     79      0     33    109    188
      0     71     47    149      0    207    164    180      0    159
    178    190      0     97      1    193      0    179    163      6
      0    106     80      7      0    201    114    157      0    172
    215     10      0    155      2     82      0     85    170    191
      0     83    132      5      0    160    177     17      0     91
    218     18      0    146    167    208      0     34     65    213
      0    127     84     27      0    198     42    131      0     58
    212    203      0    184     37     93      0     81    206    185
      0     72    187    204      0      4    168     96      0    171
    202    173      0     68    186     76      0    137    150    153
      0    122    216    125      0    116    211    138      0    144
     69     15      0    141    111    108      0    119     56    112
      0    199    103    101      0     43     94     54      0    130
    104    175      0     88     89     95      0     86    118     36
      0     78    136    135      0     74     77     75      0    139
     63     62      0     29     73     32      0    197     67     90
      0     38     23     99      0     51     64     55      0    154
    195     26      0     14     19      8      0     22     60    113
      0     52    192      0      0      0      0      0      0      0
      0      0      0      0      0      0      0      0      0      0
      0      0      0      0      0      0      0      0      0      0
      0      0      0      0      0      0      0      0      0 188695]
---------
