---------
Problem: journal-set/X/X-n219-k73.vrp , Best known: 0
Time elapsed: 14.5802 secs Time per loop: 1.458 secs
---------
Stopped at generation 10, Best cost: 159955, from Generation: 1
---------
Best solution: [     1      0    110    166      0     53    165     71      0     12
     15     11      0     44    117     67      0     50      8     18
      0    159     38      7      0     16      6     47      0     97
    135      4      0    122    133     34      0     46     98      3
      0      2    170    109      0    113     81      1      0    218
    154     65      0     90     79    183      0     57    168    173
      0    171    212    175      0     41    141    180      0    164
    177    185      0     42    184    207      0    189     24    208
      0     56    140    202      0    138    211    156      0    193
     68    203      0    116    150    182      0     88    153    181
      0    172     70    149      0    125     91     40      0    101
    105    146      0     87    124     13      0    196    192      9
      0    179     69     37      0     59    160     27      0    214
    121    145      0     36    147    162      0      5    169    163
      0    120     10    194      0     21    195     14      0    151
    100    139      0    213     29     23      0     33    107     30
      0     73     32     61      0     22    134     35      0     19
    187    129      0     43    148    205      0    167     45     74
      0    186    216     51      0     55     60     52      0     39
     26    123      0    198     54    132      0     86    215    158
      0    127     64     76      0     80    199    157      0    143
     82    188      0     84     77     85      0     89     96     83
      0    209    119    176      0     48     20     93      0    174
     94    197      0     17     28    128      0    102    161    155
      0     92    103     75      0    190    210     95      0    200
    104    106      0    111     63     49      0    114    204     62
      0     31    217    115      0    201     58     99      0    108
    126    118      0    191     66    206      0    131    178     78
      0    152    136    137      0    142     72     25      0    112
    144    130      0      0      0      0      0      0      0      0
      0      0      0      0      0      0      0      0      0      0
      0      0      0      0      0      0      0      0      0      0
      0      0      0      0      0      0      0      0      0 159955]
---------
