---------
Problem: journal-set/X/X-n219-k73.vrp , Best known: 0
Time elapsed: 9.7913 secs Time per loop: 0.9791 secs
---------
Stopped at generation 10, Best cost: 3216, from Generation: 1
---------
Best solution: [   1    0   17  120    0  128  125  138    0  131    5    5    0    5
    5    5    0  147    6    5    0   30    5    5    0    5   91   48
    0  137    5    9    0    5    5    5    0    5    3   40    0   46
    5    5    0    5    5   58    0   10   47    5    0    5    5    5
    0    5    5    5    0    5    5   56    0    5   11   55    0   14
   72   57    0   16    7    2    0  142    5    5    0   19   26    5
    0   89   21    5    0    5   13   20    0   34    5    4    0   31
   50    5    0    5    5   18    0    5   22   50    0    5    5    5
    0   76   12    5    0    5    5   63    0   23   39    5    0    5
    5   32    0    5    5    5    0    5   28  198    0    5    5    5
    0    5  100   81    0    5    5    5    0    1  126    5    0    5
    5    5    0    5    5    5    0  201   27    5    0    5    5    5
    0    8    5    5    0    5    5    7    0    5    5    5    0    5
    5    5    0    5    5    5    0    5    5  208    0   73    5    5
    0   43    5    5    0    5    5    5    0    5    5  179    0    5
    5    5    0    5    5    5    0    5    5    5    0   71    5    5
    0    5    5    5    0    5    5    5    0  139    5    5    0    5
    5    5    0    5    5    5    0    5    5    5    0    5    5    5
    0  190    5    5    0    5    5    5    0    5    5  159    0    5
   15  196    0    5    5    5    0    5    5   45    0    5    5    5
    0    5    5    5    0    5    5    5    0    5    5    5    0    5
    5    5    0    5    5    5    0    5    5    5    0    5    5    5
    0    5    5    5    0   62    5    5    0    5    5    5    0    5
    5    5    0    5    5    5    0 3216]
---------
