---------
Problem: journal-set/X/X-n219-k73.vrp , Best known: 0
Time elapsed: 10.9802 secs Time per loop: 1.098 secs
---------
Stopped at generation 10, Best cost: 187107, from Generation: 1
---------
Best solution: [     1      0      0    178    134    194      0      2     11     14
      0     15     19     32      0    144    121     47      0    142
     33     12      0      6     24     77      0      7     28     23
      0    203    186      8      0    207     20     70      0     40
     42     17      0     10     34     25      0     69     94     55
      0     53     38     72      0      5     26    107      0     64
     76     71      0     57     54     85      0     22     67     16
      0     65    105     44      0    116    182     43      0     61
     51    115      0     62     63     37      0    111     59    148
      0    120    187     80      0    149     68    126      0     30
     78     83      0    184    143     45      0    162     82     86
      0     48     89    170      0     97     79     35      0    125
    174     81      0     90    177    169      0     75    113    189
      0     87     92    168      0    185     93     39      0    201
    157     95      0     88    217    209      0    180     56    101
      0    216     91    210      0    205    117    208      0    211
    213    212      0    191    179    192      0    198    199    195
      0    214    202    206      0     98    215    156      0    183
    188    147      0    190    171    161      0    165    175    159
      0    166    173    139      0    164      1     66      0    160
    163    153      0     18    200    151      0    181    158     58
      0     21    145     73      0    155     13     74      0    132
    154    129      0    131    152    136      0    123    197    196
      0     46     27    122      0    137     49    135      0      4
    130     84      0    124    140    138      0     52     36    114
      0    127    204    109      0     41    118    150      0    112
     96    128      0      9    110    108      0    119     31     99
      0      3     50     60      0    146    106    103      0    141
    133    104      0     29    172    102      0    100    167    193
      0    176    218      0      0      0      0      0      0      0
      0      0      0      0      0      0      0      0      0      0
      0      0      0      0      0      0      0      0      0      0
      0      0      0      0      0      0      0      0      0 187107]
---------
