---------
Problem: journal-set/X/X-n219-k73.vrp , Best known: 0
Time elapsed: 13.9451 secs Time per loop: 1.3945 secs
---------
Stopped at generation 10, Best cost: 5029, from Generation: 1
---------
Best solution: [   1    0  177   19   80    0  139   69  102    0   12   41   59    0
  104   14   55    0   72  212  159    0  209   58  187    0  186  101
  167    0  114  184  153    0   65   28  163    0  181  207  183    0
  113   60  111    0   96  136  109    0  118   63   46    0  201  174
   73    0   27  121   90    0  133  189  157    0  116   44  129    0
  179   47  171    0  211  117  106    0  208  195  203    0  192  202
  193    0   94   33  169    0   56  162  166    0  214  197  161    0
  149  198  155    0  205  148   85    0  145  143  142    0   25  126
   21    0    7   92  138    0    3  135  191    0  170  125  147    0
  178   17  150    0  123  120  122    0  119  130  175    0  160  132
   99    0  127  100  128    0   95   18   70    0  131  134   88    0
  172   15   86    0   23   37  165    0   66   84   71    0  112   83
  206    0   81   49    5    0    8  156  217    0   79  115   87    0
   78   89   64    0  164   75   76    0  168  182   67    0   74   24
  146    0   34   68  173    0  188  107   53    0   77   54   29    0
  190   48  180    0  158   43   22    0  124   51  154    0   42   50
  151    0  137   40  144    0   38   57   97    0  199  103  141    0
   52   32   61    0  200   11  216    0   20   91   30    0  215   45
   10    0   16   82  210    0  110  194  213    0  185   13  218    0
  105   35  204    0    1    9   93    0   26  140   39    0    6   98
  196    0   62   31   36    0  152    2    4    0  176  108    0    0
    0    0    0    0    0    0    0    0    0    0    0    0    0    0
    0    0    0    0    0    0    0    0    0    0    0    0    0    0
    0    0    0    0    0    0    0 5029]
---------
