---------
Problem: journal-set/X/X-n219-k73.vrp , Best known: 0
Time elapsed: 11.2793 secs Time per loop: 1.1279 secs
---------
Stopped at generation 10, Best cost: 5016, from Generation: 1
---------
Best solution: [   1    0   30    0   68  186   21    0    4    7    2    0    5   38
  150    0   27   10   18    0   87   90   34    0   32   22   25    0
    6   35   45    0   64  171   70    0   58   55  101    0  207   29
   11    0  191  153   31    0  162  188   95    0   15   69  209    0
   20   91  179    0   98   42  217    0   52  137   16    0  195   28
  106    0  169   65   37    0   13  215   54    0   74   76   83    0
  204   63   56    0   67   92  112    0  132  110  182    0   78  140
   79    0   88   43  194    0  104  187  105    0   36   57  178    0
   40  107  138    0  167  142  143    0   41  218  146    0  147   33
  148    0  174  152  175    0  180  168   44    0  136  126  184    0
   93  133   47    0  185  128  190    0  193  160  196    0   53  200
  212    0   60   94   50    0   99  113  214    0  165  144  117    0
  199  120   85    0  197  135  164    0   49   82  183    0  161   14
   23    0   80   19  139    0  163   51  124    0  122  121  118    0
   73  114  115    0  111   26  192    0  108  109   81    0  102  103
  213    0   89  100   86    0  151   77   84    0   75  208    1    0
   71  155   62    0   61  129    9    0   48   59  201    0  116  125
  123    0  131  170  145    0  157  149   66    0  206  216  181    0
  189  156  130    0  203  202   39    0  205  211  166    0  173    3
  141    0  127   24  158    0   46  177  210    0   96   72  198    0
    8   17   12    0  172  159  154    0  176   97  134    0  119    0
    0    0    0    0    0    0    0    0    0    0    0    0    0    0
    0    0    0    0    0    0    0    0    0    0    0    0    0    0
    0    0    0    0    0    0    0 5016]
---------
