---------
Problem: journal-set/X/X-n219-k73.vrp , Best known: 0
Time elapsed: 10.0492 secs Time per loop: 1.0049 secs
---------
Stopped at generation 10, Best cost: 1558, from Generation: 1
---------
Best solution: [   1    0    0   34   63   98    0  155   21  139    0  207    0   96
   20  154    0   32  112  128    0   13   46   51    0  192  166    0
   48  197   84    0   86   59  218    0   83    0    0  122    0   85
    0    0    0  100    0    0    0    0    0    0    0    0    0    0
  205    0  147   69  170    0   62   78  210    0  107  114  109    0
  175  159  214    0   61  194   74    0  102   15  201    0  208  203
  196    0  176  163  124    0  131   42   71    0  190  133   54    0
  111  145  117    0  110    0    0    0    0    0    0    0    0    0
    0    0    0    0    0    0    0    0    0    0    0    0    0    0
    0    0    0    0    0    0    0    0    0    0    0    0    0    0
    0    0    0    0    0    0    0    0    0    0    0    0    0    0
    0    0    0    0    0    0    0    0    0    0    0    0    0    0
    0    0    0    0    0    0    0    0    0    0    0    0    0    0
    0    0    0    0    0    0    0    0    0    0    0    0    0    0
    0    0    0    0    0    0    0    0    0    0    0    0    0    0
    0    0    0    0    0    0    0    0    0    0    0    0    0    0
    0    0    0    0    0    0    0    0    0    0    0    0    0    0
    0    0    0    0    0    0    0    0    0    0    0    0    0    0
    0    0    0    0    0    0    0    0    0    0    0    0    0    0
    0    0    0    0    0    0    0    0    0    0    0    0    0    0
    0    0    0    0    0    0    0    0    0    0    0    0    0    0
    0    0    0    0    0    0    0    0    0    0    0    0    0    0
    0    0    0    0    0    0    0    0    0    0    0    0    0    0
    0    0    0    0    0    0    0 1558]
---------
