---------
Problem: journal-set/X/X-n219-k73.vrp , Best known: 0
Time elapsed: 13.8713 secs Time per loop: 1.3871 secs
---------
Stopped at generation 10, Best cost: 5004, from Generation: 1
---------
Best solution: [   1    0  178   65  129    0  172  108  183    0    4   88    1    0
    8   23  181    0   15   29   17    0  195  101   87    0  218   21
  149    0  169   28   68    0  197   67   35    0  158  216   37    0
   36   49   60    0  157   41  137    0  167  117   54    0  135   42
  187    0  193   55  164    0   56   48   61    0  139  133   59    0
  194   45  204    0   97   73   53    0  112  104  201    0  111  109
  110    0   92   72   70    0  115   79   24    0  122  118  120    0
    7  203  127    0  179  199  136    0   26  140   75    0  190  153
  154    0   76  156  166    0  210  211  171    0  175    2  100    0
   95  177    6    0  192  196  123    0  159   14  208    0   25  212
   20    0  131  150  128    0    3   89   84    0  209   33  213    0
  198   10   51    0  138  147   30    0  155  144  162    0  132   98
   32    0  191  148  200    0  126  186  142    0   80  182  146    0
   47   82   46    0  106  202  160    0  163  151   83    0   94  145
  206    0   27  161   93    0   77  130  116    0  207   22   96    0
   62   64  124    0   85  168   58    0  185  102  143    0  103  105
  184    0    5  113   44    0  165   69   57    0   78   31   34    0
   91  152   38    0  188   81   90    0  107   19  217    0  205   52
    9    0   13  174   63    0  180   74   40    0   18   43  134    0
  170  119   50    0  176  114  125    0  173   16  214    0  189   11
  215    0   71   99   12    0   39   66  121    0   86  141    0    0
    0    0    0    0    0    0    0    0    0    0    0    0    0    0
    0    0    0    0    0    0    0    0    0    0    0    0    0    0
    0    0    0    0    0    0    0 5004]
---------
