---------
Problem: journal-set/X/X-n219-k73.vrp , Best known: 0
Time elapsed: 11.1112 secs Time per loop: 1.1111 secs
---------
Stopped at generation 10, Best cost: 160313, from Generation: 1
---------
Best solution: [     1      0     78    108     95      0    118    140     35      0
    139    198     45      0     88    136    156      0    137    144
    182      0     16    158    128      0    116     98     77      0
    203     82    177      0     75     81     33      0     60    199
    111      0    213     29     34      0     63     28     55      0
     57    212     59      0     20    209    181      0     51    208
    179      0    194    202    191      0    185    178    183      0
    175    173    166      0     64    160     43      0    164    204
    122      0    150     72     89      0    120     21    155      0
     68    216    113      0    206     49     13      0    218     23
    211      0    157    193      5      0    135    217    148      0
     11    163    127      0    151     10    170      0     38     37
     25      0     90    174     14      0    153     15      6      0
     53    152    168      0     18    131     30      0    143    186
    184      0    207     58     36      0      2    196     67      0
     17     44     52      0    107     99    190      0     66    215
     65      0    172     40     93      0     62     24     32      0
    119    134     71      0     41     70     76      0    121     79
    114      0    141      7     83      0    103     94    201      0
    133    200     22      0     92     73      1      0     19    145
      4      0    132     84    210      0     91    102    205      0
    187    105     61      0    147     12    112      0    165    101
    188      0     85     48    159      0     97    109    146      0
    129    126    149      0     96    100    138      0    104     27
     26      0    167    110    142      0    161    171     31      0
    115     46      3      0    117     86    162      0    154    195
    125      0    130     54      9      0     42     80    169      0
    189     47    176      0     39     87      8      0     56    123
    192      0    180    197     50      0    124    106    214      0
     69     74      0      0      0      0      0      0      0      0
      0      0      0      0      0      0      0      0      0      0
      0      0      0      0      0      0      0      0      0      0
      0      0      0      0      0      0      0      0      0 160313]
---------
