---------
Problem: journal-set/X/X-n219-k73.vrp , Best known: 0
Time elapsed: 11.4658 secs Time per loop: 1.1466 secs
---------
Stopped at generation 10, Best cost: 184449, from Generation: 1
---------
Best solution: [     1      0    170     25    128      0     19    154    172      0
     20     31     22      0     21    126     13      0     17     14
     15      0     27     23     20      0     16    151     67      0
     35     12     40      0     21      7     18      0     15      8
      5      0      3     12     41      0     18     11      4      0
    194    213      1      0    115     16      2      0     10      2
     14      0      9    215     84      0      3     50     26      0
      6     54     42      0      4     34     10      0    161     28
      9      0      1     46     33      0    216     11     38      0
     99     24     98      0     30    177     52      0    123     45
     32      0    168     39     51      0     29     96    175      0
     47     44    103      0     37     58     43      0     37    104
    163      0    167     36     59      0     56     55    100      0
     26     86     48      0     57     53     88      0     30     49
     95      0     64     83     56      0     91     43     68      0
     74     72     48      0     47     63     73      0     71     65
     36      0    109     57     70      0     66     49     69      0
     61    193     62      0     53     76     76      0     79    135
     75      0     97     81    121      0     82     77     87      0
    139     78     93      0     75     92    150      0     85     89
     90      0     64     94    117      0    145     94    113      0
    149    159    156      0    146    107     89      0    106    105
     93      0    110    118    102      0    107    114    101      0
    112    116    113      0    108    111    112      0    119    110
    124      0    125    129    190      0    137    130    134      0
    108    122    127      0     77    119    131      0    147    120
    196      0    127    136    122      0     32    132    125      0
    141    214    140      0    178    143    133      0    176    142
    142      0    138     85    138      0    155     63    153      0
    162    158    152      0     78    164    160      0    148    144
    166      0    173    148    165      0    155    169    165      0
    166    157    174      0    171    184    180      0     69    179
    188      0    181    187     81      0    191    185      0 184449]
---------
