---------
Problem: journal-set/X/X-n219-k73.vrp , Best known: 0
Time elapsed: 14.162 secs Time per loop: 1.4162 secs
---------
Stopped at generation 10, Best cost: 4997, from Generation: 1
---------
Best solution: [   1    0  149   69   20    0   32  173  185    0   92   50  141    0
   86   42  179    0  212  216   55    0  145  163    6    0   62  188
  176    0  139  120  190    0   39  143  154    0   27  158   31    0
   96  153   44    0  164  140  126    0   16  125    9    0  131  217
  193    0  183  122  127    0  109  197   90    0  105  186  178    0
  196  113   81    0  152   70   59    0    3   13   63    0  136  194
   77    0  108   54  101    0   85   40   36    0  214  121    1    0
    5   21  150    0  123   19  156    0  167  177  142    0  128   43
  103    0  205   94   60    0   18   82  107    0  116   95   30    0
   87   75  201    0   91   80   33    0  218   41   12    0   65   14
  203    0   72  159   83    0  124   71  146    0   99  174  147    0
  155   15   37    0  157  106  118    0  181   58  162    0  169  175
  172    0  187  182  184    0   10  189   61    0  208  202   98    0
   45   23  134    0  129   17   29    0   34  133  215    0   49  207
   74    0  111  119   97    0   84   67   66    0   56   48   76    0
  200  148    4    0   28    8  191    0   47  130   25    0   46   79
  206    0  171  144  161    0   78  170   52    0  102   22  198    0
  195  151   64    0   93  137  160    0   88   57  114    0    2   38
   53    0   26   11  211    0  115   35  209    0  104   24  110    0
    7  168  165    0   51  192  117    0  138  132  213    0  112  204
   68    0  210  100  199    0  135   73   89    0  180  166    0    0
    0    0    0    0    0    0    0    0    0    0    0    0    0    0
    0    0    0    0    0    0    0    0    0    0    0    0    0    0
    0    0    0    0    0    0    0 4997]
---------
