---------
Problem: journal-set/X/X-n219-k73.vrp , Best known: 0
Time elapsed: 11.1726 secs Time per loop: 1.1173 secs
---------
Stopped at generation 10, Best cost: 164286, from Generation: 1
---------
Best solution: [     1      0    104     16      0    204    142    100      0     32
     19     80      0     49     15     92      0     33     94     10
      0    101    206     90      0    112      3     77      0     55
    119    123      0    153     34     42      0    124     26    125
      0     99     53    172      0     61     38     31      0     46
    105    187      0     93    164     97      0      7    208      4
      0    159     57     70      0    213    195    136      0    170
     82    132      0    102    135      5      0     56     12      8
      0    191     14    137      0     71     45     27      0     30
    155    152      0     79    202    184      0    193    151     73
      0     78     20     75      0    218    162     51      0    183
     29     58      0    211    175     37      0     43     28    129
      0    146    199    182      0    180    117     86      0     63
    103      1      0    118     17    131      0    113     47    156
      0    134    165    116      0    121    174    150      0    190
     23     54      0     65    149     95      0     76     22     39
      0     87    207    217      0    215    216    141      0    176
    154     13      0    210    186    109      0    188     59    201
      0     67     68    198      0    158    133     18      0    197
    140     52      0    181    130     64      0     44    203    169
      0     85     81     66      0    177     50     98      0     41
    168    189      0    205    144    167      0    171     11    194
      0    161    145    126      0     36    139    147      0    143
     60    157      0    148     24    127      0    120    196    163
      0    160    106    122      0     62    111    138      0     25
     21    178      0    115    110    192      0    107    108     96
      0     40    200     84      0    185     69    179      0     89
      6    214      0    212    128     88      0     91      2     83
      0    166      9    173      0     48     72    114      0     74
    209     35      0      0      0      0      0      0      0      0
      0      0      0      0      0      0      0      0      0      0
      0      0      0      0      0      0      0      0      0      0
      0      0      0      0      0      0      0      0      0 164286]
---------
