---------
Problem: journal-set/X/X-n219-k73.vrp , Best known: 0
Time elapsed: 10.281 secs Time per loop: 1.0281 secs
---------
Stopped at generation 10, Best cost: 4962, from Generation: 1
---------
Best solution: [   1    0    6  177   98    0   77   60  142    0   20   33   37    0
   25  102    5    0    3  153   17    0  200   11   23    0   36   22
   57    0    9   38  132    0  183   13   26    0  211  182  199    0
   18  198  180    0  169   40  112    0  145    8  188    0  121  179
  190    0  172  175   31    0  171  130  168    0  103   55  164    0
   70  105  173    0  159  144    7    0  147  148  178    0  196   73
  140    0  136  104  138    0  137  150  217    0  133   49  141    0
   83  134  127    0  160  158  209    0  123  204  124    0  128  152
   19    0  126  197  202    0  115  129   12    0   24   86  117    0
  194   63   97    0   53   96  203    0  135   91  116    0  201   89
  207    0  189  151  176    0  108  162   85    0   84  106  149    0
  208   81   45    0  125  216   79    0  114   67  110    0  143   68
  119    0   58   65   92    0  113   35  101    0   32   62   76    0
  131  107   71    0   88  184  120    0  191   61   93    0  193   82
   78    0  122   75   64    0  214   66   39    0  205  210   16    0
  213  195  187    0   80   72   41    0  155  161   54    0  154  111
  139    0   52   99   74    0   46   44  166    0   42   50  163    0
  215   27   51    0   29   10    1    0  170   28  157    0    4   21
   30    0   14   34   56    0  109    2  185    0   69  212  218    0
  100   94  146    0  167   47  181    0  186   43   48    0  206  118
   59    0  165   15  156    0   87  174  192    0   95   90    0    0
    0    0    0    0    0    0    0    0    0    0    0    0    0    0
    0    0    0    0    0    0    0    0    0    0    0    0    0    0
    0    0    0    0    0    0    0 4962]
---------
