---------
Problem: journal-set/X/X-n219-k73.vrp , Best known: 0
Time elapsed: 13.6453 secs Time per loop: 1.3645 secs
---------
Stopped at generation 10, Best cost: 188653, from Generation: 1
---------
Best solution: [     1      0    114    202     79      0     92     11    215      0
    173    164      1      0     41    172     15      0    192      2
    212      0      4     52      5      0     17    154    128      0
     18      8    124      0    187     84      9      0     20     10
     39      0     56     38    118      0     87    170    213      0
     81      7     99      0     76     54     66      0    134    194
     67      0    132     75    135      0     71    214     69      0
     88     31    217      0    165    150    144      0     30    137
     83      0    112     70     12      0    116     74    131      0
    139     29    161      0    121    206    123      0     47    120
    218      0    200    182    119      0    197     82    155      0
    180    111     34      0    176    177    167      0    105    145
    104      0    143    142    141      0    125    211     86      0
    117    100    199      0    181    110     95      0     94     90
     16      0     65    148     22      0    109    106    130      0
      6    126    147      0     43     19     27      0    196    201
    210      0     21     46    208      0    149     50    183      0
    216     24     26      0     73    133      3      0    163    127
    193      0    203     28     78      0     33     14     35      0
     44     91     36      0     51     97    189      0    101     37
    102      0     45    174     89      0     23     42    107      0
     48    108     32      0    113     49     85      0    122     77
     53      0     96     62    146      0    152     55    191      0
     57     58    156      0     40     72    168      0    162    204
    157      0    205     59    166      0     60    140     61      0
    103    184    159      0    115     64    185      0     98     68
     63      0    160    186    138      0    151    158     13      0
    207    136    209      0     93     25    153      0    171     80
    169      0    178    129    198      0    190    195    188      0
    179    175      0      0      0      0      0      0      0      0
      0      0      0      0      0      0      0      0      0      0
      0      0      0      0      0      0      0      0      0      0
      0      0      0      0      0      0      0      0      0 188653]
---------
