---------
Problem: journal-set/X/X-n219-k73.vrp , Best known: 0
Time elapsed: 13.0131 secs Time per loop: 1.3013 secs
---------
Stopped at generation 10, Best cost: 5009, from Generation: 1
---------
Best solution: [   1    0  146   37   56    0  123  111   90    0   33  203   86    0
   68   40    3    0  141  129  134    0  119   58  150    0   49  151
   48    0  204  107   93    0  218   62  176    0  196   47  191    0
   89   14  181    0  174   72   38    0   70  175  210    0  133  184
   82    0  131   23  153    0  140   60  115    0  147  199  168    0
  200  169  166    0  105   73   31    0  118   21  170    0   44   63
   85    0  214   24    5    0  106    8   42    0  206  213    7    0
   75   66  114    0  205   43  139    0    1  101   45    0  162   84
  167    0  216  215  138    0   83   71  185    0  197   35   87    0
  158  110  188    0  155  207   96    0  202  186  194    0   19  195
  160    0  198  182  180    0   88  179   77    0  177  171  159    0
  164   18  137    0  163  148  152    0   92  145   54    0  117  142
   41    0   30  130  156    0   61  183   78    0   25   80  126    0
  189   98  124    0  122   67  121    0   97   81  108    0   99   20
  208    0  125   29   65    0  128   15  144    0  193   64    9    0
  103   55  113    0  209   53   74    0   59  100   51    0  178  211
  187    0  172  212  173    0   34  132   32    0  157   57  112    0
  136  154  149    0   10   94  120    0   76   22    2    0  109   79
  135    0   17  104   12    0  127   46   91    0   13  161  217    0
   27   50   36    0   11  192   52    0   39    6  201    0   28  143
   95    0    4   16   26    0   69  165  102    0  190  116    0    0
    0    0    0    0    0    0    0    0    0    0    0    0    0    0
    0    0    0    0    0    0    0    0    0    0    0    0    0    0
    0    0    0    0    0    0    0 5009]
---------
