---------
Problem: journal-set/X/X-n219-k73.vrp , Best known: 0
Time elapsed: 13.7272 secs Time per loop: 1.3727 secs
---------
Stopped at generation 10, Best cost: 4999, from Generation: 1
---------
Best solution: [   1    0  175  119  115    0   57   92    4    0   77   67   24    0
    2  100   87    0  178  136  153    0   76   15  102    0    7  171
   17    0  190   13   51    0    5  198  206    0  203   19  200    0
   31   22    1    0  122  117   45    0   30   12   74    0  164   48
   20    0   63   68   79    0  149  196   72    0   52   18  205    0
  105  211  116    0   54  197  106    0  195  145  186    0  173  154
  148    0  121  101  141    0  134  113  127    0  125  177  214    0
   81   60  184    0   58  212  169    0   62  162  183    0   36  156
   96    0   39  193    8    0  208  135   16    0   38   41  139    0
  210  209   80    0   44  215   47    0  123  216   11    0  112   99
   53    0  152  159   70    0  180  194   34    0   95  124   93    0
  110   33   78    0  213   21  188    0  167   26  147    0    9  189
   88    0   56  114   27    0    6   35  155    0   91  163   46    0
   75   84  109    0  131  130  170    0  218  202   90    0   25  168
  132    0  150   40  201    0   64  179  185    0  120   65   83    0
  142   23  137    0  151   59  128    0  176   28   71    0   37   89
  191    0  118  199   66    0   14  182  129    0  138  126   49    0
  165   94   86    0  140  143  104    0  161  111   85    0  207   32
   61    0  204   82  181    0  157  158  146    0  166   55   73    0
    3  107   97    0   29  187   50    0  192  144   69    0  172  217
  108    0  133   98  160    0   10   42  103    0  174   43    0    0
    0    0    0    0    0    0    0    0    0    0    0    0    0    0
    0    0    0    0    0    0    0    0    0    0    0    0    0    0
    0    0    0    0    0    0    0 4999]
---------
