---------
Problem: journal-set/X/X-n219-k73.vrp , Best known: 0
Time elapsed: 11.2509 secs Time per loop: 1.1251 secs
---------
Stopped at generation 10, Best cost: 162786, from Generation: 1
---------
Best solution: [     1      0      0    194    151    126      0     38      2     14
      0     82      8     10      0    183    100     19      0    116
     45     50      0     26     12     48      0      9    112      3
      0    144     33     37      0    218    156     43      0    142
    187    139      0    215     35      5      0     20    200     25
      0     83    102    133      0     97    216    181      0    161
    212     22      0    155    213    143      0    214    204    207
      0    210    211    202      0     98    201    131      0    195
    177    160      0    186    105    111      0    189    184    185
      0     92     16    176      0     13     89    107      0    171
     15    150      0    190     18    174      0    175    136    104
      0    152     58     34      0    165    169    162      0      7
    132    164      0     51     55    146      0    149    140     63
      0    145    199     91      0     64    135     30      0    134
     17    191      0     60    203     23      0     66    123    205
      0    138    129     78      0    125    124     61      0     41
     73    157      0    120     77    208      0    121    130     93
      0     87    127      4      0     36    172     75      0    109
    196    170      0    110    114     95      0     81      1    115
      0     54     94    168      0    106     99     56      0     90
     70     96      0    113    117     76      0     88    163     27
      0    154     80     86      0     42    209     40      0     11
    182     39      0     32     49    137      0    147    119     24
      0     29     52    180      0    101    103     57      0     21
    188    173      0    179    153     31      0     59    118     79
      0     84    198     74      0    128    217    108      0    192
     44     65      0     53     69     72      0    141     28    148
      0     68    197    193      0      6    206    158      0     62
     47     71      0    166    167    122      0     85     46     67
      0    178    159      0      0      0      0      0      0      0
      0      0      0      0      0      0      0      0      0      0
      0      0      0      0      0      0      0      0      0      0
      0      0      0      0      0      0      0      0      0 162786]
---------
