---------
Problem: journal-set/X/X-n219-k73.vrp , Best known: 0
Time elapsed: 11.7469 secs Time per loop: 1.1747 secs
---------
Stopped at generation 10, Best cost: 184594, from Generation: 1
---------
Best solution: [     1      0      0     83    158     70      0      4      9      3
      0     10    119     64      0    134      7     11      0    203
    161     12      0      5      8     28      0     74      2    127
      0     99    129     16      0    128     72     68      0     13
     20    150      0    137     19    188      0    145     31     22
      0    147    211     92      0    172     23     89      0     21
    201     13      0     17    100     14      0    160      6    193
      0     15    122    202      0    121     35    165      0     59
    196     27      0     43    183    146      0     29    200    148
      0     25    120     81      0    131     35     32      0     18
    217     24      0     52    189    118      0     78     58    144
      0    110     33     54      0    186     60    180      0     55
    142    175      0    102     48    174      0     82     90     51
      0    190    132    168      0     57     37     96      0     45
    133    169      0    185     56     41      0    167    114    177
      0     38    194     77      0      1     46    125      0     39
    215     44      0     46     86    109      0     61     57    156
      0     66    101     36      0    207    192     62      0    113
     63    198      0     67    152    159      0     80     73    216
      0     76    178     94      0     71     69     98      0     87
    171     37      0     91     15    136      0    176     39     95
      0     20     42      5      0     88      2    139      0     52
     84     45      0     85     23     65      0    187    104     93
      0    103     44     34      0    111    105    115      0    208
    116     76      0    108    213    117      0     88     94    143
      0    124     75     66      0    130    123     30      0    181
     38    135      0    162     91    218      0    210    141     26
      0    138    124     87      0    130    182    149      0    108
    107     32      0     24    153    153      0    116    155     85
      0    106     55    151      0    166     73    214      0    157
    164    191      0     53     16    170      0    195     63    157
      0    173      9    138      0    115    179    126      0    154
     11    197      0     50    197    117      0    199      0 184594]
---------
