---------
Problem: journal-set/X/X-n219-k73.vrp , Best known: 0
Time elapsed: 14.5923 secs Time per loop: 1.4592 secs
---------
Stopped at generation 10, Best cost: 39922, from Generation: 1
---------
Best solution: [    1     0   122    68    10     0   156   145   110     0     9     5
    39     0     7    29   169     0   195    33    43     0    53   182
   119     0    54   214     6     0   170    72   186     0    63    42
    73     0   175   150    46     0   208    81    35     0   128   102
    47     0   172    38   104     0   114    23   205     0    25    59
   158     0    64    80    70     0    31    14   188     0   197    82
    93     0   142   163   206     0   152    15   202     0   199   148
    18     0   113   154   137     0   126    11    37     0    20    58
   133     0    66    50     8     0    92   135   193     0    71    74
    86     0   174    62   166     0    77    24    75     0   216   103
   157     0   218   200   212     0   211   198     3     0   176   120
   196     0   168   118   106     0   192   100   187     0   204   184
   179     0   147   155   185     0    69   171   178     0    83   177
   173     0   164   160   109     0   144   167   115     0   131   123
   132     0    84   121    16     0    36    51    52     0    27   134
   207     0    55   215   183     0    34   161    13     0    21    60
     1     0   191    67   180     0     4    78   116     0    79    90
   124     0    32   108    89     0    28    44   189     0   194    91
    22     0   165   209   181     0    98   162   146     0    19   101
   149     0   159    94   111     0     2   136   217     0    12   130
   190     0    65   117    97     0    85   143   105     0    48    45
    26     0    30    87   127     0    56    41    57     0   138    99
   140     0    95   107   210     0   203    17   125     0    61    40
    96     0   129   213   141     0    49   151   139     0   112   153
   201     0    76    88     0     0     0     0     0     0     0     0
     0     0     0     0     0     0     0     0     0     0     0     0
     0     0     0     0     0     0     0     0     0     0     0     0
     0     0     0     0     0 39922]
---------
