---------
Problem: journal-set/X/X-n219-k73.vrp , Best known: 0
Time elapsed: 10.3436 secs Time per loop: 1.0344 secs
---------
Stopped at generation 10, Best cost: 4992, from Generation: 1
---------
Best solution: [   1    0  200  214  157    0  136  118    8    0  147  196   10    0
  215  151   39    0  123    6   63    0   36  148   31    0   12   74
    3    0  190  130   15    0  180  211   45    0   19  182   54    0
  164   66   56    0  205   29  154    0   77  216   57    0   67  202
   16    0  186  143   26    0  119  100   59    0   42   28  155    0
  178   40   20    0  162   44   38    0   51  204  117    0   41  168
   97    0   17   43  161    0   95   55   62    0  109   89   83    0
    5  167  191    0   61   82  140    0   87  115   13    0  198   79
   64    0   69  104   23    0   11   80   75    0  166  183   78    0
   32  108  218    0   81   27  212    0   92  195  187    0  206  141
  192    0  197  121  193    0  171  174  207    0   91  158  194    0
   52  201  156    0  149  199  144    0    4  153  152    0  128  134
  189    0  175  150  203    0  133  142  139    0  185  131  138    0
  129  111  110    0   98  184   48    0  101  177  107    0  106  113
  127    0  163  105  179    0  173  217  112    0  102  169  213    0
  116    7   30    0   73  209   93    0  165   53   88    0   25    2
  210    0  114   35  103    0   34   21   49    0   68   50    1    0
   76  172   37    0   33   14  181    0  137   22   65    0  188   94
   84    0  132   71  159    0   24   72   70    0  208  176    9    0
  170   46   90    0  122   85  146    0   18  126  160    0  120  145
   99    0   86  135  124    0  125   60   47    0   58   96    0    0
    0    0    0    0    0    0    0    0    0    0    0    0    0    0
    0    0    0    0    0    0    0    0    0    0    0    0    0    0
    0    0    0    0    0    0    0 4992]
---------
