---------
Problem: journal-set/X/X-n219-k73.vrp , Best known: 0
Time elapsed: 9.9327 secs Time per loop: 0.9933 secs
---------
Stopped at generation 10, Best cost: 4021, from Generation: 1
---------
Best solution: [   1    0   61    0   18   49  188    0    4  150  117    0   52   60
   41    0    4   47   16    0  110  160   12    0   16  210  216    0
  135   22   25    0  111    8   16    0   65   21  180    0   16   45
   50    0   16   13   88    0  169   14   16    0  166   24  148    0
   16   27  217    0   16   98  189    0   15  129   39    0   27  112
  185    0   38   48   26    0   42   64  191    0   45  105    9    0
   42   94   16    0    9  199   11    0   33   12    3    0   69   55
    9    0   32   13   93    0   12  144   39    0    9   33   12    0
  126   22   12    0   85  120   70    0    4   12  165    0   56   43
  134    0   19   48   12    0  104   20  152    0   12   59   35    0
   12   79   17    0  218   92   62    0  162   48   18    0   34   43
   80    0   82   89  183    0  123   55   48    0   36   31  103    0
   12   22  109    0  116  139  106    0   94   68   79    0   78   79
   68    0   48  114   47    0   21   44   12    0   71  130   16    0
   12   96   40    0   95  104  154    0   75   82  149    0  206   68
   48    0  167   47   24    0   91   21   23    0    5   56  121    0
  138   16  107    0    0    0    0    0    0    0    0    0    0    0
    0    0    0    0    0    0    0    0    0    0    0    0    0    0
    0    0    0    0    0    0    0    0    0    0    0    0    0    0
    0    0    0    0    0    0    0    0    0    0    0    0    0    0
    0    0    0    0    0    0    0    0    0    0    0    0    0    0
    0    0    0    0    0    0    0    0    0    0    0    0    0    0
    0    0    0    0    0    0    0    0    0    0    0    0    0    0
    0    0    0    0    0    0    0 4021]
---------
