---------
Problem: journal-set/X/X-n219-k73.vrp , Best known: 0
Time elapsed: 10.1576 secs Time per loop: 1.0158 secs
---------
Stopped at generation 10, Best cost: 5114, from Generation: 1
---------
Best solution: [   1    0  136  156  161    0   11  214    1    0   52  211  181    0
   21   44  103    0    5   17   90    0   97   81  130    0   49  174
    3    0   53   40  177    0  139  195  138    0   73  213  180    0
   67  216  201    0  147   32    4    0   61   54   33    0  165  200
  100    0   74   68  155    0  162  199   78    0   84   85  116    0
   64   75  171    0  205   22  102    0  217   38  134    0  182   28
   25    0  124   24  145    0   93  209  104    0  172   31   88    0
  157  176  207    0  186  197   46    0  140   43  159    0  135    6
  114    0  125  133   87    0  178   10  110    0  158   55  132    0
  121   60   30    0  152  175   70    0   16    8  212    0  120  202
   95    0   19   42   50    0   89   26  188    0  191  203  218    0
   23   14  196    0  129   63  198    0  112   15  149    0  173   62
  183    0   56  105  141    0  189  184  168    0   57   69  166    0
  153  148   20    0  146   99  208    0   18  144  122    0  128   37
  118    0   13   65  192    0  113  101  142    0  119  111  108    0
  169   80   96    0   94  167  115    0   92  206  107    0   12  143
    9    0   76   72   79    0   48   41   83    0   39   34  150    0
  215   35  193    0    2  151  106    0   58  154   86    0  123  127
   51    0    7  187  163    0  117  126   71    0  170   98  137    0
  131   27   47    0   91   59  210    0  164  160   77    0  185  190
   36    0  179  204  109    0   29   45   82    0   66  194    0    0
    0    0    0    0    0    0    0    0    0    0    0    0    0    0
    0    0    0    0    0    0    0    0    0    0    0    0    0    0
    0    0    0    0    0    0    0 5114]
---------
