---------
Problem: journal-set/X/X-n219-k73.vrp , Best known: 0
Time elapsed: 10.734 secs Time per loop: 1.0734 secs
---------
Stopped at generation 10, Best cost: 5143, from Generation: 1
---------
Best solution: [   1    0  193   34  209    0  164  120  105    0  195   14   29    0
   72   77   66    0   63   81   75    0  187   46   16    0   96   43
   85    0   95  108   48    0   11  213  115    0  212   28    8    0
  125  113    6    0  124  196   23    0  139   68  122    0  215   42
   58    0   35  206   52    0   51  192  146    0   71  106   92    0
  159   80  147    0   37  161  199    0   27   94   55    0   47  216
   98    0   53  150   18    0   41   64   30    0  149  210   93    0
  218   31   76    0  104   15   83    0   62  170  110    0  203   56
  112    0  217   69   67    0   49  128    3    0   45   32  191    0
  107   65  184    0  138   10  173    0  114  205  137    0   26  186
   12    0    5  118  133    0    1  129   78    0   99   60  130    0
   54  177  208    0  169   40  153    0   84   86  151    0  165  102
  178    0   21   44  121    0  172  152   13    0  201   91  145    0
   20  168  185    0  200  109    9    0  154   59  162    0   39   90
  207    0  100  103  123    0  117   24   73    0   17  194  180    0
  211    2   88    0  155  131  166    0   38    7   61    0  202   79
  127    0   33  126  214    0   36  175  136    0  188  156  197    0
  101   82  189    0  167  163  190    0  134   57  198    0   22  148
   19    0  116  174  182    0    4  132   74    0  111  143   89    0
  158  171   70    0  183  144   25    0  179   97  157    0  176   87
  141    0  135  140  181    0  142   50  119    0  204  160    0    0
    0    0    0    0    0    0    0    0    0    0    0    0    0    0
    0    0    0    0    0    0    0    0    0    0    0    0    0    0
    0    0    0    0    0    0    0 5143]
---------
