---------
Problem: journal-set/X/X-n219-k73.vrp , Best known: 0
Time elapsed: 11.7418 secs Time per loop: 1.1742 secs
---------
Stopped at generation 10, Best cost: 182860, from Generation: 1
---------
Best solution: [     1      0     57    172     88      0    173    147    190      0
      4     21    119      0      7     22    159      0      1    194
     17      0     20     38     15      0    111     23    126      0
     18     13     12      0     98     55     11      0    114     94
     84      0     91      8     29      0    110     27      5      0
      3    179     31      0    131     74    216      0     10     33
    133      0     65     28     14      0    134    154      9      0
    130     19     52      0     26    151    174      0     25     22
     40      0    157    197     32      0      6     35    181      0
     30    201     72      0     27     24     70      0    125    148
     46      0    156     42     21      0     36     59    161      0
    185     47     95      0     18    139     44      0     50    182
     36      0     39    141    101      0     13     41     49      0
     48    200     37      0     67     81     46      0     56     56
     53      0     41     58     11      0      9    163     66      0
     43     45    120      0     71    118     47      0     76     37
     60      0    158     44     80      0     24     63    145      0
     62    203    105      0    146     61     64      0     66    189
     12      0    112     69    213      0     78     82    211      0
    116    205     83      0    209     77    206      0     75    207
    198      0     73    193    180      0    188      2     92      0
     39    168     92      0     86    199    169      0     90    140
    153      0     87    171     89      0    175     23    178      0
     85    115    167      0     93     32    162      0     78     34
    104      0    152     31     96      0    184    100    103      0
    109    107     62      0     25    150     99      0    155    187
    135      0    113    117    192      0    191    108    165      0
    138     51    122      0    166    210    123      0    127    129
     33      0    218    121    123      0    214     64    124      0
    170    144    128      0    186    142     90      0    124    143
    132      0    127    160    136      0    107     68      8      0
     30    137    208      0    164     97    177      0     63    142
    176      0    121    106    149      0    183    102      0 182860]
---------
