---------
Problem: journal-set/X/X-n219-k73.vrp , Best known: 0
Time elapsed: 10.0686 secs Time per loop: 1.0069 secs
---------
Stopped at generation 10, Best cost: 4934, from Generation: 1
---------
Best solution: [   1    0   86  163  142    0   45   98  164    0  128   44   90    0
  136   37  153    0   20   15  200    0  202  141  192    0   48   43
  150    0  193   75    1    0  101  100   88    0  157  170   85    0
  106  160  208    0   36  159  169    0  111  133  209    0   64  199
   19    0  216   68   63    0  190  104  175    0    5   14  165    0
   30   28  205    0   67  182  194    0   34    2  198    0   93   38
   57    0  139  179   33    0  109   32  138    0  125  201   70    0
   95   26  108    0  204   23   76    0  166  156   56    0  183  184
   94    0   18  130   89    0  176   60   81    0   22   80   66    0
   10  149   16    0  168   21   49    0  112  102   12    0  177  117
   92    0  218    7  211    0  196   65   40    0   46  203   69    0
   58   72  152    0   17    8   84    0  127   62  173    0  185  147
    3    0  113   51  115    0   91   29  212    0  181   31   53    0
  188   27   77    0  132  148   96    0  116   79  214    0   11  121
   87    0   25  154   59    0    6  197  103    0  155  207  215    0
   42  140  206    0  119  151   35    0  195  143   24    0  189  186
  137    0  120   71   83    0  129  110   39    0  122  213  158    0
  114  187  123    0  126   73  174    0  191   61   99    0   47   82
   74    0  162   13  217    0    9   52    4    0  167  144   78    0
   41  171  134    0  124  135   54    0  178  118   97    0  210  145
  105    0  107   50  146    0  172  161  131    0   55  180    0    0
    0    0    0    0    0    0    0    0    0    0    0    0    0    0
    0    0    0    0    0    0    0    0    0    0    0    0    0    0
    0    0    0    0    0    0    0 4934]
---------
