---------
Problem: journal-set/X/X-n219-k73.vrp , Best known: 0
Time elapsed: 10.0154 secs Time per loop: 1.0015 secs
---------
Stopped at generation 10, Best cost: 163953, from Generation: 1
---------
Best solution: [     1      0      9      0     16    131    138      0    211     11
    191      0      2     29     69      0    179     19     22      0
    214      6    111      0      4    158     57      0    150     20
    110      0     43    198     85      0    184    163    188      0
     83    137    147      0      3     78     95      0    212    105
    216      0     18     56     46      0    215     28     89      0
    148     84     52      0    164     67     39      0     96     48
    157      0    204    203     58      0     65    174    106      0
    135     49    129      0    162    117    128      0     26    123
    109      0    120     68     53      0     31     15     51      0
    132    108     93      0    139    122    166      0     59    145
    194      0     24     45     74      0    146     30    124      0
    156     37    112      0    192    177    190      0    213    186
    143      0     77    197    183      0    119     75     64      0
     90    199     27      0    161     25    205      0    141    187
    218      0    121     10    189      0     40    170      5      0
    172    118    208      0    171    136     12      0      7     91
    127      0     88    207    114      0      1     54    176      0
    160    149    178      0    142     80     13      0     79     60
    173      0    206    140     32      0     97    202    210      0
    209     33    134      0     44    151    193      0    182     63
    196      0      8     21     76      0     99    154    185      0
    113    125     71      0     73    101     98      0     14     66
    115      0     86     34    102      0     36     92    201      0
     35     94    153      0    217    159    181      0     72    168
     87      0    180    167     62      0    107    130     70      0
     81    200    152      0     61    103    126      0     50     55
     82      0    165    175     38      0    133    169     41      0
     47    144    155      0     42    100     17      0    116     23
    195      0    104      0      0      0      0      0      0      0
      0      0      0      0      0      0      0      0      0      0
      0      0      0      0      0      0      0      0      0      0
      0      0      0      0      0      0      0      0      0 163953]
---------
