---------
Problem: journal-set/X/X-n219-k73.vrp , Best known: 0
Time elapsed: 10.7133 secs Time per loop: 1.0713 secs
---------
Stopped at generation 10, Best cost: 5162, from Generation: 1
---------
Best solution: [   1    0   18   98   46    0  134  158    8    0  173   33  208    0
   25   22    1    0   79   17   59    0  198  118  215    0  217  218
  117    0  214  156  207    0   53  194   52    0  206  121  193    0
  202  122  189    0  195  186  180    0  177  125  185    0  174  136
  171    0  179  192  167    0  166  165  153    0  152  150  143    0
   20  133  201    0  146   39  128    0  149  187   36    0   78  155
  176    0   58  182  135    0   81  113  141    0  200   43  109    0
  132   40  205    0   51   84  142    0  140  102   71    0   82  161
  183    0  129   68    6    0   95  131   30    0   67  123   15    0
   13   34   70    0  112  154   91    0  114  107   83    0  105   49
   97    0   99   72  212    0   92   94   54    0   88  148  147    0
   48  196  139    0   80   65  175    0   12   73  203    0   45   27
   61    0  209  144  103    0   63  169    7    0  160   62   56    0
   23  104   64    0   47  157    4    0   24  145  100    0   35  119
    2    0   31   37   50    0  116  137   57    0   10   29   93    0
   21   86    5    0  184   19   75    0   42   14   76    0    9   32
  191    0   89   44  199    0   96   11  106    0  190  211  168    0
  138  111  178    0   38   55  115    0  181   28   69    0  108  126
  162    0   87  164  172    0  110  213  101    0   60  216   41    0
  188  151   90    0   26  163  197    0  124   85  170    0    3   74
  120    0   16  127   66    0  210  130  159    0   77  204    0    0
    0    0    0    0    0    0    0    0    0    0    0    0    0    0
    0    0    0    0    0    0    0    0    0    0    0    0    0    0
    0    0    0    0    0    0    0 5162]
---------
