---------
Problem: journal-set/X/X-n219-k73.vrp , Best known: 0
Time elapsed: 11.4771 secs Time per loop: 1.1477 secs
---------
Stopped at generation 10, Best cost: 163138, from Generation: 1
---------
Best solution: [     1      0     52     18    162      0     55    126     99      0
    125     22     70      0     46     81     47      0    184    213
     66      0     73     44     50      0    109     65     68      0
     87    113    208      0    218    101    141      0     26    100
    163      0    186     28    154      0      6     49    169      0
     30    116     25      0    182     21    170      0     95    143
    174      0    130    111    140      0    166     40     56      0
     59     96    128      0     64    214    132      0    123    204
    115      0     83    203    149      0      4    120      9      0
    178    124    157      0    193    202    180      0     74    210
    147      0    138    110    165      0    164    127     77      0
     24    194    108      0    159    148     48      0    199    201
    207      0     69     37    152      0     61     62    185      0
    134    135    192      0     85    103    209      0     60     29
     23      0    171    168    181      0     75    160    215      0
     51     72     38      0     76    172    107      0    189    122
     39      0     82     27    173      0    206    117    131      0
     80    195     79      0     45    129     53      0    177     63
     89      0    190    205    112      0    187    161     13      0
    137    216    183      0     86     58     78      0    158    212
      7      0     42     94     84      0    104     11     97      0
     36     15    151      0    167     43    139      0     32      1
    196      0     91    198      2      0    142     17    217      0
     10    145     90      0     14     19    114      0    121      8
     34      0     20     33    155      0    156     31     88      0
    144    211    179      0    102    175    105      0    118     98
    191      0    153    106     35      0      5      3     93      0
     16    119    146      0    197     54     41      0    200    133
     92      0    150    136     12      0     71     57    176      0
    188     67      0      0      0      0      0      0      0      0
      0      0      0      0      0      0      0      0      0      0
      0      0      0      0      0      0      0      0      0      0
      0      0      0      0      0      0      0      0      0 163138]
---------
