---------
Problem: journal-set/X/X-n219-k73.vrp , Best known: 0
Time elapsed: 11.6804 secs Time per loop: 1.168 secs
---------
Stopped at generation 10, Best cost: 184910, from Generation: 1
---------
Best solution: [     1      0      0    165     50     21      0    166     20     23
      0     13     22     27      0     59     24     21      0     43
    143      8      0    106     11     19      0    173      4      7
      0      9     60     18      0     22    100     10      0     17
      8    194      0      3     63    102      0      3     16      4
      0    193    115      6      0     31     11      2      0      1
      6     69      0      5    190    156      0      9     14     15
      0     25     94    163      0     32    175     41      0      7
     28     34      0     30     40     47      0    200    212     96
      0     57     33    167      0     26    117     39      0    104
     28    101      0     38    105    103      0     58     35     42
      0    155    208     46      0     88     98     52      0     36
     45    107      0     56     44    216      0     67     54     53
      0     87     24     55      0     49    168     89      0     91
     48     99      0     85     84     51      0    149     35    157
      0     90     65    184      0     64     65     38      0    176
     81     66      0    186     73     29      0     62    113     82
      0    164     71     83      0    128     79     75      0    131
     78     74      0     95     42    169      0     76     79    189
      0     72     45     77      0     46     75    177      0     93
    110     66      0     70     92    118      0     61     62     97
      0    133     14     25      0    116     71    148      0    108
    179    112      0    196    109    114      0    209    119     64
      0    125    129    215      0     44    121     32      0     48
     34    124      0    112    123    218      0     53    126    122
      0     30    130    132      0     93     12    136      0     86
    142    138      0    147    141    151      0    137     10    142
      0     36    213    154      0     33     15    159      0    146
    150    158      0    139    135      1      0    152     37    144
      0    217    145     68      0      5    161    174      0    178
     72     47      0    116    172    162      0    139    171    181
      0    111    119     49      0    185    180    114      0    188
     95    191      0    108    214    187      0    191      0 184910]
---------
