---------
Problem: journal-set/X/X-n219-k73.vrp , Best known: 0
Time elapsed: 14.8447 secs Time per loop: 1.4845 secs
---------
Stopped at generation 10, Best cost: 159815, from Generation: 1
---------
Best solution: [     1      0    139     99      7      0    193    109    146      0
    164      1    106      0     25     48     32      0     56     23
    114      0      8    215    113      0     16    105     12      0
     45     44     88      0    144     28     35      0    204    214
     46      0     19     27     30      0     21    103    189      0
    135      6    122      0    166    216    192      0    213    195
    206      0    210     43     86      0    161     33    156      0
     53     76     83      0     13      2    211      0     38     65
    208      0    218    217    205      0    187    202     81      0
      3    201    181      0    153    171    178      0     82    200
    165      0    176    186    199      0    196    194    173      0
    170    188    191      0    185    168    184      0    162    141
     89      0    183    179    137      0    134    167    180      0
    175    148    108      0    133    174    104      0    128    209
    132      0    172     78    125      0    107     64    124      0
    121    140    169      0    118    117    123      0    197    163
    112      0    160     75     97      0     95     98    129      0
     94     58     74      0     91     92     52      0     90    119
    158      0     87    115    143      0    155     85    177      0
     73     80     57      0    136    154    110      0     71     70
     96      0     68    151     24      0     67    101    150      0
    100    145    126      0     54     60    149      0     39     55
    190      0    147     72     51      0     79     42    138      0
     50     69     41      0    159     40    120      0    142    130
     36      0    116     31    152      0     29     63    111      0
     10     59     20      0     18      5      9      0    198     34
    212      0     17     22     93      0    127     62     15      0
    102     37     14      0     77     49    182      0     11    203
     66      0    131     61      4      0    157     47    207      0
     26     84      0      0      0      0      0      0      0      0
      0      0      0      0      0      0      0      0      0      0
      0      0      0      0      0      0      0      0      0      0
      0      0      0      0      0      0      0      0      0 159815]
---------
