---------
Problem: journal-set/X/X-n219-k73.vrp , Best known: 0
Time elapsed: 13.9246 secs Time per loop: 1.3925 secs
---------
Stopped at generation 10, Best cost: 5018, from Generation: 1
---------
Best solution: [   1    0  146   95    0   39  213    7    0    5    2   97    0   76
   13   12    0  142  118   31    0   32   24  169    0  147   75  167
    0   11   46  109    0  152   40   57    0  121  143  120    0  199
  182  168    0  115   66  185    0   72   96  153    0  139  108   81
    0   52   48  207    0  117   33   92    0  205   38   41    0  106
  163    9    0   47  158  172    0   28  197    4    0    3  194   26
    0  131  176  173    0    6   67  179    0  189   85  138    0    1
  148   78    0  198  149  157    0  124  214  170    0   90   45   93
    0   73   58  128    0  177  141   43    0  113  195  184    0   83
  119   82    0  181  133  116    0  206   69   74    0   22   44  211
    0  193   54  215    0   87   86   61    0  160  103  126    0   68
   50  140    0   80   55   64    0  105  204  114    0   91   34  196
    0  123  162  166    0   30  127  175    0   88  137   14    0  208
  110  178    0  188   98  210    0  191  155   36    0  150  136  200
    0   42   19  201    0   60  101  122    0   37  154   17    0   10
   16   51    0   25  218   79    0   35  203  125    0  151   94  100
    0   65  144  104    0  216   84  107    0  192  187  190    0  112
  156   18    0    8   63  183    0   29  212   53    0  132  129  164
    0  135   59   56    0  180   77   99    0  202  130   89    0  134
  111   27    0  102   15   70    0  171  145   49    0  174  161  217
    0   71   20   62    0   23  186   21    0  209  159  165    0    0
    0    0    0    0    0    0    0    0    0    0    0    0    0    0
    0    0    0    0    0    0    0    0    0    0    0    0    0    0
    0    0    0    0    0    0    0 5018]
---------
