---------
Problem: journal-set/X/X-n219-k73.vrp , Best known: 0
Time elapsed: 15.5857 secs Time per loop: 1.5586 secs
---------
Stopped at generation 10, Best cost: 188429, from Generation: 1
---------
Best solution: [     1      0      0     61     50    169      0      7      2     22
      0    117    145     13      0    177    123    138      0     86
    103     40      0     27    203     77      0    209    212     47
      0    105     14     56      0    130     45    208      0     75
    122    178      0     89     19    111      0      6     24    173
      0     92     21     29      0     98    141     64      0    106
    100     31      0    157    113      5      0     69    204    166
      0     96     43     91      0     16    195     88      0     23
     63     55      0    119     49    192      0    101    206    121
      0     82    142    137      0    190    182     68      0     76
    156     30      0     74     25    168      0    205    170    147
      0      9    210    185      0    108     33     83      0    143
     42    172      0      8    215    120      0     18    154    133
      0     28    199    158      0      1    109    201      0     87
    149    196      0     97     90    216      0     70    207    107
      0     81    214     26      0    102    198    188      0     32
     66     95      0     10     59     34      0     54    186     17
      0    132    194      3      0    184    197     62      0    155
    171    159      0     36    179    140      0    162    144    160
      0    150    136     72      0     93     38     78      0    180
    135    124      0     99    218    112      0    118    126     94
      0    174    175    165      0    128     80     35      0     79
     73     53      0     71    127    115      0    217     20     12
      0     60    213     58      0     57    187     85      0    116
     51      4      0    151    129    125      0    164    193     52
      0    152    104     48      0    146    139    183      0     46
     84    167      0     41    202    114      0    110    163    161
      0     39    134    181      0     44     37    153      0    131
    189     67      0    211     65     11      0    148    200     15
      0    176    191      0      0      0      0      0      0      0
      0      0      0      0      0      0      0      0      0      0
      0      0      0      0      0      0      0      0      0      0
      0      0      0      0      0      0      0      0      0 188429]
---------
