---------
Problem: journal-set/X/X-n219-k73.vrp , Best known: 0
Time elapsed: 13.7573 secs Time per loop: 1.3757 secs
---------
Stopped at generation 10, Best cost: 5008, from Generation: 1
---------
Best solution: [   1    0  124   38  183    0  127  117  190    0   95   51   39    0
   97   54   50    0  110  177   70    0   34   33   55    0    5  107
  181    0  125   81  109    0  102  101  151    0  216  155  112    0
   16  126   80    0  141  165   36    0   30  147  188    0   20  187
  207    0   96  175  173    0  164  168  143    0   71   59  194    0
   45  196  185    0  138  212   32    0  137   15    8    0  204  103
  135    0  215  213  169    0  121  163  139    0   66   35  210    0
  211   48   41    0  120   77  191    0  131  202  208    0   90   79
  166    0  193  130   21    0   93   76  106    0   58   17   92    0
   89   73    7    0  144   86  192    0  174   14   57    0  161   42
   75    0   88  201  152    0  148  158   85    0   52   64  214    0
  179   63  142    0  122   82   10    0   13  171  104    0  129  105
  197    0   83  198  111    0   74   99   98    0  123    6   84    0
   65  128    3    0   47   60    1    0  115  195    9    0  199   28
  189    0  134  182  100    0   12  200  118    0   53   25  146    0
  218  184   49    0  108  113  176    0  206  186   68    0  203   67
  167    0  209  150  153    0  160  145   94    0   72   37  159    0
  205   43   11    0   62   46  140    0  156   23  170    0  132  119
   27    0  114  149   24    0  162   56   78    0  180   26    2    0
  172   40   22    0  178   18  217    0    4   31  157    0  133   29
  154    0  116   69  136    0   91   19   44    0   61   87    0    0
    0    0    0    0    0    0    0    0    0    0    0    0    0    0
    0    0    0    0    0    0    0    0    0    0    0    0    0    0
    0    0    0    0    0    0    0 5008]
---------
