---------
Problem: journal-set/X/X-n219-k73.vrp , Best known: 0
Time elapsed: 121.888 secs Time per loop: 40.6293 secs
---------
Stopped at generation 3, Best cost: 5172, from Generation: 1
---------
Best solution: [   1    0    0  184  195  119    0    4   20   78    0   22   34  121
    0   12   25   29    0   52  138    9    0   24   92   59    0   21
   14   89    0  143   19    7    0   79   17   23    0   74   15  169
    0   26   35   32    0   94  111   30    0  178   50  109    0   13
   33   54    0   27  211   72    0    2   49    5    0  171   31  205
    0  180   28   42    0   11   44    8    0  147   47    3    0   16
  215   60    0    1   10  200    0   46   43   36    0   70   37   45
    0   73   68   66    0  125   40   48    0   61   57  137    0  120
   53   58    0   62   69  118    0   81   55  199    0   51   64   75
    0  172   76   71    0  189   90  176    0   88   63  209    0  192
   80   99    0   85   87   84    0  102  175   96    0   93   86  207
    0   95   77  106    0  107  135   98    0  100  105   97    0  116
  115  117    0  108  123  146    0  183  128  122    0  127  126  103
    0  131  132  101    0   38  136  134    0  133  140  142    0  162
   82   41    0   18  149  113    0  148  130  166    0  151  145  150
    0  181  217  152    0  156  161  158    0   39  160  164    0  159
  157  167    0  163  170  139    0  177  141  173    0  179  168  174
    0  191  110  186    0  187  182  190    0  188  155  104    0  202
  197  196    0  144  154  203    0  198  165  153    0  210  194  124
    0  212  208  204    0  206  213  218    0   56  129  216    0   67
    6  214    0  185  193  201    0  112   83   91    0   65  114    0
    0    0    0    0    0    0    0    0    0    0    0    0    0    0
    0    0    0    0    0    0    0    0    0    0    0    0    0    0
    0    0    0    0    0    0    0 5172]
---------
