---------
Problem: journal-set/X/X-n219-k73.vrp , Best known: 0
Time elapsed: 12.8582 secs Time per loop: 1.2858 secs
---------
Stopped at generation 10, Best cost: 5367, from Generation: 1
---------
Best solution: [   1    0    0  121  199    5    0   22  152  217    0  166    1    1
    0   71    2  131    0    2  110    6    0  147   72    6    0   12
   10   77    0  218   14  158    0  206   10   18    0   18   14   21
    0   25   22   23    0   25   26   27    0   29   28   26    0   30
   31   32    0   30   34   33    0   35   34   36    0   37   38   36
    0   39   40   41    0   38   43   42    0   44   42   46    0   47
   45   46    0  207  122   50    0   48   54  174    0   85   58   49
    0  140  101   62    0   66  113   50    0   70   69  169    0   74
   74  176    0   51   66   78    0   82   55   79    0   83   82  175
    0   86   59  116    0   61  184   90    0   95   63   78    0   93
  157   67    0   94   58   83    0   95  201   98    0  185  205    3
    0   75  102  102    0  106  144   88    0  110   79  113    0   70
  211  114    0   87  118   92    0  122  137   91    0  125  153  126
    0  129  164   64    0  202  130  134    0   99  136  197    0   86
  143  138    0  139   84  103    0  107  142  149    0   15  144  161
    0  115  111  146    0  108  182  150    0   12  152  117    0  173
  154  179    0  158  119  162    0  188  150  165    0  166  170  100
    0  173  178  190    0  162  123  174    0  127  177   93    0  178
  179  167    0  182  186   81    0  200  216  188    0  135  190   57
    0  191  193  139    0  160  194  198    0  200  208  202    0  171
  203  206    0  207  151  209    0  210  211  213    0  214  216  217
    0  218    0    0    0    0    0    0    0    0    0    0    0    0
    0    0    0    0    0    0    0    0    0    0    0    0    0    0
    0    0    0    0    0    0    0 5367]
---------
