---------
Problem: journal-set/X/X-n219-k73.vrp , Best known: 0
Time elapsed: 9.8212 secs Time per loop: 0.9821 secs
---------
Stopped at generation 10, Best cost: 4368, from Generation: 1
---------
Best solution: [   1    0    0  157  103  190    0    9   20   53    0   16   22   20
    0  127  141   20    0   18   94   16    0   20  164   66    0   32
   16   20    0  159  196   16    0   13   20   78    0   20  139    6
    0   16   20   71    0  213   10   16    0   20  117   24    0   16
   20   70    0   20   20  218    0   16   69   20    0  169  134  131
    0   20   16   98    0   36   20   34    0   16   21   20    0    7
   59  125    0   16   20   57    0   16  122   20    0   75   83   20
    0   89  151   16    0   62   20   55    0   16   46   20    0  137
   99   16    0   20  111  105    0    4   20  140    0   16   20  215
    0   56   19   33    0   27   15   17    0   16   20   72    0   20
   50  211    0  113  184   20    0    5   49   23    0   20   16    1
    0   18   85  146    0   16  210   20    0  217  149   16    0  166
   20   58    0   16  102   20    0  195  174   18    0  183   16  167
    0  176   20  106    0   20   16   39    0    3  118   16    0   20
   33   31    0   32   12   18    0   20   16  179    0  107  145   18
    0   16   37  182    0   25   20   45    0   20   16  110    0  191
   17   18    0   16   14   20    0   47  119   81    0   20   16   87
    0   52  168   16    0   20  133   90    0    0    0    0    0    0
    0    0    0    0    0    0    0    0    0    0    0    0    0    0
    0    0    0    0    0    0    0    0    0    0    0    0    0    0
    0    0    0    0    0    0    0    0    0    0    0    0    0    0
    0    0    0    0    0    0    0    0    0    0    0    0    0    0
    0    0    0    0    0    0    0    0    0    0    0    0    0    0
    0    0    0    0    0    0    0 4368]
---------
