---------
Problem: journal-set/X/X-n219-k73.vrp , Best known: 0
Time elapsed: 12.8758 secs Time per loop: 1.2876 secs
---------
Stopped at generation 10, Best cost: 4999, from Generation: 1
---------
Best solution: [   1    0    0   85  171   38    0   94  118  165    0    1  102    2
    0    4  162   39    0    3  160   27    0  129  117   55    0   29
   11  203    0   61    9  173    0   25  111   63    0   41   15   17
    0   64  167  216    0  207   75  140    0   93   19   77    0  147
   13   20    0   78  134  130    0   81   21   54    0  151   59   83
    0   26  179  183    0   84   67  189    0   30   88  112    0  172
   69   89    0   33  186    6    0   96   58   34    0   97  113  185
    0  192  168  116    0   36  205  217    0  122   73   42    0  146
  131    5    0  214   45  155    0  161   14   60    0  156  213  103
    0   62  164  107    0  126   28  175    0  212  199  125    0  178
   10   92    0  188   70  187    0  218  136  193    0  206  105   53
    0   18  198  184    0  210  201    7    0   76  137  211    0  177
   49   44    0   32   86   68    0  154  145  139    0   51   47   48
    0   16  204  182    0   56   12   31    0  196  142  163    0  133
    8  191    0   87  114  166    0   71  159  110    0   22   40  153
    0  174   23   74    0   79   90  115    0  169   24   66    0  215
  200  209    0  202  197  141    0  106  100   82    0  194   57  152
    0  181  176  180    0  208  158  170    0  157   65  150    0   46
  149  123    0  148  144  143    0  190   35  135    0  138  132  127
    0  128  121  124    0  109  119   37    0   95  101   98    0  104
   43   72    0   99   91  120    0   52  195   80    0   50  108    0
    0    0    0    0    0    0    0    0    0    0    0    0    0    0
    0    0    0    0    0    0    0    0    0    0    0    0    0    0
    0    0    0    0    0    0    0 4999]
---------
