---------
Problem: journal-set/X/X-n219-k73.vrp , Best known: 0
Time elapsed: 12.7856 secs Time per loop: 1.2786 secs
---------
Stopped at generation 10, Best cost: 5000, from Generation: 1
---------
Best solution: [   1    0   45  216  218    0  170   62    0    3  162  180    0   32
    1   49    0    9   12  205    0   18   40   10    0  113   54   42
    0   13   89  158    0   20   15   37    0   47   44   17    0   53
   21   91    0   25   22  102    0   57   23  139    0   76  201   30
    0  202  106  111    0   31  175  119    0  116  154  107    0    7
  148   26    0  146  194    2    0  176  143  184    0  188  215   74
    0  192  195   14    0  213  186    8    0  152   38  137    0  203
   77  167    0  155  142   55    0  134   29  123    0  120  161  210
    0  174  118  133    0   24  117  114    0  185  110  109    0   63
  105  101    0  182  200  212    0   35  206   97    0    5  163   86
    0  108   16  115    0   79   27   61    0   41  211   98    0  209
  207   51    0  181  187   52    0   75  159  178    0  156   65  150
    0  169  144   70    0  140   92   56    0  132   59  130    0  177
   66  164    0  125   67  124    0  190  104  121    0  157  214  112
    0  103   68   71    0  122   99   93    0   69  136   88    0   83
   78   87    0   81   90  208    0   85   82   84    0   28  199  198
    0  196   80    6    0   72  193  191    0   64  179  138    0  166
   36  165    0   50  151  189    0  128  217   48    0   11  129   39
    0  183   73  147    0   34  126  127    0   33   19  135    0  173
  153   96    0  131  168  172    0  149  160    4    0  204   58   94
    0  141  197   95    0  100   43  171    0   46  145   60    0    0
    0    0    0    0    0    0    0    0    0    0    0    0    0    0
    0    0    0    0    0    0    0    0    0    0    0    0    0    0
    0    0    0    0    0    0    0 5000]
---------
