---------
Problem: journal-set/X/X-n219-k73.vrp , Best known: 0
Time elapsed: 9.9099 secs Time per loop: 0.991 secs
---------
Stopped at generation 10, Best cost: 2886, from Generation: 1
---------
Best solution: [   1    0    0   89  186  216    0   32    6   19    0    7   28   80
    0  170   17   23    0   22   29   60    0   16   19  110    0  208
   17   74    0   18    2   13    0   12   31  161    0  139   15   44
    0   41   23   22    0   36   38   39    0   63   34   41    0  185
   57   46    0   56   67   52    0   51   54   66    0    9   62   61
    0   84   73   68    0   93  104  156    0   83   37  108    0  109
  149  132    0  131  135  106    0  109  145   93    0  113  104  174
    0  167  192  166    0  122  184  201    0  193   48  178    0  162
  100  205    0  155  158  140    0  218  164  115    0  177  184  165
    0   27  200  126    0  108  181   88    0  117  215  146    0   72
  217   53    0  193  151  116    0  134  114   87    0  218   97  214
    0  129  133  102    0   11  119  123    0    0    0    0    0    0
    0    0    0    0    0    0    0    0    0    0    0    0    0    0
    0    0    0    0    0    0    0    0    0    0    0    0    0    0
    0    0    0    0    0    0    0    0    0    0    0    0    0    0
    0    0    0    0    0    0    0    0    0    0    0    0    0    0
    0    0    0    0    0    0    0    0    0    0    0    0    0    0
    0    0    0    0    0    0    0    0    0    0    0    0    0    0
    0    0    0    0    0    0    0    0    0    0    0    0    0    0
    0    0    0    0    0    0    0    0    0    0    0    0    0    0
    0    0    0    0    0    0    0    0    0    0    0    0    0    0
    0    0    0    0    0    0    0    0    0    0    0    0    0    0
    0    0    0    0    0    0    0    0    0    0    0    0    0    0
    0    0    0    0    0    0    0 2886]
---------
