---------
Problem: journal-set/X/X-n219-k73.vrp , Best known: 0
Time elapsed: 10.5203 secs Time per loop: 1.052 secs
---------
Stopped at generation 10, Best cost: 5165, from Generation: 1
---------
Best solution: [   1    0  166   74  118    0    4   47  170    0   73   19   28    0
   17   25   12    0   45  156    2    0  154   29  148    0   59   34
   48    0   50   11  195    0  120   53   69    0  123   65  205    0
   67   60  147    0  208  204   42    0   81  144  179    0  169  190
  112    0   75   10  194    0    8  216  177    0   80  213  192    0
  157  109   35    0   91  101  151    0   97   92  116    0   32  113
  141    0  145  174  125    0   88   44  185    0  121  135   79    0
   83  134   87    0  165  158   66    0   54  197  164    0  115  178
   37    0  110   49  188    0  210   56    3    0    9  217   31    0
  214   23  187    0  176  160  206    0   27   14   20    0  215   94
  122    0  103  182  198    0   21  127  191    0  138   85  196    0
   58  142   39    0   40  130   95    0  107  117  162    0  181  128
  212    0  139  137   36    0  119   68  136    0   96  153  100    0
   46   55   24    0  146  161  200    0   89  102  209    0  207  171
   64    0   70  159   90    0   63  202  114    0   51   84   76    0
   38  168   99    0  140   86    5    0  105  186  150    0  132   33
  218    0    6  199  175    0   30   13  193    0   93  211  129    0
   61  149  108    0  203  126  124    0   98   41  155    0   16   72
  152    0  180    7  172    0    1   15  201    0  133   82  173    0
   18  104  189    0  106  163   22    0   57   71  183    0   78  143
  184    0  131  167   26    0   52   62   43    0  111   77    0    0
    0    0    0    0    0    0    0    0    0    0    0    0    0    0
    0    0    0    0    0    0    0    0    0    0    0    0    0    0
    0    0    0    0    0    0    0 5165]
---------
