---------
Problem: journal-set/X/X-n219-k73.vrp , Best known: 0
Time elapsed: 12.849 secs Time per loop: 1.2849 secs
---------
Stopped at generation 10, Best cost: 4980, from Generation: 1
---------
Best solution: [   1    0  205  137    0   36   12  104    0    1  126  199    0    2
  150   22    0  106  132    3    0  194  119  129    0    7  202  208
    0    9  115   32    0   75  204   17    0   80  195  158    0   18
   74   14    0  214   19  218    0  117  201   20    0  178   59   70
    0   21   54  197    0  127   40   69    0  130  206   45    0  146
    5  166    0  151   60  101    0  191   81   87    0   39  120  122
    0  153   33  144    0  173  140   28    0   48  148  133    0   11
   49  157    0   46   50   92    0   77   67  103    0  189   55  163
    0  139   86   66    0   62   82  160    0   90  135  110    0   88
   37   96    0   71   89   76    0  156   94  105    0  186  145  182
    0   26   98  121    0   95  100  207    0  210   63  107    0   83
  209  183    0  109  141   27    0  155   65  111    0  165  118   10
    0   25  159   72    0   13  170  193    0   73  184  113    0  198
   34  112    0   64  203  211    0  213  212  185    0  200  215  123
    0  217  102   42    0  188   99  172    0  181  179  176    0  131
  108  167    0  124   51  149    0  138  142  177    0  125  192   52
    0  114   61   30    0  171  136  116    0    4  168  134    0  187
    6  164    0  190   78   57    0   47  162   85    0  152   15  169
    0   97   68  174    0  216   44  175    0    8  143   43    0  196
   38  128    0  147   91   41    0   35   56   93    0   79  154   31
    0  180   84   29    0  161   58   53    0   23   24   16    0    0
    0    0    0    0    0    0    0    0    0    0    0    0    0    0
    0    0    0    0    0    0    0    0    0    0    0    0    0    0
    0    0    0    0    0    0    0 4980]
---------
