---------
Problem: journal-set/X/X-n219-k73.vrp , Best known: 0
Time elapsed: 9.7322 secs Time per loop: 0.9732 secs
---------
Stopped at generation 10, Best cost: 3886, from Generation: 1
---------
Best solution: [   1    0    0  183  193   26    0    1    6   20    0    2    4    4
    0    8   19    7    0    5  195    7    0  147   18   35    0   11
   33   22    0   90   35   39    0   18   16   60    0   12   68  213
    0   72   14    9    0   23  192   87    0   17   42  119    0   13
  117   45    0  188  110   98    0   96   15  126    0   41  129   21
    0  139  142   34    0  133   55  214    0   31  165  149    0   65
  105   30    0   71  157  167    0  102  156   62    0  181   50  180
    0   43  137  205    0  176   74   44    0   66  182   78    0  187
   92  201    0   85  206  101    0  209  200  118    0  201  207  218
    0  117  100  216    0  160  139  131    0   83   96  153    0   95
  203  142    0  116  200   69    0  123  159  178    0  217  127  140
    0  173   49   63    0  162  171  218    0  191  199  144    0  204
  215  197    0  210  198   47    0  150   29  120    0  185  170  103
    0   81  189  152    0  184   24   32    0  148  194  132    0  136
  156  138    0   10  149   67    0  164  111  180    0  155   53   60
    0   87  207  143    0    0    0    0    0    0    0    0    0    0
    0    0    0    0    0    0    0    0    0    0    0    0    0    0
    0    0    0    0    0    0    0    0    0    0    0    0    0    0
    0    0    0    0    0    0    0    0    0    0    0    0    0    0
    0    0    0    0    0    0    0    0    0    0    0    0    0    0
    0    0    0    0    0    0    0    0    0    0    0    0    0    0
    0    0    0    0    0    0    0    0    0    0    0    0    0    0
    0    0    0    0    0    0    0    0    0    0    0    0    0    0
    0    0    0    0    0    0    0 3886]
---------
