---------
Problem: journal-set/X/X-n219-k73.vrp , Best known: 0
Time elapsed: 10.8564 secs Time per loop: 1.0856 secs
---------
Stopped at generation 10, Best cost: 5192, from Generation: 1
---------
Best solution: [   1    0  185  105  155    0   16  122   84    0   98   45  197    0
  154   24   54    0  195   71   83    0   79  145  179    0   43   33
   56    0    7  158   60    0  177  216    3    0   85  189  157    0
  150  163  167    0  161  182    9    0   88  126  142    0   90  160
  120    0   47  213   57    0    5   68   70    0   51   19  201    0
   95  113   35    0   69   72   73    0   52   77   49    0   20    2
  135    0   32   34  134    0   91  151  107    0  131   89   31    0
  152   22  144    0  123  168   76    0   21   58   25    0  132  181
  112    0  106  117   40    0  124  192  139    0  203   42   50    0
   81   94   29    0  162  101   59    0  191  136   37    0   30  109
  178    0  138  199   67    0  217  200  173    0  170  130   74    0
  149  103  143    0  210   27   97    0  116   23  196    0   46    6
  206    0  165   86  115    0  207  129  194    0    1  172  137    0
  176  125  183    0  212  169  187    0  205  218   92    0  209  148
   10    0  153  104  184    0  190   11   53    0   36  108  147    0
    4  141   44    0  180  110  102    0   55  202  214    0  119   66
   64    0   48   63   82    0  159   39  166    0   96   80  111    0
  128   78  121    0   26   65   99    0   17  174  186    0   75  118
   62    0   87  140   13    0  133   14  198    0  164   28    8    0
   41   18   61    0  188  175   38    0  171  208  114    0   12  156
   15    0  204  100  215    0  127  193  146    0  211   93    0    0
    0    0    0    0    0    0    0    0    0    0    0    0    0    0
    0    0    0    0    0    0    0    0    0    0    0    0    0    0
    0    0    0    0    0    0    0 5192]
---------
