---------
Problem: journal-set/X/X-n219-k73.vrp , Best known: 0
Time elapsed: 10.5213 secs Time per loop: 1.0521 secs
---------
Stopped at generation 10, Best cost: 5200, from Generation: 1
---------
Best solution: [   1    0    0  172  136   58    0  189   37   96    0   71  128  106
    0  155  134  206    0   91  118  195    0  210   90   39    0   18
  211  196    0   34   88   83    0   52   13  209    0   75  132  125
    0  205   25  193    0  187   11  190    0  171   50  162    0  135
   10    3    0  197  168  137    0   17  213  102    0   53  150  156
    0  191  203  178    0   38  154  184    0  114   89  147    0   43
  103  101    0   85   62  166    0  131  186  153    0    2  212  116
    0   40  159  217    0   66   19  120    0  204   23  112    0   59
  145   30    0  126   73   12    0   16  199  173    0  188   86   46
    0    7   28  167    0   95  208  180    0  176  119   74    0    6
  144  201    0  192   48  181    0   22   72    9    0  139   87    4
    0   78    5  146    0  107  194  170    0  133    8  111    0  129
  161  218    0  105  151    1    0  175   15   56    0   45  141  160
    0  216   21  104    0   26   29   76    0  164   69   41    0   33
   51  157    0   32  143   93    0  149   24   68    0  152   70  138
    0  177   55   20    0   47  169   99    0  115   97   54    0  117
  198  200    0   60   77  122    0  158   80   31    0   49  121   84
    0   65  142   64    0   67  163   57    0  185  207   81    0   98
   42  183    0  214   63   27    0  110  109  113    0   82  123  179
    0   94  182  165    0  202   35  130    0  108   44  127    0   14
  100   79    0  174  215  124    0  140  148   36    0   61   92    0
    0    0    0    0    0    0    0    0    0    0    0    0    0    0
    0    0    0    0    0    0    0    0    0    0    0    0    0    0
    0    0    0    0    0    0    0 5200]
---------
