---------
Problem: journal-set/X/X-n219-k73.vrp , Best known: 0
Time elapsed: 11.0337 secs Time per loop: 1.1034 secs
---------
Stopped at generation 10, Best cost: 163047, from Generation: 1
---------
Best solution: [     1      0     36    190     62      0     45     11    201      0
    155    123      6      0      4    206     39      0    138     69
     96      0    157    106     24      0    129    194    124      0
    175     40    101      0    146     21    136      0    211     59
    170      0     18     56     58      0     16    196      2      0
    122    109     32      0    102    209     20      0      7     37
     31      0     91    139     46      0    183     29     95      0
     34    203     55      0    188     49    118      0     41    200
     33      0     73    126    177      0    144     86    202      0
     60    103    174      0     83     82    176      0     30    207
    112      0    167    149    162      0    173    145    130      0
     98    117    141      0    147    164    127      0    215    154
     53      0    135    181    166      0    150    100    131      0
    116    205    185      0    108    107    110      0     87     77
    105      0    212     66     61      0     71    137     27      0
     88    198      9      0    172    156    120      0     65    217
      3      0     78    218     12      0    178    158    128      0
    161     23    197      0    133     22    153      0    184    187
     42      0     89     14    134      0    168     94    151      0
     38    171    132      0    142     17     25      0      5    115
    140      0     15    195      8      0    143     97    193      0
    204     68     99      0     85     13     93      0     52    152
    189      0      1     28    179      0     48    119     81      0
    148     72     76      0     54    104    169      0     84     64
     51      0    159     57     92      0    121     35    216      0
     19    213    210      0     10     90    113      0     74     70
    208      0    114     67     63      0    182    186     47      0
     79    192    180      0     43     80    191      0    160     26
    165      0     50    163    214      0    125    199     75      0
    111     44      0      0      0      0      0      0      0      0
      0      0      0      0      0      0      0      0      0      0
      0      0      0      0      0      0      0      0      0      0
      0      0      0      0      0      0      0      0      0 163047]
---------
