---------
Problem: journal-set/X/X-n219-k73.vrp , Best known: 0
Time elapsed: 14.0769 secs Time per loop: 1.4077 secs
---------
Stopped at generation 10, Best cost: 4999, from Generation: 1
---------
Best solution: [   1    0  166   30    0  164   19   34    0   84  208  193    0   53
  196   52    0   99  174  198    0  180  143  186    0   72   29   73
    0   85  129  167    0    3  175   38    0   56  104  153    0  170
  206  214    0   50  213   58    0   62   86   77    0   98   63   10
    0   35  142  125    0  165   74  190    0  133  199  197    0  137
   78   27    0   51  160  114    0  176  163  182    0   83  171  148
    0   26   47  194    0   91   14  209    0    1   79  211    0  150
  100   94    0  108   70   25    0   12  203  105    0   88  119  123
    0  183  120   75    0  192   21  136    0   64  103  118    0  127
   90  126    0  210  149    4    0  139    8  132    0   18    7  134
    0  187  140  135    0  177  106  122    0  145   55  121    0  146
  195   24    0   13  154   31    0  116  201  157    0  141  169  200
    0   60  215  173    0   49   65  178    0   41   28  189    0  207
   33   40    0  191  113  112    0  185  130  159    0  202   67  151
    0  212  161  168    0   59  156   37    0   89  144    2    0  158
  117   16    0   76  181   95    0  138   66  205    0  188  111  184
    0   71   11   54    0   97  204   69    0   45   48   36    0   93
    5   39    0  162   44  179    0  107    6   68    0   43  101    9
    0   82   42  147    0   96  217   32    0   46  109  110    0   23
   80  216    0   20   22  128    0  172   57   17    0   87   81  131
    0  124  115  155    0  152  102  218    0   61   15   92    0    0
    0    0    0    0    0    0    0    0    0    0    0    0    0    0
    0    0    0    0    0    0    0    0    0    0    0    0    0    0
    0    0    0    0    0    0    0 4999]
---------
