---------
Problem: journal-set/X/X-n219-k73.vrp , Best known: 0
Time elapsed: 11.2322 secs Time per loop: 1.1232 secs
---------
Stopped at generation 10, Best cost: 4942, from Generation: 1
---------
Best solution: [   1    0  212   17  207    0  138  211   85    0    4    1   75    0
    5  117   82    0    7    2   24    0    3  137  148    0   25  145
   28    0   96   11  187    0    9   66   48    0  104   19   68    0
  119   23   14    0  126  184   80    0   16   26   36    0   30  129
   27    0   88   59   18    0   91   38   69    0   37  175   40    0
   64   97  123    0   61  132  205    0  112  193   32    0  167  139
  153    0  204   67  151    0  141  182  210    0   45  200   74    0
   15  130   84    0   10   34   93    0    6  140  110    0   81    8
  165    0  161  198  113    0   46  106  146    0  206  111   53    0
  135   83  185    0  114   90  218    0  203  216  115    0  189  192
  180    0   13  179  176    0  171  174  183    0  209   89  170    0
  188  162  166    0  134   21  173    0   52  100  158    0  102   22
   12    0   87   55  118    0  154   29   56    0  131  199  122    0
   99  152   76    0   31   57  156    0  190   60   35    0  217  159
  169    0  164   62  178    0   41  172  128    0  108  215   73    0
   78  181  125    0  213  186   42    0  208   79  191    0   43   77
  177    0   71   86  197    0   47   92   72    0  214  121   95    0
   49   94   20    0   98   50  101    0  105  143  109    0  116   51
  124    0  194  195  196    0  201  127   39    0  133   33   65    0
  120  103  202    0  136   63   54    0  107  142   44    0  147  168
  144    0  149  163   70    0  155   58  150    0  157  160    0    0
    0    0    0    0    0    0    0    0    0    0    0    0    0    0
    0    0    0    0    0    0    0    0    0    0    0    0    0    0
    0    0    0    0    0    0    0 4942]
---------
