---------
Problem: journal-set/X/X-n219-k73.vrp , Best known: 0
Time elapsed: 9.5561 secs Time per loop: 0.9556 secs
---------
Stopped at generation 10, Best cost: 2446, from Generation: 1
---------
Best solution: [   1    0   20  194    0   34   55  105    0   30    3    2    0   30
   19    8    0   35   39   30    0  218    1   62    0   30    7   40
    0   30   28  167    0   77   26   30    0   48   16   30    0   30
   30   75    0   30   43  115    0    9   30   30    0   30   37  190
    0   61   30   30    0   30    5   18    0   30   30   30    0  146
   30   30    0   30    4   53    0   30   30   30    0   30   10   30
    0   30   45   41    0   30   30   30    0   36   30   30    0   30
   30   30    0   30   30   30    0   30   30   30    0   30   30   81
    0   30   30   30    0   30   30   30    0   30   30   30    0   30
   67   13    0   11   30   30    0   30   30   30    0   30   30   51
    0   30   30   30    0   30   30   30    0  110  132   30    0  127
   64   30    0   30   30   30    0  123   30   30    0   32   30   30
    0   80  198   30    0   30   30  196    0   12   30   30    0   14
   30   30    0   30   30   30    0  179   30   30    0   30   47   30
    0    6  156   65    0   30   30   70    0   30   30   30    0   30
   30   30    0   30   30   30    0   30   27   25    0   83   30   30
    0   30   30   30    0   95   30   30    0   30  178  133    0   30
   30   30    0   30   30   30    0   30   30   30    0   30   30   30
    0   30   30   30    0   30   30   30    0   30   30   30    0   30
   30   30    0   30   30   30    0   30   30   30    0   30   30   30
    0   30   30   30    0   30   30   30    0   30   30   30    0   30
   30   30    0   30   30   30    0   30   30   30    0   30   30   30
    0   30   30   30    0   30   30   30    0   30   30   30    0  153
   30   30    0   30  181  140    0 2446]
---------
