---------
Problem: journal-set/X/X-n219-k73.vrp , Best known: 0
Time elapsed: 9.8153 secs Time per loop: 0.9815 secs
---------
Stopped at generation 10, Best cost: 3493, from Generation: 1
---------
Best solution: [   1    0    0  105  107  167    0   46   37    7    0   71  192    5
    0  218   53   93    0  110   41   70    0   85   98  100    0  104
   49  173    0   61   74  112    0    2   80    4    0  120   59  136
    0  142   72   88    0   38   69  141    0   82   94   44    0   67
  151   89    0  148  211  124    0  196  103  161    0   77   79   52
    0  191  174  111    0  172  143  121    0   78   73  169    0   96
   99  134    0  190  188  125    0  189  135  119    0  146  138  193
    0  150   21  101    0  176  213  152    0   42  212  116    0  171
   81  109    0   76  122  180    0  200  182  201    0  206   29  217
    0  129  204  202    0  108  106   66    0  131  147   22    0  139
   47  203    0  208  177   12    0  164  163  185    0   57   34  210
    0  145   54  160    0   62  159   58    0  157  205  162    0   84
  187  209    0  194    8   55    0  216   50  214    0   87   40   27
    0  183  133    6    0  184  199   14    0   64  102  181    0    0
    0    0    0    0    0    0    0    0    0    0    0    0    0    0
    0    0    0    0    0    0    0    0    0    0    0    0    0    0
    0    0    0    0    0    0    0    0    0    0    0    0    0    0
    0    0    0    0    0    0    0    0    0    0    0    0    0    0
    0    0    0    0    0    0    0    0    0    0    0    0    0    0
    0    0    0    0    0    0    0    0    0    0    0    0    0    0
    0    0    0    0    0    0    0    0    0    0    0    0    0    0
    0    0    0    0    0    0    0    0    0    0    0    0    0    0
    0    0    0    0    0    0    0    0    0    0    0    0    0    0
    0    0    0    0    0    0    0 3493]
---------
