---------
Problem: journal-set/X/X-n219-k73.vrp , Best known: 0
Time elapsed: 10.8771 secs Time per loop: 1.0877 secs
---------
Stopped at generation 10, Best cost: 160443, from Generation: 1
---------
Best solution: [     1      0    122     19     82      0    188     32    127      0
     30      4     64      0    134     36     74      0     23      2
     76      0     14     55     77      0     81      6     49      0
     34     73     79      0     48     43    106      0    102     89
     61      0    132    117    139      0    103    130    116      0
    110    105    140      0    115    107    189      0    152     25
    138      0     95    207     83      0     37    148    210      0
    165     57    171      0    149    177     44      0    175    211
     16      0    201    214    164      0     33    209     12      0
     99    136     40      0     72     98     27      0    193    155
     56      0      3    104    120      0     86    118    172      0
    121     66    114      0      5    141    215      0    143    142
    197      0    151    184    129      0     87    135    147      0
    137    161     13      0    169    163    194      0     29    100
     63      0    150    133    181      0     59    126    124      0
    198    158     35      0    131    109     52      0    192     21
    144      0    213    200     53      0    111    212    128      0
     68    101    204      0    206    190    146      0    208     80
     96      0    216     45    170      0    160     85    166      0
     88     94    183      0    112     38     15      0    108    123
    218      0     62    203    168      0     71     20    179      0
    173      9      7      0     91     41    217      0    191     39
    187      0     11     28    199      0    156     18     93      0
     92     84     75      0    119    174    185      0     17     65
    178      0    113     60    196      0    205     69     70      0
     24     42     58      0     97     22    153      0     47    195
    154      0     54     50      8      0    180    159     31      0
     46    202     90      0    186    145    182      0    167     26
     78      0    157      1    176      0    125    162     51      0
     67     10      0      0      0      0      0      0      0      0
      0      0      0      0      0      0      0      0      0      0
      0      0      0      0      0      0      0      0      0      0
      0      0      0      0      0      0      0      0      0 160443]
---------
