---------
Problem: journal-set/X/X-n219-k73.vrp , Best known: 0
Time elapsed: 11.5394 secs Time per loop: 1.1539 secs
---------
Stopped at generation 10, Best cost: 183645, from Generation: 1
---------
Best solution: [     1      0     34     23      0    115     97     43      0     20
    212     33      0    200     14     30      0    169    171     12
      0     64     16     13      0     71     31     25      0    191
     19     21      0     78     22     85      0    137     17     15
      0    210    145     18      0      4    179     54      0     11
    215    110      0    155      7      3      0     63     42    163
      0    131     10    187      0     11      2     70      0    164
    107      6      0      4    140    177      0    180      9      5
      0     61      1     32      0     39      6     46      0     57
     40    172      0      9     41    201      0     44     80    143
      0     88      2     37      0     36     58      1      0     24
    175    136      0    132     27    162      0    208     46     48
      0     39    193    194      0    138     59    189      0     37
     55     51      0    147     82     49      0     38     69     91
      0     53     62    146      0     60     65     13      0     44
     89     76      0    205     79     10      0     36     74    218
      0     81    152     74      0    130     29     77      0     73
    184     95      0    108     96    209      0    198     86     95
      0     26    101    103      0    170     48     41      0    168
     99     93      0    105     50     84      0     24     28     92
      0     59     94    118      0     52    114    195      0    112
     68     53      0     51     66    116      0     35    111    104
      0    119     67     60      0    128    154     81      0     76
     72    120      0    100     14     73      0     56    117    113
      0    124     90     79      0     83     77    121      0     87
    144     84      0     93    125    217      0    126    105     47
      0    128    102    123      0     99    106    129      0    141
     98    112      0      3    133     45      0    111    119    134
      0    114    135    113      0    124    139    117      0    150
    109    120      0     86    142    148      0    153     22    125
      0    178    149    157      0    122    165    134      0    127
    167    166      0    135    158    139      0    173    160    133
      0    150    156    176      0    214    188    185      0 183645]
---------
