---------
Problem: journal-set/X/X-n219-k73.vrp , Best known: 0
Time elapsed: 11.4328 secs Time per loop: 1.1433 secs
---------
Stopped at generation 10, Best cost: 4957, from Generation: 1
---------
Best solution: [   1    0    0  129  130   11    0  183   39  132    0   18   44  120
    0  210  215  111    0  201   10  117    0  106  197   24    0  125
   21   43    0  112   52   90    0  157  187  149    0   76   72  158
    0   79   60  140    0   40   32  110    0   61  152  172    0   91
   19   29    0  218  186  142    0   95  122   98    0  143   23  104
    0  147   67  113    0   64  214  177    0    2  126   33    0   12
  209  190    0   50  203   99    0   66   97  115    0   58   68  191
    0  184  182   17    0  188  192  124    0   87   28   30    0   25
  161   78    0  162  148  165    0    9    5   56    0  216  103   94
    0   54  135   75    0  193  189  185    0   38  199  123    0    8
   55  109    0   63  100  206    0  150  200  101    0   27   62   85
    0    1  173   93    0   42  151   77    0  179  133  137    0  212
   80  119    0  156   14  207    0  138   16   31    0   34   22  217
    0    3  154   73    0  155   37  153    0  146  127  167    0  141
    6  176    0   96   53   13    0  134  211   41    0  169  139  108
    0  114   49   57    0   81  105  159    0   15  174   26    0  102
  175   59    0   86  163   47    0  136  198  204    0  196    7  205
    0   51   65  166    0   84  121    4    0  160  202   83    0   92
   45   35    0   82  118  131    0   88   70   71    0  178  170  180
    0   69  144   48    0   89  171  116    0  213  195  128    0   36
   74   20    0  164  208   46    0  194  145  107    0  168  181    0
    0    0    0    0    0    0    0    0    0    0    0    0    0    0
    0    0    0    0    0    0    0    0    0    0    0    0    0    0
    0    0    0    0    0    0    0 4957]
---------
