---------
Problem: journal-set/X/X-n219-k73.vrp , Best known: 0
Time elapsed: 11.0061 secs Time per loop: 1.1006 secs
---------
Stopped at generation 10, Best cost: 159164, from Generation: 1
---------
Best solution: [     1      0    124     11     10      0    116     56     30      0
     20     38      2      0     33     28    182      0      3     78
    142      0    162     26    125      0    201    168     59      0
    194      7    137      0     19    135    202      0    138     44
      4      0     99     22    156      0     18     41     29      0
    159    175    212      0     48    203     17      0      5     60
     34      0     16    107     36      0     81     32     93      0
     43    197     64      0    216     80     13      0     62     86
     24      0     52     67     83      0     39     79     54      0
    176    122     65      0     90    106     98      0     97    214
    101      0    104     50    126      0    155    158    114      0
    184    105    141      0    112    190     25      0    149    204
    140      0    113     35     66      0    121    145    146      0
    192    129    133      0    130    147     61      0     15    136
    153      0    132    160    157      0    131    170     69      0
     87    173    166      0    143     94    185      0      1    164
    193      0    178    167    177      0     82    198    169      0
    163     75    208      0    179     70    218      0     53    205
    181      0     51    109     71      0    209     72    110      0
     76     55    188      0    123     89     57      0    115    100
     23      0     31     37    200      0    180    108     12      0
    117    199    150      0    187    213    165      0     95     58
    211      0     45    111     96      0    191     92     40      0
    119    186      8      0    171     42    174      0    127    206
      6      0    210     73    172      0    120    118    154      0
     14     63     27      0    196     49     21      0    102    148
    207      0     46     77    183      0     47    103    151      0
    128     74    189      0     88    152    134      0     91    215
    195      0     84     68    161      0    217    144      9      0
     85    139      0      0      0      0      0      0      0      0
      0      0      0      0      0      0      0      0      0      0
      0      0      0      0      0      0      0      0      0      0
      0      0      0      0      0      0      0      0      0 159164]
---------
