---------
Problem: journal-set/X/X-n219-k73.vrp , Best known: 0
Time elapsed: 13.8072 secs Time per loop: 1.3807 secs
---------
Stopped at generation 10, Best cost: 5004, from Generation: 1
---------
Best solution: [   1    0   52  122   76    0   53    2  154    0   27   24   21    0
  118   29  195    0    4   26   83    0   25   96   43    0  110   70
  190    0   30  127    9    0   15   58  132    0   61   82   51    0
  163  142   19    0  146   74   93    0  217   57  147    0   75   23
   28    0   95  157   81    0   18  192    5    0   88  218  206    0
  183  141   31    0  144   94   73    0   32   97  214    0  148   42
  114    0    1  111   34    0  164  125  170    0  197  143  187    0
   36  130  149    0   80   14   78    0   62  161   38    0  137  165
   39    0   99   60  169    0  158  198  205    0  193  182   59    0
  201   40   56    0  181   84  191    0   48  171   41    0  166  104
  100    0   64  215   44    0  156  186  216    0  208   68    8    0
   71  175  153    0    7   92   16    0  172   72   35    0  189   98
  167    0  202  101    3    0  188  179  211    0  102   65  103    0
  160  121  106    0  108   10  131    0   20  209   37    0  176  109
  116    0   67  174   13    0  123  196   85    0   11  126   63    0
  173   77    6    0   45  145  213    0   17  212   69    0   46  210
  185    0  129   55   86    0   79  113  207    0   66   90  203    0
  139  199   22    0   49  120   47    0  135  204  194    0  136  184
  119    0  134   89  152    0  178   50  162    0  140  168  128    0
  112  200  133    0  159   12  155    0  138   54  117    0  180  151
  105    0  115  177  107    0  150   33   91    0  124   87    0    0
    0    0    0    0    0    0    0    0    0    0    0    0    0    0
    0    0    0    0    0    0    0    0    0    0    0    0    0    0
    0    0    0    0    0    0    0 5004]
---------
