---------
Problem: journal-set/X/X-n384-k52.vrp , Best known: 0
Time elapsed: 12062.9146 secs Time per loop: 0.2413 secs
---------
Stopped at generation 50000, Best cost: 72087, from Generation: 50000
---------
Best solution: [50000     0   160   273    42   151    22     0   221    56   347   268
   303   306    24     0   331   313   145   232   364   127   368     0
    58    17   344    26   167   242     0   354     3    84   247   309
    94    62     0    63   109   271   263     2   334    82     0    59
   241   147   217    81    73    87     0   283   267    67   138   189
   361   130     0    52   208    76   154   363   204   220     0   224
   132   358   122    78   243   317   175     0   316    71   320    88
   240   101    25     0   335    19   126   105   222   178   292     0
    38    29   301   213    55    61   336     0   162   214   180   157
   370     7   171     0   246   378   106   275   107    11   192     0
   261    79   314    37   251    46    97     0    85   255   266   250
   357   290   253     0   169   116   205    91   239   245    95     0
    89   235   376   356   100   300   324   114     0   143   269   184
   203   236   346   371     0   187   258   115   277   340   196   379
     0   223   369   111   146    74   323   110     0   332   131   381
    23   193   330    49     0    51   102   326   254   153   280     0
   134   141   298   270   152   139   259   209     0   248    41   366
    50    30   229   321     4     0   383   257     8   197    96    99
   367     0   199    45   210   166    93   287    12     0   282   112
   124   279   373   299   149     0   181    48   123    72   202   328
   262     0   234    44    90   325   201   230   342     0   348     6
     5   170   238   200     0   148   343    34   161   359   173   117
     0   322   333    35   294   195    70   108     0   194   218   174
    92   329   353   183     0   302   119    54    83   140   260   113
   272     0   252   284    75   295   158   182   360     0   207    14
   319   377   150    80   350     0   133   297   155   190    39   308
   226   281   339     0   345   355   165   228    98    21   341     0
   327    10   188   293   337   278    16     0   285   219   212     9
    64    86   144    66     0   351   191   168   288   237   216    60
    40     0   311   186    20   103    33   129   176     0    69    27
   137   136   289   372   312     0    68   305   315   233   256    36
    15   375     0   128   156   120   374   244    77    13     0   135
     1   310   296   291   118    47     0    28   164   179   227   172
   104    57     0   382    18   318   206    53   362     0   163    31
   185   215   231   198   274     0   121   211   159   338    32   304
   349     0    65   380   264   265   365   276   142     0   125   286
   307   225   249     0   352   177    43     0     0     0     0     0
     0     0     0     0     0     0     0     0     0     0     0     0
     0     0     0     0     0     0     0     0     0     0     0     0
     0     0     0     0     0     0     0     0     0     0     0     0
     0     0     0     0     0     0     0     0     0     0     0     0
     0     0     0     0     0     0     0     0     0     0     0     0
     0     0     0     0     0     0     0     0     0     0     0     0
     0     0     0     0     0     0     0     0     0     0     0     0
     0     0     0     0     0     0     0     0     0     0     0     0
     0     0     0     0     0     0     0     0     0     0     0     0
     0     0     0     0     0     0     0     0     0     0     0     0
     0     0     0     0     0     0     0     0     0     0     0     0
     0 72087]
---------
