---------
Problem: journal-set/X/X-n376-k94.vrp , Best known: 0
Time elapsed: 8316.832 secs Time per loop: 0.1663 secs
---------
Stopped at generation 50000, Best cost: 149684, from Generation: 50000
---------
Best solution: [ 50000      0     87    298    119    110      0     38    295    269
    164      0    352    111    107    235      0    118     23     17
    246      0    316    234     67    322      0    152     90    338
    287      0    328    373     66    149      0    241    156    251
    114      0      8    137    169      2      0    221    193    270
    109      0     27    183    325    347      0    100     37    151
     16      0    362     71    141    267      0    176    247    215
    291      0    346    182    315    365      0    244    248    134
     33      0    331    198    178    250      0    127    263     54
    304      0    174     44      9     40      0    225    329    366
    354      0    208    301    343    116      0     76    300     55
    217      0    104    142    145    136      0    155    196    237
     11      0     41      3     18    129      0    170     22     63
    349      0    372    279    311     51      0     14    310    218
    207      0    364    297    101    289      0    351    192    130
    341      0     20    314    154     82      0     83    292    124
     77      0    224    324    202    266      0    123     25    281
     47      0    177    117    257    334      0     46    326     34
     85      0    369     52    252    200      0    268     45    185
    139      0    173      7    262    253      0    159    157    102
     72      0    321    360    163    238      0    294    199    230
     43      0    213    168    309    132      0     12    282     91
    206      0    203    274    143     68      0    272    162    165
    312      0    264    105    239     36      0    370    363    327
    125      0     61    313     74    106      0    359    254    115
     42      0     57    201    209    278      0    228     96     13
     19      0    283    356    306      1      0    216    219     50
    220      0    108      5    194    265      0    344    233     98
    236      0    323    112    345     64      0    375     94    126
    243      0    317    166    161    368      0    350    367     24
    222      0    342     35    147    122      0     89    211     93
    275      0    153    249     56     10      0    226    120    188
     26      0    195    273    259     95      0    180    296    271
    191      0    204     62    172    355      0     69    286     53
    348      0    361    280    318    146      0     49     81    337
    288      0      6    189    113     99      0    261    171     65
    245      0    187    277     92    335      0     32    190    305
    374      0    307    205    128    308      0    148     84    181
     48      0     73    140    197    256      0     75    336    144
    302      0    276    229    138      4      0    339    186    214
     28      0     79    131     31    179      0     59    258     70
    353      0    232    333     21     88      0    303    319    158
    332      0    320    284    135    293      0    133     97    184
    255      0    242    231    358     39      0    121    357     58
    160      0    210    103     15    260      0     60    330    223
     80      0    340    290    371    240      0    299     30    227
    167      0    175     29     78     86      0    285    150    212
      0      0      0      0      0      0      0      0      0      0
      0      0      0      0      0      0      0      0      0      0
      0      0      0      0      0      0      0      0      0      0
      0      0      0      0      0      0      0      0      0      0
      0      0      0      0      0      0      0      0      0      0
      0      0      0      0      0      0      0      0      0      0
      0      0      0      0      0      0      0      0      0      0
      0      0      0      0      0      0      0      0      0      0
      0      0      0      0      0      0      0      0      0      0
      0      0      0      0      0 149684]
---------
