---------
Problem: journal-set/X/X-n317-k53.vrp , Best known: 0
Time elapsed: 5809.5478 secs Time per loop: 0.1162 secs
---------
Stopped at generation 50000, Best cost: 79908, from Generation: 50000
---------
Best solution: [50000     0   260   259   268   253   200   130     0     7    43   233
   217   313    27     0    45   215    75   282   237    30     0   108
   289    14   198    92   151     0   314    15   155    42    85    78
     0   169   263     5   109   221    53     0   113   127   265     2
   312   202     0    90    84   224   205   238   242     0   246    49
   178   193   223   299     0    29   176   179    76    79   236     0
    12   157   138   207    13   273     0   122   295    34   126   293
    67     0    51   172    28    91   163   191     0    70   133   134
   112   298    44     0    52   204   269     6   255   277     0    35
    69     9   306    23   117     0   303   276     3    41    24   118
     0   131   219   173    98    48   166     0   120   228    50   152
    55    83     0   195   147   247    82   103   213     0   211   175
   119   279   308   171     0     4    64   184   231   286   275     0
   154   220    97    66   310   196     0   307   226   278   183   206
   165     0   248   111   261   244    99   105     0   110   280    95
   271    20    63     0   272   294    46   201   290    40     0    33
   212    36   210   156    31     0   304    86   181   190   107   189
     0   102    10   257    61   164    93     0   197    80   309    94
   287   168     0   115   174    54   140   159   124     0    11   300
    74    18   241   135     0   139    77   203    26   167   192     0
    37   170    25   283   254    22     0   274    19     1   150   288
   101     0   185   129   216   230   250   153     0   281   132   186
   291   136   232     0    58   214    47   137   177   270     0   114
   199    60   240   106    32     0   148    72   188   296   180   315
     0    89    62   160   218   144   285     0    59   266    56   239
   234    81     0   243    16   116   121   100   267     0    38   292
   125   194   316   262     0   141    88   227   104   142   209     0
   208    65    17   229     8   225     0    73    39   245   258   305
   252     0   256   143   311   162    21   264     0   128    68   146
   187   222   161     0   301    57   297   249   158   145     0    71
   302   182   149   123   235     0    96   251   284    87     0     0
     0     0     0     0     0     0     0     0     0     0     0     0
     0     0     0     0     0     0     0     0     0     0     0     0
     0     0     0     0     0     0     0     0     0     0     0     0
     0     0     0     0     0     0     0     0     0     0     0     0
     0     0     0     0     0     0     0     0     0     0     0     0
     0     0     0     0     0     0     0     0     0     0     0     0
     0     0     0     0     0     0     0     0     0     0     0     0
     0     0     0     0     0     0     0     0     0     0     0     0
     0     0     0     0     0     0     0     0 79908]
---------
