---------
Problem: journal-set/X/X-n336-k84.vrp , Best known: 0
Time elapsed: 12085.2187 secs Time per loop: 0.2417 secs
---------
Stopped at generation 50000, Best cost: 146573, from Generation: 50000
---------
Best solution: [ 50000      0    305      0     35     18    135      0    246    125
     24     63      0    331     93    232    227    277    149    138
      0    237    170      0    136    256     51      0    201    129
     81      0    142      5      0    323     99     67      0    166
     10      0    103    122      0     79    155     60      0    121
     52    106      0     90     11     26    280    239      0    191
    307     62      0    104    167     61    275      0    102    315
      0    251     64      0    242    140      0    176    314     76
      0    130    254      0    252    174    153      0    199    188
      0     56    207    224      0    286    183      0    299    296
      0    289    218      0    287    278     57      0    164    301
    271      0    197    214    281    145    203    333    306      0
    210      2    124      0     14    184    222      0    150    309
      0    108    211      3    198     66     83      0     17    325
      0     55    330    116      0      9    212    236      0    123
    276     46    216    215     44    115    141    292    173     77
    231      0    221    297    200    169    233    247    316    294
    269      0    321    175     53      0    328    134    329      0
    248    171    117      0    310     88    260      0      1    161
    110      0    157    317      0     13    128      0    249    133
     92      0    313      8    322    101      7    290    206    335
      0    332     80    303      0    181     42      0    243    118
    139    266     47     36      0    312    284    259      0    109
     78    165    114      0    209     27    196      0    204    320
    293     86    152     82      0    168    334      0    144    182
    327      0     25     33    258    255     71    185      0     41
     89    158      0     32    186    228    302     31     74    230
     12    208    119      0    241     15     58    179    273    151
    238    180      0    143     95    288      0    267    235    147
      0     28    137      0     75    283    244      0     16    272
     23      0    326    226    223      0      6    205    156     70
    111    177     68      0     19    308    270    154     94      0
    268    160     48     69      0    304     73    213     54    225
     65    195    172    319    162      0    107    159     59      0
     21    295    229    282    194    274    192      0     91    240
      0    291    234    131      0    263    112      0    217      4
    324    146      0     72    300      0     87     96      0    105
     20     22      0    132    298    163    178    219     85    190
      0     84     98     39      0    264    285    311     43    127
      0    265    220      0     40     29     49    245     45      0
    250    126    113     34     97      0    261     50    262     37
     30    257     38    193    253    120      0    148    187    279
      0    189    318    202    100      0      0      0      0      0
      0      0      0      0      0      0      0      0      0      0
      0      0      0      0      0      0      0      0      0      0
      0      0      0      0      0      0      0      0      0      0
      0      0      0      0      0      0      0      0      0      0
      0      0      0      0      0      0      0      0      0      0
      0      0      0      0      0      0      0      0      0      0
      0      0      0      0      0      0      0      0      0      0
      0      0      0      0      0 146573]
---------
