---------
Problem: journal-set/X/X-n420-k130.vrp , Best known: 0
Time elapsed: 18282.1453 secs Time per loop: 0.3656 secs
---------
Stopped at generation 50000, Best cost: 112249, from Generation: 50000
---------
Best solution: [ 50000      0    332    319    331      0    364    385      0    169
      7     49      4    108      0    204    375    220    314      0
    186     17      0    381    349    389    293      0    357     63
    397      0    122    306    256      0    345     28      0     75
    164    100      0    259    359    398      0    171    209      0
     92    149    245      0    369    254      0    117     82    125
     53      0    218    235    386    404    226      0     10    225
    373     12      0     39    338     99    146      0     86    207
    123     77      0    368    215    111      0    328    244    233
      0    153     20      0    413    302    418      0    172    155
    138      0    199    251    103      0    135     55    105      0
    113     72    154     88      0    325    394      0    124    137
     14     67      0    298    248    242    223      0    237    384
    261    365      0    407    361      0     90    104    201      0
     24    305      1      0    240    194    289    400      0     19
    229    176      0    414      2      0    175    190    163      0
    110    409    387    208    263      0     81    161      0     83
    158      0    258    327      0     32      9      0    304    276
    406    379    260      0    417    185      0    210    224    358
      0    367    390    142      0    180    203      0    383    329
    354      0     91    290      0     31    266    165      0    294
    403    402      0     97    159    128     15     74      0    410
    391    405    376      0    221    243    310    320    362      0
    297    127    269    250    284      0    120     60      0    380
    255     26      0     29    136      0     16    156      5      0
     70    360    315     64    277    216      0    179     44    173
      0    286    139      0     41    112    147      0     34    130
    330      0    271    334    321    301      0    257    341    299
    264      0    116     54    102      0    393    230    253      0
    326    206    280      0    167     94    162    115      0    396
    249    288    374      0    134    191    121      0    252     48
      0     51     25    316    101    177      0    411    353    236
    292      0    347    313      3    377      0    307    285    219
      0    278    356     76      0    343    195      0     33    246
    188    181      0    144    344      0    333    300      0     89
    148     38      0    197    129     58    114      0    109     93
     21      0     56     23      0    282    200    335    363      0
     22    157     59      0     62    151    182      0    317    355
    231      0    296    106    247    309      0    318    346    272
    311      0     61     46      0    340    382    239      0    287
     69      0     47    183      0    222     78    337      0     52
    133    348      0     98     71     36      0    401    399    174
      0    324    408      0      6    170    241      0    192     11
    152     40      0    265    118     79     42     66      0    126
    145    283     57      0    187     37    131    143      0     50
    371    339      0    416    415    366     18    342      0    198
    281    370    372      0    291    205     35      0    160    168
    323     45      0    267    312    270      0    132     87      0
    419    228    336      0     85      8     27      0     96    184
      0    262    388    217      0    140    193     68      0    213
     30    274    212      0    234    392      0     95    189    295
    378      0    238    412      0    211    214      0    119    196
     65      0     13    166    141      0    350    273      0    308
    279    202      0     84    275     43      0    352     80    227
      0    351    232    268    322    395      0    178    107    150
      0    303     73      0      0      0      0      0      0      0
      0      0      0      0      0      0      0      0      0      0
      0      0      0      0      0      0      0      0      0      0
      0      0      0      0      0      0      0      0      0      0
      0      0      0      0      0      0      0      0      0      0
      0      0      0      0      0      0      0      0      0      0
      0      0      0      0      0      0      0      0      0      0
      0      0      0      0      0      0      0      0      0      0
      0 112249]
---------
