---------
Problem: journal-set/X/X-n480-k70.vrp , Best known: 0
Time elapsed: 18903.5165 secs Time per loop: 0.3781 secs
---------
Stopped at generation 50000, Best cost: 98669, from Generation: 50000
---------
Best solution: [50000     0   393   210   219    53    94     0   290   205   364    54
   106    25     0   317   322   388   381   206    28     0   244   222
   383   445    93   438    76     0   176   329    46   305   443   415
   184     0   440    18   246   240    74   363    52     0   125   422
   476    47   200   273     0   345   130   331   341   343   347     0
   448    70   116   237   471   335     0   195   373   204   271   242
   199   466     0   460   261   390   231   157    16   318   187     0
   378   385   137   429     1    66     0   181   254   214   126   293
   262     0   436    45   405   227     4    22   312     0    19    51
   425   286   243   442   450     0   152   173   101     2   211   295
   340     0   112   402   291   267   172   270     0    87   171   258
   124    75    31     0   159   149    42   232   146    26   155     0
   439    95     5   122   444   253     0    60   256   119   395   351
   202    11     0   397   352   282   416   418   437   168     0   294
    30   473   281    90   245   348     0   226   283   301   275   104
   197     0   456    55   401    29   220   441   255     0   434   391
    97   156   268   396   308     0   413   277   344   427   144    91
   310     0   410    65   247   280    89   288    84     0   189   453
    48    10    43   433     0   194   143   150   463   313   117   141
   151     0   115   110   252    98   185   394   327     0    44   230
    36   177   257    59   455     0   234   320   196   400   420    27
     0   477   430    58   435   212   309     0   297   208   311   358
   180   201   349     0     8   475    56   302    49   367   128     0
    35   324   289    40   164   142     0   114   366    23    33   334
     0   314    73   474   121   454    32   468     0   398    50   113
   269   377   470     0   479   419   235     7   259   357   412     0
   170    13   409    72   218   215     0    39    34   299   188   190
   326   135     0   371   408    83   379   111   238     0   330   102
   182   467   406   328     0   174   292   298   303   217   399    38
     0   213   178   325   284   370   465    24     0   355   138   368
    41   260   175   407   333    80     0    77   338   145    21   136
     0   374   166    20    88   207     0   248   361   148   239   158
    14     0   133   316     9   147   339   233    12     0   225   404
   105   447   132   265     0   362   103   359   417   458   421     0
   165   131   274   423   457   469     0    92   118   449   169   386
   380   129     0    64   342   264    63   300   356   372     0   278
    17   229   392   462   140   387     0   461    68   263   228   337
    37     0   315   276   183    78   332   389   123     0   428    62
    99   134   249   451    15     0   464   250   360   446    85   203
     0   221   266   375   186   403   296     0    57   459   350    71
   167    86     0   236   426   179   241   223   107   304     0   127
    61   321   109   191   478   319     0   287   153   251   306    96
    69   382   100     0   369   414   279    67   160   323   452     0
   192   272   353   384     3   154    79   472     0   285   198   120
   336   365   424     0   209    82   108   376   216   431     0   346
   162   307   224   193   139   411     0    81   163   354     6   432
   161     0     0     0     0     0     0     0     0     0     0     0
     0     0     0     0     0     0     0     0     0     0     0     0
     0     0     0     0     0     0     0     0     0     0     0     0
     0     0     0     0     0     0     0     0     0     0     0     0
     0     0     0     0     0     0     0     0     0     0     0     0
     0     0     0     0     0     0     0     0     0     0     0     0
     0     0     0     0     0     0     0     0     0     0     0     0
     0     0     0     0     0     0     0     0     0     0     0     0
     0     0     0     0     0     0     0     0     0     0     0     0
     0     0     0     0     0     0     0     0     0     0     0     0
     0     0     0     0     0     0     0     0     0     0     0     0
     0     0     0     0     0     0     0     0     0     0     0     0
     0     0     0     0     0     0     0     0     0     0     0     0
     0     0     0     0     0     0     0     0     0     0     0     0
     0 98669]
---------
