---------
Problem: journal-set/X/X-n429-k61.vrp , Best known: 0
Time elapsed: 13912.1483 secs Time per loop: 0.2782 secs
---------
Stopped at generation 50000, Best cost: 76342, from Generation: 50000
---------
Best solution: [50000     0    77    23   211    35     0   109   391   274   278   409
   250   256     0   173   417   339   166   203   147   320     0   162
    84   252     5    90   241     0   404   368   120    52   197   114
     0    15   198   178   118    44   341     0   134   160   171   164
    63   196   318    99     0    45   311   408   268   378   294     0
   401   383   343    67   387    85   313     0    46   143   342   348
   119   299   251     0    38   148   392   141   254   384    93     0
   379   335   133   291   332    41     0   324   340   245   244   290
   322   206   328     0    95    55   185    71   129   375     0    33
   124   284   210   195    66     0   427   237   207   366   182   149
     0   223   230    36    58   312   407   377     0   308   139    34
   112    40     8     0   175   236   275   180   235   264     0   354
   138    61   216   174   406   425     0   153   246   100   205   146
   121     0    19   115   370   204   358    91   304     0   363   397
   361   372   293   329    57     0   345   414   420    68   419     0
   388   151   315   177    29   353   352     0   277   227   396    76
   266   186   176   239     0   373   405   389    12   331   300     0
   305   402    10   125   337   117    37     0   212   426   199   110
    94   382    53     0   202   365   323   303   108   356     0   214
   338   150   201   415   316   193     0   371   128   428   410   219
   142   280     0   400   111    64    98    26   249    78     0   398
    50   262   259   213   369   232     0    89   265   126    69   248
   113     0    21   362   122   258   327    54    13     0   297    48
   325    11   359   302     0   224   159    75   231   355   289    27
     0   301    30   279    43   272    22   263   282     0   295    18
   106   260   105   394   390     0   145   225    60   169     2   347
   188     0   306    79   163   123    97   189     0   381   413   156
   351    83    73    56     0   412   137   385     9   273   107     0
   242   253   416    59    72   267   411     0   364   276    20    81
   234    88     0   161   136   422   255   395   155     0   208   215
   346   424   152   187     0   240   116    16   367   270   127   333
     0    32    17   181   220   228    47   269     0   321   403   158
    14   326   360     0   292   135   217     6   229     4     0    42
    74    70   336   209    25   157     0   102     3   288   285   130
     7     0    80   191    82   167   317   222   287     0   307   132
    65   218   131   101   221     0   261   154   104   349   184   386
    96     0   238   421    24    62    51   243   257    87     0   350
   144     1   319   283   200   103     0   192    39   423    49   309
   226   298     0   286   296   399   170   140   374     0   310    31
   330   344   233   172    92     0   393   271    86   247   165   357
   190     0   183    28   179   168   314   334   380     0   376   194
   281   418     0     0     0     0     0     0     0     0     0     0
     0     0     0     0     0     0     0     0     0     0     0     0
     0     0     0     0     0     0     0     0     0     0     0     0
     0     0     0     0     0     0     0     0     0     0     0     0
     0     0     0     0     0     0     0     0     0     0     0     0
     0     0     0     0     0     0     0     0     0     0     0     0
     0     0     0     0     0     0     0     0     0     0     0     0
     0     0     0     0     0     0     0     0     0     0     0     0
     0     0     0     0     0     0     0     0     0     0     0     0
     0     0     0     0     0     0     0     0     0     0     0     0
     0     0     0     0     0     0     0     0     0     0     0     0
     0     0     0     0     0     0     0     0     0     0     0     0
     0     0     0     0     0     0     0     0 76342]
---------
