---------
Problem: journal-set/X/X-n469-k138.vrp , Best known: 0
Time elapsed: 27224.753 secs Time per loop: 0.5445 secs
---------
Stopped at generation 50000, Best cost: 230271, from Generation: 50000
---------
Best solution: [ 50000      0    120    297     53    255      0    266    244     43
      0    192    317    212      0    354    209    274      0     84
    126     16    164      0    398    253    239      0    231    261
    267      0    350    410    315      0    114    358     54      0
    161     87    259      0    439    286    392      0      9    149
      5      0    384    142    399      0    456    166    419      0
     97    307    386      0      7    393    228      0    117    375
    258      0    265    437    377      0    404    179    158    279
      0     22    194    175      0    289     91    160    129      0
    362    203    147      0    453    229    440      0    363     41
     85      0    418    134    348      0    221     29     93      0
    340    347     12      0    309     75    145      0    331    344
     70     62      0    298    198     59    352      0    319     94
      8      0    218    450    403      0      4     33    349      0
    427    464    407      0    277    306    204      0    269    416
    245      0    304    435    199      0     90    402     36      0
    458    165    250      0    411     79     66      0    271     39
    136      0     73    381    318      0    235     38     74      0
    327    170    282    130      0    281    394    210      0    330
    337    128      0    432    385    181      0    367    288    466
      0    387     11    409     95      0    183    305    246    370
      0    365    254    391      0    293    257    278      0    369
     34     27      0    202    247    226      0    223    213      3
      0     44    322     30      0    443    112    442    200      0
    373    151    222      0    276    460    240      0      2     52
     24      0    191    332    248    217      0      1    251    241
      0    208    359    174      0    135     35    390     65      0
    275    336     83     92      0     31     56    424      0    249
    372    353      0    396    294    195    205      0    197    140
    123    163      0    429    233    316      0    308    383    242
      0    144    444    196      0    428    382    371      0    287
    323    232      0     26    326    238     76      0    422    190
    421      0    272    425    426    260      0    264    176    116
      0     78    211    285      0    324    401    408      0    447
     99     21    292      0    333    225    329    468      0     71
    462    150      0    155     86    156      0    449     77    187
      0    320    314     57      0     63    236    121      0    313
    406    446      0    193    303     82      0    380    118    388
    454      0    220    291    243    106      0    216    256    280
      0    227    430    438      0     40    321    172      0     50
    143    104      0    252    107    374      0     98    177     68
      0    389    169    283    415      0    405    420    299      0
     47    400    433      0    182    184    103      0    111     28
    357      0    361    152    300      0     17    207    186    139
      0    461    328    451      0     80    131    148    343      0
    185     14    224      0     81    102    237    301      0    413
    168    455      0    125     37    296      0     45    230    412
      0    351    108    311      0    395    122    113      0    124
    100     64    127      0    167    310     15    434      0    133
    110    201      0    379     20    189      0    325    345    215
      0    463    263    452      0    436    270    334      0    115
     18    109      0    273     89    312      0    457     51    188
      0     13     60    356     25      0    366    290     88    180
      0    119    171    137     46      0    219    341     69    338
      0    378    295     19      0    138      6    159      0    355
    262    465      0    414    459    132      0    214    234    268
      0    346    105    153      0    376     42    397      0    342
    448    445     49      0     67     48    441    284      0    206
    431    101      0    178    173    364      0     96     23     10
     72      0    154    335    157     55      0    417    467    360
      0    302     32    339    146      0    423     61    368      0
     58    162    141      0      0      0      0      0      0      0
      0      0      0      0      0      0      0      0      0      0
      0      0      0      0      0      0      0      0      0      0
      0      0      0      0      0      0      0      0      0      0
      0      0      0      0      0      0      0      0      0      0
      0      0      0      0      0      0      0      0      0      0
      0      0      0      0      0      0      0      0      0      0
      0      0      0      0      0      0      0      0      0      0
      0      0      0      0      0      0      0      0      0      0
      0      0      0      0 230271]
---------
