---------
Problem: journal-set/X/X-n548-k50.vrp , Best known: 0
Time elapsed: 12468.6608 secs Time per loop: 0.2494 secs
---------
Stopped at generation 50000, Best cost: 95678, from Generation: 50000
---------
Best solution: [50000     0   544   502    28   533   388   436   373   472   404   474
   518     0   378   433    51    13   364    59     4   536   351   178
   316     0   181   501    64   210   376   175   216   289   369   319
    19     0   412   119   371   146   387   217   328   165   310   127
   432     0   235   483   449   347   242     8   311   512   470    53
   157     0    36   515   260    47   193   220   459   255   510   414
   393     0   394    35    60   266   247   543    37   135   224   538
    27     0   287    71   397    50   407   238    45   346    38   382
   495     0   225    78   493   492   427    26   348    77    79   231
    32     0    15   192   298   297   150   368   233   122    18    12
   439     0   417   537   177   365   443     7   386   164   416   151
   503     0   454   262   169     2     5   334    96   261    65   400
   379     0   307   355   391   170   505    74   284   171   325   482
   218     0   540   142   263   341   469    69   243   187   500    61
   370     0     1   542   421   473   291   130    40   353    56   419
   336     0   197    90   301    42   359   158   429   461   149   120
   377     0   312   491   363    73   478   206   245   362   184   200
   488     0   385   354   265   230    39   513   236    33    43   215
   109     0   489   306   141   406   335   300   194   208   179   398
   249     0   509   207   434   143   519   524   271   318   437   112
   108     0   111   372    63   209   221   357    58   228   241   251
   514     0    34   101   321   144   133   337   546   405   342    48
   292     0   441   167   227   383   137   252   356    97    68     9
   496     0   290   445   426   333   320   180   390   418   521   545
   464     0   168   191   329   267   270   264   199   258   511   463
   444     0   256   162    84   452   330     6   240   430   455   484
   401     0   116   343   294   275     3   352    87    54   498   409
   530     0    41    31   486   303    24    23   277   185   326   302
   428     0   131    98    44   272   340    14   102    10   456   173
   315     0   547   293   229   485    67   523    95   422   381   186
   205     0    20   442   114   147   532   528   481   392    80   211
    52     0   539   232   522   115   375   457   339   313   288   526
   105     0   448   450   278   106   471   395   411   123   237   128
   190     0   327   506   110   280   490   174   309   435    66   286
   156     0   107   508    57   159   460   480   103   322   476   338
   172     0   344   438   467   282   163   440    86   466    92    85
   299     0   212   234   367   402   420   126    93   424    89   273
   276     0   525   462    46   403   477   516    82   332   139   268
   531     0   504   534    49   389   113   358    75    83    99    72
   155     0   153    17   520   446   468   423    88   499   541   257
   323     0   425    55   517   281   196   308   132   447   140   154
    76     0   100   118   494   223   487   134   314   396   465   166
   202     0   269    22   244   226   431   182   350   384   366   253
   497     0   345   121   475   104   507   248    81    70    62   152
   117     0   138   399   145   296   148   246   458   413    94   204
   195     0   129   453   529   535    91    25   283   324   451   408
   305     0   214   250   259   213   304   374   295    11   479   160
   161     0   380   219   285   125   189   198   203   317    29   201
   239     0   274   415   279   331   349   222   124   360    21   176
    16     0   183   410   527   136    30   188   361   254     0     0
     0     0     0     0     0     0     0     0     0     0     0     0
     0     0     0     0     0     0     0     0     0     0     0     0
     0     0     0     0     0     0     0     0     0     0     0     0
     0     0     0     0     0     0     0     0     0     0     0     0
     0     0     0     0     0     0     0     0     0     0     0     0
     0     0     0     0     0     0     0     0     0     0     0     0
     0     0     0     0     0     0     0     0     0     0     0     0
     0     0     0     0     0     0     0     0     0     0     0     0
     0     0     0     0     0     0     0     0     0     0     0     0
     0     0     0     0     0     0     0     0     0     0     0     0
     0     0     0     0     0     0     0     0     0     0     0     0
     0     0     0     0     0     0     0     0     0     0     0     0
     0     0     0     0     0     0     0     0     0     0     0     0
     0     0     0     0     0     0     0     0     0     0     0     0
     0     0     0     0     0     0     0     0     0     0     0     0
     0     0     0     0     0     0     0     0     0     0     0     0
     0     0     0     0     0     0     0     0     0     0     0     0
     0     0     0     0     0     0     0     0     0     0     0     0
     0     0     0     0     0     0     0 95678]
---------
