---------
Problem: journal-set/X/X-n599-k92.vrp , Best known: 0
Time elapsed: 32546.9446 secs Time per loop: 0.6509 secs
---------
Stopped at generation 50000, Best cost: 121959, from Generation: 50000
---------
Best solution: [ 50000      0    250    260     72     36     30    507    564      0
    271    202    219    275    442      0     26    325    168    529
     77    515      0    393      4     80     46     19    178      0
    499    561    409     11    551    303      0    246    181    235
    136    330    254      0     59    458    310    390     18    368
    119      0    296    571    568    432    163      0    556    114
    431    352    354    144    400      0     48    186    385    552
    203    150    392      0    514     16    286    406    161    491
      0    578    580    212    341    575    474    398      0     45
    188    533     73    101    343    228      0    542    189    208
     28    248    180      0    379     74    460    375    475      0
    492    110    358    140    456    283      0     95    554    410
    470    300    226      0    482    588    421    298    395    402
      0    438    295    576    129    243    367      0    373     31
    405     24    594    324      0    102    135    213      8    232
    290    570      0    349    304    521     83    132     33      0
    377    446     38    288     69    544      0    266    322    339
    276    414    416     99      0    233    234    191    301    465
    401    557      0    360    527    477    113    472    143      0
    141    518     67    265    581    397      0     35    145    272
    147    513    297     20      0    476    179    255    207    566
      3      0    371    522    534    224    215    541    403      0
    289    308    498    496     13    146      0    365    396    525
     39    173    120      0    415     23    425    292     29     91
      0    182    589     78    115    505    198      0     22    434
     82    262    399    370      0    253    221    105    386    125
    495      0    593    523    167    342    378    494    579      0
     21     63    539    244    251    380      0    201    532     57
    238     86    596    336      0    454    510    209      2    327
    366      0    108    166    374    511    270    559    211      0
    449    340     50    187    256     97      0    591    488    334
    468    214    558      0    274    293    548     14     47    116
      0    441    184     66    394    118    137    500      0    524
     41    464    412     62    598      0    156    508     53    383
    333      0     71    281    126     32    227    420      0    149
     34    555     93    427    391      0    305    159    549     44
     43    199      0    128    423    481    489    528    142      0
    185     42    565     87     27    263    230      0    318    356
    307     94    587    294    344      0    148    537    176     84
    217    306    328      0    567    455    447    111    457    273
      0    345    411    487    172    316    151     79      0    223
    536     61    426    461     55      0    450    216    381    485
    359    229      0    222    319     64    369    473      0    577
     75    408    240    200     81      0    361     25    419     85
    355     54    597      0    353    194    467    127    451    520
      1      0    592     49    157     58    106    206      0     15
    225    107    480    332    430    112      0    117    268    331
    237    439    584      0    503     70    261    572    540      0
    459    550    501    164    590    462      0    100    175    242
    196    241      0    562    170    124    502    231      0    329
     76    372    317    452     56      0    389     60    569    417
    362    323      0    133     12    204    519    530    585      0
    545      9    121    560    479     88      0    351    169    413
     40    363    595      0    154    429    257    469    162    531
      0     52    346      5    315    466    174    574      0    138
    448    335    313    445      0    302    183    285    350     37
      0    122    347    287    435    236    109      0    483    152
    205      6     65    563      0    312    543    284    311    422
      7      0    165    264    252    104    314    299      0    249
    218    131    504    309    220      0    239    586    103    282
    338    277      0    506    171     89    337    267    407    197
      0    573     92    130    538    192    193    245      0    158
    364    348    190    437    484    387      0    247    444    139
     96    440    357      0    493    210    547    433    516    428
      0    526    320     90    388     17    463     10    279      0
    535    259    424    583    160    582      0    404    291    326
    123    517      0    453    478    509    436    195    512      0
    376    278    155    153    490     68    177      0    418     98
    134    384    280     51      0    546    497    258    443    486
    269      0    382    471    553    321      0      0      0      0
      0      0      0      0      0      0      0      0      0      0
      0      0      0      0      0      0      0      0      0      0
      0      0      0      0      0      0      0      0      0      0
      0      0      0      0      0      0      0      0      0      0
      0      0      0      0      0      0      0      0      0      0
      0      0      0      0      0      0      0      0      0      0
      0      0      0      0      0      0      0      0      0      0
      0      0      0      0      0      0      0      0      0      0
      0      0      0      0      0      0      0      0      0      0
      0      0      0      0      0      0      0      0      0      0
      0      0      0      0      0      0      0      0      0      0
      0      0      0      0      0      0      0      0      0      0
      0      0      0      0      0      0      0      0      0      0
      0      0      0      0      0      0      0      0      0      0
      0      0      0      0      0      0      0      0      0      0
      0      0      0      0      0      0      0      0      0      0
      0      0      0      0      0      0      0      0      0      0
      0      0      0      0      0      0      0      0      0      0
      0      0      0      0      0      0      0      0      0      0
      0      0      0      0      0      0      0      0      0 121959]
---------
