---------
Problem: journal-set/X/X-n586-k159.vrp , Best known: 0
Time elapsed: 39895.6339 secs Time per loop: 0.7979 secs
---------
Stopped at generation 50000, Best cost: 199527, from Generation: 50000
---------
Best solution: [ 50000      0     50    192    123    163      0    421    112    159
     65      0    298    549    288    322      0    535    392    253
      0    431    319    532    321    203      0    381    233     72
      0    295    563    338    347      0     58    129    197      0
    202    183     41      0    132    160    254      0    444    422
    577    100      0    274     31    408      0    145    184    403
    374      0    494    181    198      0    345    536    256      0
    370    318    150      0    341    493    263      0    575    363
    102     49      0    581    499    436      0     48    530    419
      0    232    513    350      0    486    346    531    344      0
    279    153    282    283      0    429    490    353      0    223
    367    187    267      0     52    151    216    101      0     79
     13     10    227      0    516    393    194    458      0    209
     12    177    180      0    248     14     39     21      0    293
    528    357      0    166    131    146    278      0    220    212
     18     62      0    390    413    384      0    467    139    472
      0     46    169    231      0    372    558    308    215      0
    412    567    464    340      0     15    449    272      0    176
    438    290    108      0     73    127     56     47      0    188
    178     25    106      0    130    182    331      0    439    437
    369      0    304    368    517      0    512    364    349    585
      0    199     32    252    245      0    411    144    185    511
      0    315    455    500      0    262     43    186    538      0
    196    480    560      0    452    544    342      0    529    325
    484     85      0    113    441    400     45      0     74    496
    508      0    377    573    433      0    548    339    552      0
     60    534      8    478      0     84    154    124    138      0
    501     78    389    380      0    454    471    362    463      0
    173    251    519      0    387    432    442      0    514    409
    583      0     76    234    503      0    382    229    162    371
      0     98     55    136     11      0    324    361    404      0
    526    401    507      0      2    111    255    246      0    140
    420    148      0    522    330    296      0    257    115     87
    161      0    523    354    461      0     23    568    329    336
      0     30    152    158     37      0    265    208    218      0
    307    378    466    554      0    240    300    289      0    156
    242    313      0    270    542    332    428      0    360     80
    335      0    524    275    249      0    510    391    294    424
      0    405     63     96      0     69     19     40      0    564
    505    306      0    241    276     42    157      0    352     66
     34    334      0    244    211     68    135      0    447    179
    566      0    550    222    238    462      0    394     94    540
      0    328    570    456    311      0    492    417    224    326
      0    399    509    450    351      0    191     61    107    109
      0    128    103     16     20      0    175    470    137    426
      0    366    561    579    134      0    149    174     36      0
    277     82    443    430      0    217    230    206      0      4
    355    281     92    425      0    210    133    200    261      0
    271     26    310      0     24    284    250      0     70    285
    226    189      0    316     89    580      0    460    491    476
    521      0    562    141    565      0    105    356    416    582
      0    545    520    309    379      0    465      7    214    515
      0    365      3    489    481      0    448    402     27    314
      0    457    312    165    383      0    118    291    219      0
      9    235    195      0     91     33    287    170      0    406
    423    320    388      0    546    125    292      0    264    225
    280      0    396    415    533    477      0    303    213    506
    576      0    164    268    171     95      0     44    110     81
     97      0    373    358    504      0    488    453    207      0
    502    547    317      0    343    446    539      0    414    120
    487      0    553    572    299    333    376      0    559     83
    266      0    397      5    348    201      0    305    537    386
    473      0     38    527    385    427      0    475    301    474
      0    578     99    556     93      0    119     88    259    273
      0    541    469    574      0    122    193    121      0    495
    571    359    440      0    375     53     54      0    205    395
     59    327      0    172    555     29    302      0    445    551
    410      0    498    435    557    518      0     75     35     77
    228      0    247     28     22    117      0    398    142    323
      0    434    459    116    483      0    543    236    237      0
    584    297    337    451      0    418    497     67    104      0
    190    479    239      0    126    114    260      0     64    286
     71      0    168    143    147    243      0    269    204     17
      0    525    221    258      0    485    468    569      0     86
     51    482    407      0    167      6     90      0      1     57
    155      0      0      0      0      0      0      0      0      0
      0      0      0      0      0      0      0      0      0      0
      0      0      0      0      0      0      0      0      0      0
      0      0      0      0      0      0      0      0      0      0
      0      0      0      0      0      0      0      0      0      0
      0      0      0      0      0      0      0      0      0      0
      0      0      0      0      0      0      0      0      0      0
      0      0      0      0      0      0      0      0      0      0
      0      0      0      0      0      0      0      0      0      0
      0      0      0      0      0      0      0      0      0      0
      0      0      0      0      0      0      0      0      0      0
      0      0      0      0      0      0      0      0      0      0
      0      0      0      0      0      0      0      0      0      0
 199527]
---------
