---------
Problem: journal-set/X/X-n655-k131.vrp , Best known: 0
Time elapsed: 26881.4626 secs Time per loop: 0.5376 secs
---------
Stopped at generation 50000, Best cost: 110246, from Generation: 50000
---------
Best solution: [ 50000      0    469     51     72    275    581      0    378    150
    523    457     78      0    127    453    522    199    578      0
    388    288    551    509    238      0    392    544    232    466
    371      0    549    394    246    409    337      0      4    411
    201    143     21      0    235    541    641    467    283      0
    359    374    339    550    287      0     95    340    477    298
    195      0     52    215    256     15    135      0    644    313
    158    317    142      0    289    348    282    144     64      0
    430    480    425    481    598      0    596    461    185    559
     57      0    532    163    482    161    181      0     23    465
    456    168    352      0    571    380    401    385    139      0
    619    613     93     68    361      0    320     29    515    520
    488      0    151     81    254    460    178      0    501    281
    393    442    208      0     67    591    101    534    611      0
    174    123    499    601    463      0    630    220    405    266
    526      0    193    410    138    355    495      0    583    179
    627    594    426      0    476    336    402     32    654      0
    248    226    533    566    200      0    153    639     85    203
     86      0    512      1    197    406    487      0     26    342
    358    167    490      0     14    628    274     61    291      0
    427    370    321    356    568      0    292    267    350    593
    305      0    372    273    295     35    322      0    561     56
    269    603     50      0    172    164    177    216    437      0
    429     27    173    382    415      0    475    557    221     74
    285      0    110    500    462    109    108      0     87     89
    575    585    349      0    140    227    528    377    546      0
     36    362    260    620    507      0    242    479     17    196
    636      0    449    404    631    148     28      0    323    517
    190    303    268      0    230    240     92    569    484      0
    646    299    652    595    510      0    270    504    548    118
    439      0    279    237    241    424     60      0    653    506
    503     37    600      0    278    137    315    369    360      0
    338    648     18    312    420      0    335    607      2    304
    293      0    474    560     46    106    547      0    234    206
    112    367    166      0    531    286     80    478    159      0
    213    194    265    423     16      0    444    486    615    498
    229      0    558    419    489    152    290      0     76    421
    446    626    640      0    633    428    431    592    451      0
    116    210    189    582    505      0    218     41     45    228
    390      0    391    588    126     31    610      0    136    516
    331    543    562      0    576    436    455    459    612      0
    308     75    545    244    319      0    407     43    638      3
    205      0     24    224      5    441    187      0    616    605
     84    398    416      0    344    209     11    608    357      0
     54    284    381    614    464      0    491    261    511    255
    297      0    121    454    114    326    119      0    182    396
     55    494    621      0    115    133    450    645    518      0
    141    170    145    188    417      0    618    513    622    155
    225      0    496    366    296    271    617      0    538    440
    250    330    134      0    222    104    458    217    443      0
      9    577    346    599     10      0    310    606    120    223
    243      0    251     77    102    211     49      0    202    277
     82    632    300      0    131    379    263     34    156      0
    146    448    637    124    334      0     62    364    107    471
    231      0     30    580    171     65    602      0    325    493
    414     98    129      0     38    368     94    259    363      0
    239    540    553    587    579      0     70    294    397    175
    590      0    586     96    314    642    468      0    302    347
    157    162    192      0    328    128    624    376    341      0
    497     53    383    564    233      0     25    389    183    408
    651      0    165     58    434    386    324      0    333    262
    301     33    345      0    252    433     90    483    327      0
      7    623    130    452    160      0    219    176    149    400
     19      0    122    556     48    597    113      0    635    572
     47    508    492      0    473     69    527    184     39      0
    554    375    650     63    649      0    207    552    529    318
    472      0     73    353    435    573    180      0    418    309
     40     44    525      0      8    154    329    198    445      0
    485    169     13    502     22      0    422    132    384    125
    413      0    470    272    565     66    589      0    105    542
    563    521    647      0     83    257    604    258    351      0
    373     99    447    625    332      0    567    307    643    103
     91      0    316    100    354    609    519      0    306    212
    343     20    111      0    365    570    403    537    399      0
     59    147     42    280    311      0    236    530    555    186
    438      0    395    204      6     79    514      0     12    191
    276    117     97      0    535    249     88    634    524      0
    574    214    247    629     71      0    245    387    264    432
    539      0    536    412    253    584      0      0      0      0
      0      0      0      0      0      0      0      0      0      0
      0      0      0      0      0      0      0      0      0      0
      0      0      0      0      0      0      0      0      0      0
      0      0      0      0      0      0      0      0      0      0
      0      0      0      0      0      0      0      0      0      0
      0      0      0      0      0      0      0      0      0      0
      0      0      0      0      0      0      0      0      0      0
      0      0      0      0      0      0      0      0      0      0
      0      0      0      0      0      0      0      0      0      0
      0      0      0      0      0      0      0      0      0      0
      0      0      0      0      0      0      0      0      0      0
      0      0      0      0      0      0      0      0      0      0
      0      0      0      0      0      0      0      0      0      0
      0      0      0      0      0      0      0      0      0      0
      0      0      0      0      0      0      0      0      0      0
      0      0      0      0      0      0      0      0      0      0
      0      0      0      0      0      0      0      0      0      0
      0      0      0      0      0      0      0      0      0      0
      0      0      0      0      0      0      0      0      0      0
      0      0      0 110246]
---------
