---------
Problem: journal-set/X/X-n749-k98.vrp , Best known: 0
Time elapsed: 53638.2123 secs Time per loop: 1.0728 secs
---------
Stopped at generation 50000, Best cost: 107076, from Generation: 50000
---------
Best solution: [ 50000      0    258    656    377     90      0    677    113    213
    746    638    700    232    369      0    384    540    310    367
    212    133    279    293    242      0     12    172    131    625
    607    562    621    651    661    535      0    386    479    175
      7    699    692    314    120    705      0    313     21    307
    610    218    450      0    602    271    736    643     61    235
    381    238    184    123    523      0    192    728    741    499
    243    161      0    708    302    269    328    191    511     92
    287      0    701    693    337    723    438    515    518      0
    319    249    707    498    671    349    283      0    329    221
    256    289    380    649    500      0    336    655    731    122
    432     45    300     93    631    711    614      0    389    691
    573    146    744    125    280    697    234      0    686    299
    521    698    722    732    482    630    626      0    716    412
    358    575    522      2      0    251    717    333    560    164
    455      0    473    611    445    136    433    742    373      0
     11     20    252    112    532    263    727      0     60    652
    174    321    370    696      0    704    436    387    223    365
    650      0    382     89    486     66     49    730      0    599
    545    177    278     15    334      0    244    452    613    253
    496    132    325    595      0    237    653    101    734    267
    126    272    565     19    551    201      0    286    481    363
    265    114    206    724    429     56      0    586    352    668
    308    737    484    239    667      0    446    660    383    574
    345     39      0    461    348     78     30    475     51    441
    550    572    324      0    103    675    229    437    488    577
    332      0    134    629     27    165    281    576    420     53
    297      0    127    166     16    567    284    476    371    706
    111      0    426    220    622    254    305    340    609    354
    188    351    645      0    547    170    135    186    395    137
      0    710    470     47    311     33    185    306      0    110
    485    124    616    346    478    230      0    557    316    733
    151    589      5    690    596    695      0    364    743    159
    353    615    587     34      0    639    422    673    654    606
    344      0    502     50    720    658      0    539    106    608
     32      9      0    440     23    408    296     46      0    270
    418    559    257    208    105    202    400     69    494      0
    703    648    250    434    129    241     58    466    464      0
    590    152     83    709      0    474    233    483    519     36
     57    331      0    116    144    200    569    526    248    555
    603    179      0    725    534    571     14    468    641      0
    378    268    264    275    664    583    454      0    549    413
    406    366    153    493     54      0    456    536    472    740
    407    497    260      0    143    189    604      6    171     97
    262    425    594      0    504    261     95    430    457    356
      0    372     25     44     87     85      0    543     41    579
    666    219    108    147      0    117    528    443    721    140
    121    246    167      0    204    513    315    597    683    158
    247    578      0    335    290    435     35    459    427     63
    689    409      0    347     73    355    343    178    558    397
      0    726      1    507    357      0    415    394    516    390
    640    303    142      0    210    154    160     65    623    294
      0    679    503    541    368    385    444     24     38    439
    678    674      0    601    568    410    510    520      0    292
    531    163    566    245      0     72     18    681    672    421
     80    647    231    338      0    309    405    676    162    417
    657    285    138      0      8    684     76    214    491    102
    416      0     31     52    687    530    226    632    715    107
    458    393      0    570     67    748     10    141      0    295
    447    451    477    628    617    190    553      0    240    685
    211    404    330     26    156    399     81    391      0    564
    517    273    542    533      0    554    194     82    291    682
    176    139     37    663    216      0     88    145    527    128
     55    388      0     40    100    217    130    544      0    598
    339    646     59    582    169      0     17    320    637    584
    634    581     22      0    529    155    168    714    414    593
    512      0    323    467     74    228    376    362      0    561
    402    318    490     48    374    398      0    150    312    548
    266    552      0    360    442    298    729    636      0    514
    665    392    670    620      4    489      0    524    322    205
    342     96     84      0    209    276    680    480     77      0
    556    627    207    182     29    403    222    537    624      0
    193    662    508    301    465    411    396    588    180    546
      0     70    423    719    196    199    326      0    525     64
    462    359    605    361      3    501      0    600     42    592
    702    738     99    642      0    635    198    449    463     91
    350      0    157    495    669     71    713    215      0    236
    148    227     62     86    618    187    509      0    428    487
    119     79     68    747    259      0    739     13    580    424
     98    612    538      0    195    505    694    379    718    659
     94      0    471    288    506    317    453    644    304      0
    118    619    224    712    431    255    277    104      0    375
    341     43    460    401      0    225    173    469    745    448
    492    633      0     75    591    109    149    203    183    197
      0    419    563    274    115    327    688    735    181      0
    282     28    585      0      0      0      0      0      0      0
      0      0      0      0      0      0      0      0      0      0
      0      0      0      0      0      0      0      0      0      0
      0      0      0      0      0      0      0      0      0      0
      0      0      0      0      0      0      0      0      0      0
      0      0      0      0      0      0      0      0      0      0
      0      0      0      0      0      0      0      0      0      0
      0      0      0      0      0      0      0      0      0      0
      0      0      0      0      0      0      0      0      0      0
      0      0      0      0      0      0      0      0      0      0
      0      0      0      0      0      0      0      0      0      0
      0      0      0      0      0      0      0      0      0      0
      0      0      0      0      0      0      0      0      0      0
      0      0      0      0      0      0      0      0      0      0
      0      0      0      0      0      0      0      0      0      0
      0      0      0      0      0      0      0      0      0      0
      0      0      0      0      0      0      0      0      0      0
      0      0      0      0      0      0      0      0      0      0
      0      0      0      0      0      0      0      0      0      0
      0      0      0      0      0      0      0      0      0      0
      0      0      0      0      0      0      0      0      0      0
      0      0      0      0      0      0      0      0      0      0
      0      0      0      0      0      0      0      0      0      0
      0      0      0      0      0      0      0      0      0      0
      0      0      0      0      0      0      0      0      0      0
      0      0      0      0      0      0      0      0      0      0
      0      0      0      0      0      0      0      0      0      0
      0      0      0      0 107076]
---------
