---------
Problem: journal-set/X/X-n733-k159.vrp , Best known: 0
Time elapsed: 62183.9841 secs Time per loop: 1.2437 secs
---------
Stopped at generation 50000, Best cost: 171140, from Generation: 50000
---------
Best solution: [ 50000      0     80     54    661      0    196    334    399     72
    327      0    689      4    725    668    468     12    480    653
      0    471     73    639      0    176    233    255    731      0
    666    412     18     36    489      0    531     92     75    137
      0    232     61    568    164    501    226    646      0    640
     45    143    105      0     41    492     83     91     67    420
      0    304    338    319    623    155    109      0    473    641
      0    607    703    119     23     24      0    136    545    321
    271    243      0    456    102    493    451    114      0    547
    675    696    250      9    553    101    538      0     44     63
    256     21    730    280      0    324    532     65    469      0
    479    170    377    192    235      3      0    181    307    528
    478    484      0     14    383    498    337    612      0    685
    477    521    298    592    556      0    396    198     16      0
     19    326    348    106      0    431    636    430    571    580
    432      0    466    108    343      0    722    502    331    160
    629    289      0    701    116    221    111    364      0    410
    292     68      0    274    358      0    486     46    680    371
    141      0    157    311    429      0    366     81    294    616
    132    112     20      0    218    127    542    705    409      0
    638    190    230    718      0    514    565     15    227      0
    257    548     32     64    217      0    265    707    223    330
      0    389    526    148      0    149    206    118     94      0
    702    573    207    543      0    400    231     95    662      0
    561    244    426     10    715    360      0     40    679    655
      2      0    664    275    585    563    201    142     85      0
    659     90    312      0    706    286    647    131      0     13
    370     17    475      0    441    215     76    446      0    572
    236    648    353      0     87     79     53    285      0    357
    467    672    713      0    540    253    379      0    150    316
    378    570      0    525    614     29    610     96      0    322
    633    727      0    536    305    681    645    152      0    179
    663    512    433    674    418    210      0    373    209    499
    208      0     34    583    497    622    355    684      0    587
    600     42    278    246      0    260    352    434      0    584
    283    372    423      0     70    606    139      0    699    202
     57    588      0    551    407    248      0    293    318    266
    611    404      0    252    444    472     11    559    422      0
    287    704    254    174    485      0    700    281    667    618
    144      0    558    419    582    135      0    717    634    657
    619      0     37    342    450    154    219     25      0    520
    465    269     97      0     89    245    153      1    424    173
      0    438    282    644    296      0     31    264    539      0
    314    575    212    339    503    277      0    151    626    635
    694    677      0    421    369    158    197    654      0    490
      6    665    129      0    643    182    229      0    554    698
    676      0    562    388    302     86      0    591    416    315
    228    356      0    238    261    359    167      0    411    376
    145      0    225     66    599      0    435    508    183    122
    214      0    513    121    615      0    586    631    550      0
    427    593    564    185    191      0    510    171    509    394
    546    669    242      0    130    596    721    329    147      0
    642     26    259     99      0    453    695    522      0    495
    652    671      0    240    194    395      0    729    234    323
     84      0    504    688    205    578      0     98    673    267
      0    126    517      0    393    660    566    284    344      0
    630    220    237      0    172    581     35      0    724    470
    601     60      0    398    519    708    693      0    716    579
    524    188      0    325    506    464    658      0     93    620
    168    123      0    628     82    138    156    262    403      0
    169    488    560      0    391    452    406    474    195      0
    133    320    687    609      0    445    251      0    161    166
      0    597    134    595    306      0    651    549    577    637
    211     38      0    624    552     71    567    529    686      0
    162    678    449    184    180      0     55    189    555    491
      0    726    239    401    428      0    649    335    390    308
      0    397      7    249    608      0    186    200      0    110
    165    187     52    317      0     22    386    313    711    113
      0    723    268    349    146      0    527    714     50    362
    309      0     51    541    387    594    159      0    365    544
      0    604    100    288      0    436    178    276      0    605
    621     33      0    199    625    507      0    115    557    203
      0    297    505    719      0    374    697    603    447      0
    346    459    120    290     27    368      0    382    537    241
    530    461      0    384    222    590    310      8     88      0
    380     56    224    258      0    413    632    533    354    345
      0     48    216    204    341    650    163    442     28      0
    177    511    516     78      0    175    712    270    481    656
    272      0    535    728    279      0    414    732    476    569
     59      0    487    291    454      0    602    405    347    361
      0    332    448    457      0    462    301    460      0    690
    300    518      0    375     49    494     62    415      0    574
    107    589      0    303     30    299      0    482    103    709
    140    295      0    193    263     39      5    402      0    576
    439    425      0     58    340    104     69    483      0    683
    336    385      0     47    670    534    117      0    692    417
    328      0    443    496    440    351    213    363      0     74
    350    515    500      0    367    124    720    523    463    408
      0    682    627     77      0    613    455    392    273    691
      0    598    333    437    458      0    710    381    125      0
    128    617      0    247     43      0      0      0      0      0
      0      0      0      0      0      0      0      0      0      0
      0      0      0      0      0      0      0      0      0      0
      0      0      0      0      0      0      0      0      0      0
      0      0      0      0      0      0      0      0      0      0
      0      0      0      0      0      0      0      0      0      0
      0      0      0      0      0      0      0      0      0      0
      0      0      0      0      0      0      0      0      0      0
      0      0      0      0      0      0      0      0      0      0
      0      0      0      0      0      0      0      0      0      0
      0      0      0      0      0      0      0      0      0      0
      0      0      0      0      0      0      0      0      0      0
      0      0      0      0      0      0      0      0      0      0
      0      0      0      0      0      0      0      0      0      0
      0      0      0      0      0      0      0      0      0      0
      0      0      0      0      0      0      0      0      0      0
      0      0      0      0      0      0      0      0      0      0
      0      0      0      0      0      0      0      0      0      0
      0      0      0      0      0      0      0      0      0      0
      0      0      0      0      0      0      0      0      0      0
 171140]
---------
