---------
Problem: journal-set/X/X-n856-k95.vrp , Best known: 0
Time elapsed: 49769.1112 secs Time per loop: 0.9954 secs
---------
Stopped at generation 50000, Best cost: 96271, from Generation: 50000
---------
Best solution: [50000     0   827   685   161   501   718   663   509   789   610     0
   236    78   399   220   290   415   140   316   302     0   622   791
   719   463   520   338   757   481   759     0   283   471   111    27
   608   617   728   698   653     0   448   261   750   656   669   828
   623   156   409     0   275   613   435   467   820   479   276   214
   356     0   296   173   212    39   309    53    47   419    42     0
   681   552   811   743   561   690   805   515   210     0   105   194
   403   159   355   327    66   255    59     0   654   705   659   624
   648   744   488   580   557     0   848   670   632   429   437   592
   434   460   779     0   530   782   772   474   749   683   727   818
   651     0   454   468   387   362    16   222   119   418   284     0
   146   638   147   244   216   181   412   416   324     0   357   112
    19   241   493   810   408   627    30     0   278   339   396   166
   128   219   118   143   292     0   814   730   633   328   534   599
   586   183   803     0     4   511   326   748   724   307   252   142
   708     0   487   830   667   680   446   639   844   695   522     0
   817   585   318   458   676   712   486   707   443     0   280   682
   598   213   198   406   123   234    65     0   711    29   229   807
   433   539   374   177   528     0   379   641   155   787   826    21
    26   717   228     0   840   304   317   116   221   189   321   185
    70     0   376   311   226    55   196    98   176   265    51     0
   841    34    18   217   232    74     8   790   248     0   452   195
   519    32   721   154   469    89   162     0   558   473   741   672
   753   854   611   547    50     0    64   525   440   310   507    77
   602   563   642     0   258     7   421   702   725    94   513   524
   688     0   171   136   179    52   263    20   792   250   384     0
   760   439   462   816   361   545   517   846   797     0   505   590
   720   503   182   544    10   629   770     0   230   664   675    36
   715   800   637   660   806     0   798   512   775   780   804   678
   799   565   649     0   564    13   375   245   390   139    17   381
    68     0   360    54   223   233    58   135   238   237    31     0
   138   202   165    41   383   122   377     9   200     0   604   644
   319   668   191    63   108    93   209     0   735   645   543   843
   652   626   502   477   605     0   132   742   518   808   489   754
   609   853   738     0   125   208   133   335   402   352   287   150
   400     0   285   569   115   436   679   337   270   417   363     0
   353   272   364   286   422   372   411   449   320     0   571   531
   572    15   739   596   491   554   836     0   392   588   288   239
   423   378   341   386   227     0    79   342     6   405   100    24
   358   224   235     0   850   584   277   635   729   819   560   110
   137     0    35   346    69   188    88   231   834   178   259     0
   127   636   722   430   829   703   616   762   601     0   192   546
   315   553   274   325   126   211   398     0   260   516   788   756
   404   689   655   784    97     0   141   407    28   686   332   215
   367   330   785     0   262    49   134   410   334    25   113   240
   264     0    90   482   470   425   157   745   577   485   575     0
    56   716   504   576   129   397   506   643   167     0    14   581
   619   249   600   778   768   634   254     0   306   464   699   774
   847    87   615    80    57     0   205   279    84   340   153   394
   107    62   197     0   763   773   851   124   662   813   345   767
   752     0    23   117   131   160   597   657   701   293   295     0
   658   603   184   297   130   144   521   650   444     0   771   812
   740   723   559   499   305   456   849     0   329   218   366   314
   821   207   187   199   359     0   551   498   490   640   713   832
   582   101   568     0   382   445   714   697   536   550   350   766
   578     0   351   496     5   535   839   432   549   273   533     0
   500    44   567   673   593   665   706   732   251     0   243     3
    33   497   186    11   331   401   414     0   614   420    76   266
   734   206   776   769   510     0   120   494   336   121   527   441
   612   736   431     0   253   168   555   172   175    73    38    85
    83     0   370    72   373    46   289    99    86   256   164     0
   674   693   455   368   833   842   442   591   574     0   526   630
   783   795   823   620   459   700   532     0   298   347   203   365
    61   267   852   822   391     0   764   802   579   478   589   777
   369   492   354     0    40   114   268   246   169   102    81    48
   385     0   323   475   540   548   704   542   796   845   529     0
   247   666   747   348   453   427   413   393    37     0   149    91
   312   190    45   371   180   103   389     0   765   794   671   809
   495   751   661   838   587     0   618   595   696   570   573   465
   746   300   174     0   514   607   508   301   837   758   733   541
   726     0    60   152   855   395   684   625   484   450     1     0
   281   631   428   793   461   583   523   731   466     0   691   344
   815   269   343   438   163   835   282     0   349   201   628   537
    43   271   106   109   831     0    71   333   291    92   380   647
   303   388   294     0   170   457   476   447   562   472   483   710
    12     0   538   709   737   824   480   677   646   566   151     0
   761   755   692   451   606   801   825   158    96     0   242   694
   594   193    67   145   322   299   104     0    95   556    75   426
   257   687   308   621   424     0   225    22     2   786   313    82
   781   148   204     0     0     0     0     0     0     0     0     0
     0     0     0     0     0     0     0     0     0     0     0     0
     0     0     0     0     0     0     0     0     0     0     0     0
     0     0     0     0     0     0     0     0     0     0     0     0
     0     0     0     0     0     0     0     0     0     0     0     0
     0     0     0     0     0     0     0     0     0     0     0     0
     0     0     0     0     0     0     0     0     0     0     0     0
     0     0     0     0     0     0     0     0     0     0     0     0
     0     0     0     0     0     0     0     0     0     0     0     0
     0     0     0     0     0     0     0     0     0     0     0     0
     0     0     0     0     0     0     0     0     0     0     0     0
     0     0     0     0     0     0     0     0     0     0     0     0
     0     0     0     0     0     0     0     0     0     0     0     0
     0     0     0     0     0     0     0     0     0     0     0     0
     0     0     0     0     0     0     0     0     0     0     0     0
     0     0     0     0     0     0     0     0     0     0     0     0
     0     0     0     0     0     0     0     0     0     0     0     0
     0     0     0     0     0     0     0     0     0     0     0     0
     0     0     0     0     0     0     0     0     0     0     0     0
     0     0     0     0     0     0     0     0     0     0     0     0
     0     0     0     0     0     0     0     0     0     0     0     0
     0     0     0     0     0     0     0     0     0     0     0     0
     0     0     0     0     0     0     0     0     0     0     0     0
     0     0     0     0     0     0     0     0     0     0     0     0
     0     0     0     0     0     0     0     0     0     0     0     0
     0     0     0     0     0     0     0     0     0     0     0     0
     0     0     0     0     0     0     0     0     0     0     0     0
     0     0     0     0     0     0     0     0     0     0     0     0
     0 96271]
---------
