---------
Problem: journal-set/X/X-n819-k171.vrp , Best known: 0
Time elapsed: 90577.2208 secs Time per loop: 1.8115 secs
---------
Stopped at generation 50000, Best cost: 174062, from Generation: 50000
---------
Best solution: [ 50000      0    455    654     71    353    699      0    373    485
    615    388    573      0    358    596    476    430    661      0
    607    185    424    532    333      0    200    730    787    800
      0    400     54    708    100      0    309    732    611    632
      0    221    493    322    105      0    634    197    196    749
    674      0     79    687    227    609      0    236    428    242
    534    381      0    161    760    441    600      0    319    191
    539     29      0    506    483    680      0    814    570    378
    190      0    495    258    524    489    620      0    521    355
    655    500    251      0    442    561    783    638    179      0
    715    194    220     61      0    713    580    797    543      0
    306    367    594    365    184      0    415    744    651    330
    704    575      0    630    471    479    725      0    480    256
    729    238     83      0    278    326    586    512      0    741
    746    786    133      0    815    740    553    181      0    443
    468    525    781      0    498    140    739    558    247      0
    148    751    369    420      0     68    805    419    111    536
      0    429    294     48    107     85      0    157     95    109
    765      0    554    125    155    727      0    598    217    563
    305      0    178    245    745    447     38      0    115    689
    383    733    331      0    645    438    412    475    488      0
    514    118    244    566      0    282    754    469    487      0
    646    784     24    176      0    437    265    529    465      0
    593     30    526     15      0    491    528    706     91      0
    556    407    595    639    714      0     86     81     40    289
      0    546    172    277    203    263      0    474    772    564
    166    290      0    189    295    618    121     93      0    807
    497    806    235      0    720    750    230    518      0    368
    131    371    796      0    310    440    327    770      0    531
    466    361    703    162      0     26    169    387    243      0
    418    756    691    627    777      0    799     36    314    174
      0     56    433    375    170    719      0    641    623    363
    780      0    460    346    774    530    452      0    501    769
    502    267      0    519    123    279    801    759      0    414
    789    473    717      0    793     50    633    425    624      0
     90    171    119    757      0     37    812     97    685      0
    318    490    505     39    283      0    697    702    168     94
    606      0     57    504    792    503    761      0    392    116
    684    259    723      0    535    120    453    448      0    551
    137    436    663    621      0    670    112    291     80      0
    399     55    384    357    211      0    231    408     32    324
    711      0    648    144    454    405      0    794    413    372
    389      0     45     28    293    637      0     17     72     74
    584      0    385    208    693    576    578      0    592    721
     31    147    411      0    347    776    463    344      0    264
    349    496    110     58      0    201    285    395    658    478
      0    338    804    589    567    635      0    545    195    735
    767     65      0    660    753    364    484      0    334    431
    515    605      0    173    764    224     33    762      0    204
    127    233     78    444      0    522    156    266    608    159
      0    182    416    255    113    585      0    435    507    228
    234      0    803    755     84    409      0    183    366    486
    701    482      0    359    773    273    675    308      0    533
    678    396    461      0     66    249    379    213      0    225
    738    394    320    649      0    257    625    722    154      0
    212    462    628    241      0    748    302    152    724      0
    653    321    516    410      0    325    579    642    650    423
      0    542    209    332    790      0     73    677    619    458
    246      0     87    669    456    193      0    270    417    673
    583      0    292    103    124    808    370      0    139    274
    153    450      0      4    569     22    552      0    602    636
     42    130    329      0    393    726    135    520    142      0
    446    591    629    158      0    298    657    163    734      0
     46    659    187    571      0    731     16    180    253      0
    788    690    509    237      0    550    604    694     88      0
    631     62    599    403      0    572    340    562    813      0
    809    457    335    577      0    336    492     25    311    445
      0    664    287    108    316      0     12    682    165    297
      0    339    426     69    610    129      0    199     77    752
    188      0    260    275    667    150    254      0    313    356
    164    214    676      0    240    709    218     34    785      0
    672    143    523    464      0    427    494    362    421      0
    145      7    778     76    666      0    261    404     18    696
      0    398    782    351    382      0    768    222    718    612
    175      0    223    114     21    647    406      0    248    215
    198    422      0    401    705    202    307      0    668    640
     23    281    386      0    695    557    652    527     63      0
     75     60    692    451      0     92     35    656    766      0
    432    350    616    268      0     27    272     11    205      0
    712    617    601    779    252      0    186    538      5    472
      0     51    581    354      8    565      0    603    737      6
    798    758      0    817    323     47    177    818      0    644
    549    312    582    126      0    791     44    117    481    337
      0    662    763     49    795      0    467    299    141    574
    614      0    160    742    540    345      0    622    374    360
    328    232      0    192     89    376    508    402      0    716
     41    104    588      0    544    138    511    802      0    136
    167     20    206    688      0    560    736    643     59    810
      0    207     10    434     67      0     64    671    547    343
      0    439    288    101      2     99      0    280      1    262
    239    743      0    568    226      9    470      0    134     98
      3    771      0     14    517    146     19    681      0    102
    132    537    597      0    499    707    811    555    286      0
    477    686    315    216      0    590     53    348    391      0
    342    700    341    698    303      0    710    587    380    219
    679      0    626    352    296    149     82      0    151     52
    300    459      0    548    269    301    613      0    728    559
    683    106     96      0     43    665    541    390    250      0
    284    747    229    210      0    816     13    775     70      0
    513    377    397    122      0    271    128    317    276    510
      0    304    449      0      0      0      0      0      0      0
      0      0      0      0      0      0      0      0      0      0
      0      0      0      0      0      0      0      0      0      0
      0      0      0      0      0      0      0      0      0      0
      0      0      0      0      0      0      0      0      0      0
      0      0      0      0      0      0      0      0      0      0
      0      0      0      0      0      0      0      0      0      0
      0      0      0      0      0      0      0      0      0      0
      0      0      0      0      0      0      0      0      0      0
      0      0      0      0      0      0      0      0      0      0
      0      0      0      0      0      0      0      0      0      0
      0      0      0      0      0      0      0      0      0      0
      0      0      0      0      0      0      0      0      0      0
      0      0      0      0      0      0      0      0      0      0
      0      0      0      0      0      0      0      0      0      0
      0      0      0      0      0      0      0      0      0      0
      0      0      0      0      0      0      0      0      0      0
      0      0      0      0      0      0      0      0      0      0
      0      0      0      0      0      0      0      0      0      0
      0      0      0      0      0      0      0      0      0      0
      0      0      0      0      0      0      0      0      0      0
      0      0      0      0      0      0      0      0      0      0
      0      0      0      0      0      0      0      0      0 174062]
---------
