---------
Problem: journal-set/X/X-n837-k142.vrp , Best known: 0
Time elapsed: 85815.9011 secs Time per loop: 1.7163 secs
---------
Stopped at generation 50000, Best cost: 227897, from Generation: 50000
---------
Best solution: [ 50000      0    831    679    755    780    462    570      0    789
    634    807    150    561    482      0    719    165    396    166
    338    142      0     15    386    373    158    280     26      0
    411    415    250    323    203    355      0    180    135    112
     24    248      0    725    454    391    480      0    577    501
    572    461    723    493      0     17    788    689    380    352
    257    587      0     66     35    738    546    771      0    470
    591    709    385    222    655      0    648     76     14    360
    441    105      0    682    776    346    362    722    659      0
    487    443    578    810    416    465    756      0    449    627
    463    708    425      0    800    527    508    368    506      0
    192     43    169    538    100    669      0    626    500    763
    420    588    798      0     97    149    794    670    586    451
      0    668    632    489    247    176    260      0    832     93
    542    585     28    695      0    359    609    750    528     85
      0    444    375    235    319    825    494      0    206    139
    315    382     40    414      0    811    389    244    770    483
     50      0     88    118    665    436    228    110      0    104
    413    106    393     82      0    473    594    568    526      0
    728    654    754    805    740      0      3    151     59     56
    242    278     47      0    207    790    622    434     77      0
     80     39    339    168    148      0    745    828     44    757
    706      0    735    612    156    424    759      0    663    518
    269    428    486      0    675    452    721    644    593      0
    213     81    312      1    408    282      0    784    596    550
    652    205      0    525    430    490    433    783      0    131
    581    146    182      0     69     70    204    255    384      0
    202    517    707    730    212      0    803     99    732    273
    438      0    181    472    557    833    484      6      0    478
    533    271    137    263     16      0    251    322    154     25
    366      0    147     63     21     89    246    392      0    303
    188     90    426    220      0    281    162    781    116    407
      0    530    199    201    164    775      5      0    575    440
    283     12    374    457      0    439    495    279    477    502
    556    510      0    431    677    674    198    778      0    662
    615    285    401    554    697      0     52    646    507    562
    727    829      0    737    599    836    819     57      0    744
    447    234    511     60    748      0     53    230    485     23
    450      0     58    163    224    249    553      0     86    704
    650    231    475    555      0    331    824    119    191    397
     27      0     30     98    464    576    580    419      0    600
    583    633    685    820    310      0    673    513    390    729
    590    690      0    264    768     92    497     41    814      0
    432    456    455    684    823    537      0    422    641    616
    630      0    306    321    505    388    241      0    694    143
     45    134    101      0    160    412    262     51      0    504
    347    602    692    370      0    476    752    289    582    345
      0    186    125     34     75    129      0    503    185     10
      2      0    521    326     65      7    453      0    327    215
    275     11    243      0     91    643    742    329    817      0
    676    808    816    488    337      0    348    252    196     36
    261      0    270    400    152    108    193    200      0    656
    762    291    240     55    467    830      0    680    782    532
    459    481      0     72    174    827    822    318      0    290
    701    640    265    536      0    569    516    136    624    138
    437      0    268    308    584    514    211    334      0     64
    356    604    567    664      0    144    155    758    173     42
    619    608      0    435    812    766    276    190      0    429
    642     74     94    256    746      0    342    474    195    460
    367      0    558    610    714    466    442      0     29    332
    799    267    288    237      0     71      9    724    693    522
    296      0    589    492    809    667    115      0    121    666
    120    127     78    313      0    574    617    657    785    111
     18    717      0    531     67    702    208    353    606    696
      0    254    614    300    835    524    317    678      0    499
    354    361    818    309    253      0    294    132    418    601
    529    772      0    266    747    743    141     20    277      0
    623    217    314    324    365      0    458    671    710    364
    214    753      0    351    647    535    421     46    607      0
    272     73    216    571    795    292      0    793    760    786
    595    736    592      0    603    377    767    225     68      0
    802    698    307    523    699    565      0    387    226     83
    369    293      0     62    703    726    295    172      0    787
     32    123    344    731      0    103    320    637      4    159
      0    183    284    547    683    552      0    107    544    638
    691    399      0    796    197    826    749    598      0    274
     61    145    229     19      0     38    301    579    613    398
    341    379      0    381    178    333    325      0    774    711
    686    363    512    410      0    751    551    815    140    336
      0    660    372    491    773    715    620      0    316    311
     54    479    179    834      0    403    769    209    777    194
      0    349     84     37    330    519    299      0    734    445
    109    520    540      0    628    804    402    171    161    350
      0    187    404    821    700    720    739    549      0    236
    564    471    534    653    245      0    157     96     95    126
    305      0    102    153    658     31    636      0    219    792
      8    376    448    128    223      0    515    297    543    509
    423    468      0    806    741    177    566    645    302      0
    687    175    221    597    764    629      0    259    167     49
    304     13      0    232    801    258    621    672      0    545
    130    765    394      0    405    122    797    233    541    498
      0    133    409    239    170    383     48      0    713    446
    712    559    625    114      0    371    688    539    124    427
      0    573    417    563     33    286    718      0    469     87
    611    791    343      0    618    813    631    189    287    298
      0    661    406    328    378    227    560      0    548    117
    395    335    218    716    357      0    184    340    496    733
    639      0    238    605    779    210    358    705      0    649
    635    651    761    681    113      0     79     22      0      0
      0      0      0      0      0      0      0      0      0      0
      0      0      0      0      0      0      0      0      0      0
      0      0      0      0      0      0      0      0      0      0
      0      0      0      0      0      0      0      0      0      0
      0      0      0      0      0      0      0      0      0      0
      0      0      0      0      0      0      0      0      0      0
      0      0      0      0      0      0      0      0      0      0
      0      0      0      0      0      0      0      0      0      0
      0      0      0      0      0      0      0      0      0      0
      0      0      0      0      0      0      0      0      0      0
      0      0      0      0      0      0      0      0      0      0
      0      0      0      0      0      0      0      0      0      0
      0      0      0      0      0      0      0      0      0      0
      0      0      0      0      0      0      0      0      0      0
      0      0      0      0      0      0      0      0      0      0
      0      0      0      0      0      0      0      0      0      0
      0      0      0      0      0      0      0      0      0      0
      0      0      0      0      0      0      0      0      0      0
      0      0      0      0      0      0      0      0      0      0
      0      0      0      0      0      0      0      0      0      0
      0      0      0      0      0      0      0      0      0      0
      0      0      0      0      0      0      0      0      0      0
      0      0      0      0      0      0      0      0      0      0
      0      0      0      0      0      0      0      0      0      0
      0      0      0      0      0      0      0      0      0      0
      0      0      0      0      0      0      0      0      0      0
      0      0      0      0      0      0 227897]
---------
