---------
Problem: journal-set/Li/Li_24.vrp , Best known: 0
Time elapsed: 38295.9704 secs Time per loop: 0.7659 secs
---------
Stopped at generation 50000, Best cost: 27140, from Generation: 50000
---------
Best solution: [50000     0    32    31    30    29    28    27    26    25    64   102
    98   179   178   215   214   213   212   252   291   290   250   210
   211   171   172   132   131    89    90    91    96    56    58    59
    60    61    62    63    23    22    21    20    19     0    14    54
    55    95    94    93   133   173   174   255   295   336   376   417
   457   497   537   536   496   456   416   415   375   335   374   414
   454   494   534   455   495   535   575   574   614   654   653   693
   694   695   655   615   696   656   616   576   577   617   657   697
   698   658   618   578   538   498   458   418   377   337   296   256
   216   217   137   138   139   141   142   143   144   104     0    33
    72    71    70   110   111   112   151   152   192   231   191   190
   230   270   267   266   265   305   345   385   425   464   424   384
   383   423   463   504   544   505   465   426   386   346   306   307
   347   387   388   348   308   309   349   389   429   428   468   508
   548   588   628   668   708   709   669   629   710   670   630   590
   589   549   509   469   430   390   350   310   271   272   232   193
   153   154   115   114   113    73    34     0    68    67    66    65
   103   101   100    99   140   180   181   182   222   221   220   219
   259   299   257   297   298   338   378   379   419   459   499   539
   579   619   659   699   700   660   620   580   540   581   621   702
   703   623   583   622   582   542   541   501   461   421   381   341
   342   302   301   261   262   223   183   184   185   186   145   146
   107   108   109    69    74    75    35    36     0    47   126   166
   165   245   326   327   366   406   446   486   526   566   525   485
   445   405   365   325   364   404   444   523   563   564   604   644
   684   565   605   645   685   686   646   606   607   647   687   688
   648   608   568   567   527   487   447   407   367   368   408   448
   488   528   529   569   609   649   689   690   650   610   570   530
   489   449   409   410   370   369   329   288   289   251   170   130
    88     9    10     0     1    41    82    83    84   124   164   122
   162   161   201   240   279   280   281   282   322   283   284   363
   402   442   441   401   440   479   439   399   400   360   320   319
   318   317   357   397   398   438   478   518   519   559   599   639
   598   558   557   597   637   636   596   556   516   517   477   437
   396   356   316   315   355   395   354   314   275   276   277   237
   198   158   159   118    78    39     0     2     3     4     5     6
     7     8    11    12    51    50    49    48    46    86    87   128
   129   169   168   167   127   163   203   204   205   206   207   208
   209   249   247   328   330   331   372   371   411   451   450   490
   491   531   571   611   651   691   692   652   612   572   532   492
   613   573   533   493   453   452   412   413   373   333   332   292
   293   334   294   253   254   175   176   135   134    92    52    53
    13     0    24   105   106   147   148   149   150   189   188   187
   228   229   269   268   227   226   225   224   263   264   304   344
   303   343   382   422   462   502   503   543   584   545   585   625
   626   586   546   506   466   427   467   507   547   587   627   667
   707   666   706   705   665   624   664   704   663   662   701   661
   500   460   420   380   340   339   300   260   258   218   177   136
    97    57    18    17    16    15     0    76   116   156   155   195
   194   234   233   273   312   311   351   391   431   471   470   510
   550   551   511   512   552   592   591   631   671   711   712   672
   632   673   633   593   553   513   514   554   594   634   674   713
   714   715   716   717   677   676   675   635   595   555   515   475
   476   436   435   474   434   394   393   433   473   472   432   392
   352   353   313   274   235   236   196   197   157   117    77     0
    37    38    79    80   119   120    81   121   160   200   199   239
   238   278   358   359   480   520   560   481   521   561   600   640
   679   638   678   718   719   720   680   601   641   681   682   683
   643   603   642   602   562   522   482   483   524   484   443   403
   362   361   321   323   324   285   286   287   248   246   244   243
   242   241   202   123   125    85    45    44    43    42    40     0
     0     0     0     0     0     0     0     0     0     0     0     0
     0     0     0     0     0     0     0     0     0     0     0     0
     0     0     0     0     0     0     0     0     0     0     0     0
     0     0     0     0     0     0     0     0     0     0     0     0
     0     0     0     0     0     0     0     0     0     0     0     0
     0     0     0     0     0     0     0     0     0     0     0     0
     0     0     0     0     0     0     0     0     0     0     0     0
     0     0     0     0     0     0     0     0     0     0     0     0
     0     0     0     0     0     0     0     0     0     0     0     0
     0     0     0     0     0     0     0     0     0     0     0     0
     0     0     0     0     0     0     0     0     0     0     0     0
     0     0     0     0     0     0     0     0     0     0     0     0
     0     0     0     0     0     0     0     0     0     0     0     0
     0     0     0     0     0     0     0     0     0     0     0     0
     0     0     0     0     0     0     0     0     0     0     0     0
     0     0     0     0     0     0     0     0     0     0     0     0
     0     0     0     0     0     0     0     0     0     0     0     0
     0     0     0     0     0     0     0     0     0     0     0     0
     0     0     0     0     0     0     0     0     0     0     0     0
     0     0     0     0     0     0     0     0     0     0     0     0
     0     0     0     0     0     0     0     0     0     0     0     0
     0     0     0     0     0     0     0     0     0     0     0     0
     0     0     0     0     0     0     0     0     0     0     0     0
     0     0     0     0     0     0     0     0     0     0     0     0
     0     0     0     0     0     0     0     0     0     0     0     0
     0     0     0     0     0     0     0     0     0     0     0     0
     0     0     0     0     0     0     0     0     0     0     0     0
     0     0     0     0     0     0     0     0     0     0     0     0
     0     0     0     0     0     0     0     0     0     0     0     0
     0     0 27140]
---------
