---------
Problem: journal-set/Li/Li_25.vrp , Best known: 0
Time elapsed: 38395.4803 secs Time per loop: 0.7679 secs
---------
Stopped at generation 50000, Best cost: 18258, from Generation: 50000
---------
Best solution: [50000     0    57    56    55   130   208   209   286   285   284   283
   282   281   280   127   126   125   124   123   121   120    43    42
    41    32    31    30   106   105   104   103   102   101   100    99
    19    20    21    22    23    24    25    26    27     0    44   122
   199   274   352   354   430   504   506   507   508   509   510   511
   587   586   585   584   660   661   662   737   738   739   740   741
   742   743   667   666   665   664   663   588   589   436   360   361
   362   207   206   129    54    53     0   112   111   187   263   491
   566   640   639   638   637   562   561   560   636   635   634   711
   710   709   708   707   556   557   481   480   555   479   478   477
   476   475   474   473   326   329   482   483   408   409   258   183
   184   108    33     0    58   131   132   133   210   287   288   363
   439   435   359   358   357   356   429   583   582   581   657   658
   659   736   735   734   733   732   731   656   580   505   428   353
   351   275   201   202   203   204   205   128    52    49    48    47
    46     0    50    51   200   276   277   278   279   355   431   432
   433   434   512   513   590   591   668   744   745   746   747   748
   749   750   751   752   753   754   674   673   672   671   670   669
   593   592   516   515   514   437   438   364   367   368   290    61
     0    35    36   113   191   192   270   269   268   267   266   265
   264   342   343   344   345   346   347   423   422   421   497   496
   494   493   569   570   574   575   576   500   503   427   426   425
   271   196   119   118   117    39    38     0    70   224   225   226
   227   303   379   455   456   381   459   460   535   536   537   613
   612   611   688   689   690   614   691   616   692   693   694   695
   617   464   463   462   387   311   310   309   308   307   155   154
   153   151    76     0    18    94    93    92   169   168   167   166
   162   238   239   240   241   316   469   471   546   545   621   620
   619   618   543   542   541   540   615   539   538   461   231   232
   158   159   160    81    82    83    85    86    87    88    89     8
     0    40   115   116   193   194   195   272   348   424   499   498
   572   573   650   649   648   571   647   646   645   721   722   723
   724   725   726   651   652   727   728   729   730   655   654   653
   577   578   579   502   501   349   350   273   197   198    45     0
   139   140   218   371   373   374   375   376   452   451   527   528
   529   530   531   454   453   377   378   302   301   300   299   298
   222   221   220   144   145   146   147   148   149   150    72    73
     1     3     5     6     7     9    10    11     0     2    78    79
    80   156   157   233   234   235   236   237   313   314   315   390
   389   386   385   384   383   458   533   534   610   687   686   685
   609   684   608   607   532   457   382   306   305   380   304   229
   230   228   152    77    75    74    71     0    96    97    98   179
   178   177   176   175   174   173   172   247   248   249   250   251
   252   253   254   255   256   335   334   333   330   328   327   325
   324   323   322   246   245   244   243   170   171    95    17    16
    15    14    13    12     0    34   109   110   186   185   261   262
   339   340   341   416   415   338   337   413   414   490   565   564
   563   712   713   714   715   716   717   641   718   719   720   644
   643   642   567   568   492   417   418   419   495   420   190   189
   188   114    37     0    67   143   223   297   296   295   294   372
   449   525   600   601   602   603   604   605   606   682   683   760
   759   758   757   756   755   681   680   679   678   677   676   675
   599   523   522   521   366   365   289   212   211   135   134    60
     0    90    91   242   391   392   393   317   318   319   320   321
   397   396   395   394   470   547   623   697   698   699   700   701
   702   550   549   548   472   398   399   400   401   402   403   404
   405   406   407   331   332   182   107     0    29    28   180   181
   257   259   260   336   410   411   412   489   488   487   486   485
   484   559   558   633   632   631   706   705   704   628   629   630
   554   553   552   551   627   703   626   625   624   622   696   544
   468   467   466   465   388   312   161   163   164   165    84     4
     0    69    68   141   142   219   217   216   292   293   370   369
   445   446   447   448   450   526   524   598   597   596   595   594
   517   518   519   520   444   443   442   441   440   291   215   214
   213   138   137   136    59    62    63    64    65    66     0     0
     0     0     0     0     0     0     0     0     0     0     0     0
     0     0     0     0     0     0     0     0     0     0     0     0
     0     0     0     0     0     0     0     0     0     0     0     0
     0     0     0     0     0     0     0     0     0     0     0     0
     0     0     0     0     0     0     0     0     0     0     0     0
     0     0     0     0     0     0     0     0     0     0     0     0
     0     0     0     0     0     0     0     0     0     0     0     0
     0     0     0     0     0     0     0     0     0     0     0     0
     0     0     0     0     0     0     0     0     0     0     0     0
     0     0     0     0     0     0     0     0     0     0     0     0
     0     0     0     0     0     0     0     0     0     0     0     0
     0     0     0     0     0     0     0     0     0     0     0     0
     0     0     0     0     0     0     0     0     0     0     0     0
     0     0     0     0     0     0     0     0     0     0     0     0
     0     0     0     0     0     0     0     0     0     0     0     0
     0     0     0     0     0     0     0     0     0     0     0     0
     0     0     0     0     0     0     0     0     0     0     0     0
     0     0     0     0     0     0     0     0     0     0     0     0
     0     0     0     0     0     0     0     0     0     0     0     0
     0     0     0     0     0     0     0     0     0     0     0     0
     0     0     0     0     0     0     0     0     0     0     0     0
     0     0     0     0     0     0     0     0     0     0     0     0
     0     0     0     0     0     0     0     0     0     0     0     0
     0     0     0     0     0     0     0     0     0     0     0     0
     0     0     0     0     0     0     0     0     0     0     0     0
     0     0     0     0     0     0     0     0     0     0     0     0
     0     0     0     0     0     0     0     0     0     0     0     0
     0     0     0     0     0     0     0     0     0     0     0     0
     0     0     0     0     0     0     0     0     0     0     0     0
     0     0     0     0     0     0     0     0     0     0     0     0
     0     0 18258]
---------
