---------
Problem: journal-set/Li/Li_23.vrp , Best known: 0
Time elapsed: 27547.854 secs Time per loop: 0.551 secs
---------
Stopped at generation 50000, Best cost: 24743, from Generation: 50000
---------
Best solution: [50000     0     1    40    39    80    79    78   118   117   157   156
   155   235   236   277   317   358   319   320   360   321   361   362
   402   442   443   483   482   441   481   522   562   602   603   563
   523   524   564   604   565   525   485   445   484   444   403   363
   323   322   281   242   202   243   284   324   285   246   205   166
   167   126   125   165   164   124    84    46    47    49    50    10
     0    57    59    60    61    62    63    64   104   143   142   103
   102   101   100    99    98   137   136   135   134   133   215   214
   213   212   251   292   293   294   335   295   256   216   217   257
   258   218   219   220   221   262   302   343   383   384   344   345
   305   265   306   266   267   226   225   264   304   303   263   223
   224   186   146   107    67    23    22     0    38    37    36    76
    75    74    73    72    71   111   152   151   190   191   192   193
   233   232   272   312   351   390   430   471   511   470   510   550
   590   551   591   631   630   629   589   549   548   588   628   627
   587   547   508   468   509   469   429   428   388   350   309   269
   270   271   231   230   229   228   189   149   150   110    70    29
    30    33    34    35     0    14    11    51    91    93   175   174
   173   172   171   211   291   330   329   409   448   408   367   407
   447   487   488   489   608   607   606   605   566   526   486   446
   406   366   326   405   404   364   365   325   286   245   244   283
   282   203   204   206   207   247   287   327   328   288   289   248
   208   168   209   210   170   131   130    89    87    48     9     0
   116   115   112   153   154   194   234   273   274   275   314   355
   475   477   517   597   558   518   519   559   598   638   639   599
   640   601   561   521   600   560   520   480   440   401   400   359
   399   439   479   478   438   398   437   397   396   356   357   318
   278   279   280   241   201   162   163   123    83    82    41    42
    43    44    45     5     6     7     8     0    26    27    68   147
   187   185   184   183   182   222   261   260   300   301   342   382
   422   421   381   341   340   380   419   499   497   537   577   578
   538   539   579   619   618   617   616   576   536   535   575   615
   614   574   534   613   573   533   493   532   612   611   610   609
   569   529   568   567   527   528   368   369   290   250   249   169
   129    90    88   128   127    86    85     4     0     3     2    81
   120   119   158   197   198   199   159   160   121   122   161   200
   240   239   238   237   196   195   276   316   315   395   394   434
   474   515   435   436   476   516   556   557   637   636   596   555
   595   635   634   594   554   514   513   553   593   633   632   592
   552   512   473   433   393   354   353   352   392   432   472   431
   391   389   348   308   307   268   227   188   148   108   109    69
    28    31    32     0    24    25    65    66   106   105   145   144
   141   140   181   180   259   299   418   498   459   500   460   420
   461   501   540   580   620   621   581   541   582   622   623   583
   543   503   542   502   462   463   423   424   464   504   544   584
   624   625   585   545   626   586   546   507   467   427   386   426
   466   506   505   465   425   385   346   347   387   349   310   311
   313   113   114    77     0    12    13    53    52    92   132   252
   253   254   255   296   336   376   416   415   375   414   374   334
   333   373   372   332   331   371   411   370   410   449   450   490
   530   570   571   572   531   491   451   412   452   492   453   413
   454   494   455   495   496   456   417   457   458   379   339   338
   378   377   337   297   298   176   177   178   179   139   138    97
    58    20    21     0    19    18    17    56    96    95    94    54
    55    15    16     0     0     0     0     0     0     0     0     0
     0     0     0     0     0     0     0     0     0     0     0     0
     0     0     0     0     0     0     0     0     0     0     0     0
     0     0     0     0     0     0     0     0     0     0     0     0
     0     0     0     0     0     0     0     0     0     0     0     0
     0     0     0     0     0     0     0     0     0     0     0     0
     0     0     0     0     0     0     0     0     0     0     0     0
     0     0     0     0     0     0     0     0     0     0     0     0
     0     0     0     0     0     0     0     0     0     0     0     0
     0     0     0     0     0     0     0     0     0     0     0     0
     0     0     0     0     0     0     0     0     0     0     0     0
     0     0     0     0     0     0     0     0     0     0     0     0
     0     0     0     0     0     0     0     0     0     0     0     0
     0     0     0     0     0     0     0     0     0     0     0     0
     0     0     0     0     0     0     0     0     0     0     0     0
     0     0     0     0     0     0     0     0     0     0     0     0
     0     0     0     0     0     0     0     0     0     0     0     0
     0     0     0     0     0     0     0     0     0     0     0     0
     0     0     0     0     0     0     0     0     0     0     0     0
     0     0     0     0     0     0     0     0     0     0     0     0
     0     0     0     0     0     0     0     0     0     0     0     0
     0     0     0     0     0     0     0     0     0     0     0     0
     0     0     0     0     0     0     0     0     0     0     0     0
     0     0     0     0     0     0     0     0     0     0     0     0
     0     0     0     0     0     0     0     0     0     0     0     0
     0     0     0     0     0     0     0     0     0     0     0     0
     0     0 24743]
---------
