---------
Problem: journal-set/Li/Li_26.vrp , Best known: 0
Time elapsed: 49697.1729 secs Time per loop: 0.9939 secs
---------
Stopped at generation 50000, Best cost: 34736, from Generation: 50000
---------
Best solution: [50000     0     9    50    89   129   130   131   132   133   134   173
   172   171   170   209   249   248   287   247   246   206   166   165
   205   245   285   365   326   286   327   328   329   330   370   411
   451   533   575   536   537   577   617   658   698   738   778   779
   780   739   699   659   619   618   578   538   579   539   459   419
   418   338   379   380   381   341   342   302   263   262   261   219
   137    58    19     0    53    93   136   215   214   254   253   213
   212   252   292   291   251   211   210   250   290   331   332   333
   372   491   492   452   453   413   373   374   334   293   294   295
   335   296   216   217   218   260   301   300   340   339   258   298
   378   458   457   417   377   456   416   375   415   494   573   613
   653   731   651   610   530   490   450   449   489   529   728   687
   686   685   567   487   447   448   368   288   207   167   127    87
    88    48    49     8     7     6     0    25    26    28    30    31
    32    71    72   114   113   112   111   151   150   190   229   269
   309   348   388   469   509   549   589   629   669   709   708   748
   788   749   789   790   791   751   711   671   631   750   710   670
   630   590   550   510   470   430   429   389   349   310   350   390
   351   391   431   471   511   551   591   592   712   752   753   754
   713   673   593   514   474   475   435   433   354   355   356   277
   278   160   120    81    80    38    37     0     3    45    46    47
   125   325   324   364   444   524   443   403   323   322   362   361
   401   400   360   320   319   359   399   398   436   515   555   595
   635   675   715   716   756   796   795   755   714   794   793   792
   672   632   633   674   634   594   554   513   553   552   512   472
   473   434   395   394   393   432   392   352   353   312   273   274
   234   235   195   194   193   232   272   311   271   270   230   231
   192   152   153   154   155   115    74    33     0     1    40    79
   119   159   199   198   197   236   438   479   481   522   442   402
   363   404   405   445   485   525   564   604   644   684   724   725
   645   605   565   606   566   526   486   527   528   568   608   648
   688   689   649   609   569   570   571   652   692   691   650   770
   769   768   767   727   647   607   646   726   766   765   764   763
   723   683   643   642   602   601   641   680   599   559   638   396
   315   275   314   313   233   191   189    73    29    27     0    14
    15    16    17    18    57    56    55    54    96    97    98    99
   138   139   140   180   220   221   222   223   224   225   266   265
   303   343   384   424   464   544   584   502   463   423   383   382
   422   462   421   461   501   541   581   621   661   701   741   781
   740   700   660   620   580   540   500   460   420   499   498   497
   496   455   376   336   337   297   299   259   179   178   177   176
   257   256   255   174   175   135    95    94    92    91    90    51
    52    13    12    11    10     0     2    42    83   122   123   124
   164   163   162   161   240   241   242   282   283   243   204   244
   284   366   406   446   407   367   408   488   729   690   730   771
   772   732   773   733   693   654   694   734   774   775   735   695
   655   615   656   696   736   776   777   737   697   657   616   576
   535   495   414   454   534   574   614   612   611   531   572   532
   493   412   371   410   409   369   289   208   168   169   128   126
    86    85    84    44    43     4     5     0    34    35    36    78
    77    76    75   116   117   118   158   157   156   196   237   276
   316   357   397   437   477   476   516   556   596   636   676   557
   597   637   677   717   757   797   758   798   799   759   800   760
   720   640   639   679   719   718   678   598   558   517   478   518
   519   520   560   600   521   561   681   721   761   762   722   682
   562   603   563   523   484   483   482   441   480   440   439   358
   318   317   238   239   279   280   281   321   203   202   201   200
   121    82    41    39     0    20    59   100   101   141   181   182
   183   264   304   344   345   385   425   465   504   503   543   583
   542   582   622   662   702   742   782   783   743   703   663   623
   624   664   704   744   784   785   745   705   665   625   585   545
   505   546   586   626   666   706   746   786   787   747   707   667
   668   628   588   548   508   468   428   427   467   507   547   587
   627   506   466   426   386   307   267   227   186   185   144    62
    61    60    21     0    22    23    63   105   106   107   148   147
   146   145   104   103   102   142   143   184   226   305   306   346
   387   347   308   268   228   187   188   149   108   109   110    70
    69    68    67    66    65    64    24     0     0     0     0     0
     0     0     0     0     0     0     0     0     0     0     0     0
     0     0     0     0     0     0     0     0     0     0     0     0
     0     0     0     0     0     0     0     0     0     0     0     0
     0     0     0     0     0     0     0     0     0     0     0     0
     0     0     0     0     0     0     0     0     0     0     0     0
     0     0     0     0     0     0     0     0     0     0     0     0
     0     0     0     0     0     0     0     0     0     0     0     0
     0     0     0     0     0     0     0     0     0     0     0     0
     0     0     0     0     0     0     0     0     0     0     0     0
     0     0     0     0     0     0     0     0     0     0     0     0
     0     0     0     0     0     0     0     0     0     0     0     0
     0     0     0     0     0     0     0     0     0     0     0     0
     0     0     0     0     0     0     0     0     0     0     0     0
     0     0     0     0     0     0     0     0     0     0     0     0
     0     0     0     0     0     0     0     0     0     0     0     0
     0     0     0     0     0     0     0     0     0     0     0     0
     0     0     0     0     0     0     0     0     0     0     0     0
     0     0     0     0     0     0     0     0     0     0     0     0
     0     0     0     0     0     0     0     0     0     0     0     0
     0     0     0     0     0     0     0     0     0     0     0     0
     0     0     0     0     0     0     0     0     0     0     0     0
     0     0     0     0     0     0     0     0     0     0     0     0
     0     0     0     0     0     0     0     0     0     0     0     0
     0     0     0     0     0     0     0     0     0     0     0     0
     0     0     0     0     0     0     0     0     0     0     0     0
     0     0     0     0     0     0     0     0     0     0     0     0
     0     0     0     0     0     0     0     0     0     0     0     0
     0     0     0     0     0     0     0     0     0     0     0     0
     0     0     0     0     0     0     0     0     0     0     0     0
     0     0     0     0     0     0     0     0     0     0     0     0
     0     0     0     0     0     0     0     0     0     0     0     0
     0     0     0     0     0     0     0     0     0     0     0     0
     0     0 34736]
---------
