---------
Problem: journal-set/Li/Li_27.vrp , Best known: 0
Time elapsed: 56939.1653 secs Time per loop: 1.1388 secs
---------
Stopped at generation 50000, Best cost: 19557, from Generation: 50000
---------
Best solution: [50000     0    80    81    82     1     2     3     4   172   256   255
   254   338   503   421   422   424   511   510   593   592   509   508
   507   591   590   589   588   587   583   497   496   495   494   493
   492   407   406   405   404   403   402   401   236   154    73     0
    49    48   133   134   135   138   139   141   143   223   222   221
   220   219   218   217   216   383   382   380   379   295   294   292
   289   288   286   284   282   447   446   445   444   527   526   443
   358   276   110   111    28    29     0    84    87   171   169   501
   500   499   584   670   671   753   752   751   750   749   748   747
   746   745   744   828   829   830   831   832   833   834   835   836
   837   838   754   755   839   840   505   504   420   337   339   340
   341   257   175   176   177    94    11     0    72   156   157   158
   159   242   241   240   323   408   409   410   411   412   413   414
   498   582   581   580   579   578   577   576   575   660   661   662
   663   664   665   666   667   668   669   585   586   502   336   253
   252   170    88    89     7     8     9    10     0    25   108   192
   279   280   363   364   450   533   532   531   530   529   528   611
   612   613   614   615   616   617   618   534   535   619   620   621
   622   540   458   457   456   455   370   371   372   287   285   202
   199   116   117    35    36    37    38     0    53   137   396   479
   478   477   476   560   561   562   813   814   815   816   817   818
   819   820   821   822   823   824   825   826   827   743   659   658
   574   572   571   654   651   649   566   481   398   399   400   229
   145   146   147    57     0   144   395   394   393   392   391   390
   389   388   387   386   385   384   467   550   634   719   720   721
   722   809   808   807   806   805   804   803   802   718   632   631
   547   548   549   465   464   463   462   381   298   215   130   129
    45     0    65   150   149   148   231   315   314   313   312   311
   310   309   308   563   647   564   565   567   568   569   570   737
   740   573   491   490   489   488   487   486   485   484   483   482
   316   318   319   320   321   322   238   239   155    74     0   263
   262   261   260   344   345   430   515   513   681   682   683   767
   766   765   764   680   679   594   678   763   762   761   677   676
   760   759   675   674   758   757   673   756   672   506   423   426
   343   259   258   174   173     0    23    22    21    20   105   104
   103   102   185   184   183   351   352   353   436   435   434   433
   516   514   598   597   596   595   512   428   427   425   342   429
   431   432   346   347   348   349   350   265   264   180   179   178
    95    96    97    12    13    14     0   128   209   210   211   212
   213   214   297   296   378   377   376   461   545   546   630   629
   713   714   715   716   717   801   800   799   798   797   796   712
   628   627   626   543   544   460   459   375   291   290   205   204
   203   118   119   120   121   122    41     0    46   127   126   125
   124   123   206   207   208   293   374   373   542   710   711   795
   794   793   792   709   541   538   453   452   451   449   448   359
   274   273   272   270   269   268   267   182    98    99   100   101
    18    17    16    15     0     6     5    90    91    92    93   181
   266   437   517   684   685   686   687   688   689   606   607   691
   608   610   693   694   695   696   697   698   699   700   701   702
   704   705   706   707   708   625   624   539   536   283   201   200
   198   197   196   113    27     0    75    76    77    78    79   168
   167   166   165   164   163   162   161   160   246   245   244   243
   324   325   326   327   328   329   330   415   416   417   418   419
   335   334   333   332   331   247   248   249   250   251    85    86
    83     0    47   131   132   299   466   468   553   552   551   633
   635   636   637   638   723   724   725   726   810   811   812   727
   642   641   640   639   554   471   472   303   304   224   225   226
   227   228   230   232   233   234   235   152   151    64     0    60
    61   142   307   306   305   302   301   300   469   470   555   556
   473   474   475   557   558   559   643   644   645   646   728   729
   730   731   732   733   734   735   736   738   739   741   742   657
   656   655   653   652   650   648   480   397   317   237   153     0
    26   109   193   277   278   362   361   360   442   441   525   609
   692   690   605   604   603   602   771   770   768   599   600   601
   518   519   520   521   522   523   524   440   439   438   354   355
   356   357   186   187   188   189   190   191    24     0    19   106
   107   275   271   769   772   773   774   775   776   777   778   779
   780   781   782   783   784   785   786   787   703   788   789   790
   791   623   537   454   369   368   367   366   365   281   195   194
   112   114   115     0    30    31    32    33    34    39    40    42
    43    44   136   140    50    51    52    54    55    56    58    59
    62    63    66    67    68    69    70    71     0     0     0     0
     0     0     0     0     0     0     0     0     0     0     0     0
     0     0     0     0     0     0     0     0     0     0     0     0
     0     0     0     0     0     0     0     0     0     0     0     0
     0     0     0     0     0     0     0     0     0     0     0     0
     0     0     0     0     0     0     0     0     0     0     0     0
     0     0     0     0     0     0     0     0     0     0     0     0
     0     0     0     0     0     0     0     0     0     0     0     0
     0     0     0     0     0     0     0     0     0     0     0     0
     0     0     0     0     0     0     0     0     0     0     0     0
     0     0     0     0     0     0     0     0     0     0     0     0
     0     0     0     0     0     0     0     0     0     0     0     0
     0     0     0     0     0     0     0     0     0     0     0     0
     0     0     0     0     0     0     0     0     0     0     0     0
     0     0     0     0     0     0     0     0     0     0     0     0
     0     0     0     0     0     0     0     0     0     0     0     0
     0     0     0     0     0     0     0     0     0     0     0     0
     0     0     0     0     0     0     0     0     0     0     0     0
     0     0     0     0     0     0     0     0     0     0     0     0
     0     0     0     0     0     0     0     0     0     0     0     0
     0     0     0     0     0     0     0     0     0     0     0     0
     0     0     0     0     0     0     0     0     0     0     0     0
     0     0     0     0     0     0     0     0     0     0     0     0
     0     0     0     0     0     0     0     0     0     0     0     0
     0     0     0     0     0     0     0     0     0     0     0     0
     0     0     0     0     0     0     0     0     0     0     0     0
     0     0     0     0     0     0     0     0     0     0     0     0
     0     0     0     0     0     0     0     0     0     0     0     0
     0     0     0     0     0     0     0     0     0     0     0     0
     0     0     0     0     0     0     0     0     0     0     0     0
     0     0     0     0     0     0     0     0     0     0     0     0
     0     0     0     0     0     0     0     0     0     0     0     0
     0     0     0     0     0     0     0     0     0     0     0     0
     0     0     0     0     0     0     0     0     0     0     0     0
     0     0 19557]
---------
