---------
Problem: journal-set/Li/Li_29.vrp , Best known: 0
Time elapsed: 90015.5237 secs Time per loop: 1.8003 secs
---------
Stopped at generation 50000, Best cost: 46544, from Generation: 50000
---------
Best solution: [50000     0    20    60    63   106   105   144   185   226   186   187
   147   188   228   229   230   231   269   268   267   266   265   223
   222   262   342   263   264   344   384   385   345   387   428   468
   550   591   552   512   432   391   392   393   433   473   513   553
   593   594   555   515   597   598   599   559   519   518   398   397
   396   355   395   474   394   354   273   193   155   115    74    73
    72    71    70    69    68    67    28     0     8    47    46    45
    85    86    88    89   132   212   211   210   250   370   371   411
   450   490   529   489   449   488   487   527   567   607   608   688
   728   727   687   646   726   806   765   845   924   883   843   762
   682   602   683   643   603   564   525   566   486   446   365   366
   367   407   368   369   328   288   248   249   209   208   207   246
   206   126   125    83   121   203   204   205   244   283   242   282
   321   281   320   280   241   161   238   197   236   235   234   194
   112    35    34    33    32    30    29    27     0    22    61    59
    97    96   178   298   339   379   378   377   498   459   499   619
   660   700   661   621   622   662   702   741   781   742   782   822
   862   902   942   943   944   904   864   903   863   823   783   743
   703   663   664   784   824   825   785   786   826   827   867   907
   947   908   868   828   788   748   787   747   707   667   587   508
   507   586   585   545   505   426   306   307   308   309   389   429
   469   470   471   431   390   310   191   190   189   148   146   107
   108   150   110     0    21   101   102   103   143   142   141   140
   180   220   221   224   225   227   348   347   346   386   466   425
   465   464   504   544   584   503   424   423   383   382   463   462
   502   541   582   543   583   623   744   704   624   625   665   705
   745   706   746   865   905   945   946   906   866   948   949   950
   910   870   830   790   750   710   631   630   590   629   589   549
   509   430   311   312   313   314   315   316   356   357   317   277
   278   318   319   279   240   200    79    80     1     2     3     5
     9    10    11    12    13    14    15    16     0     4    44    48
   127   164   165   166   167   168   247   325   324   323   322   402
   443   483   522   481   640   600   480   440   478   558   638   678
   719   718   758   798   757   797   837   877   917   918   878   838
   839   879   919   958   957   956   916   876   836   796   756   795
   835   875   915   955   954   914   874   834   794   755   715   675
   714   754   793   753   713   673   674   634   595   635   676   716
   717   477   437   436   435   475   514   434   275   276   156   157
   158   159   160   119    78    77    40     0    66    65    64   104
    62   100   139   138   177   217   179   219   218   258   259   260
   261   181   182   183   184   145   305   304   303   343   302   301
   300   299   340   380   341   381   422   421   461   420   419   460
   500   540   501   542   581   701   821   861   901   941   940   900
   860   820   780   740   620   580   579   659   699   739   779   819
   859   899   939   938   937   817   818   738   698   658   618   578
   538   539   458   418   338   337   336   295   256   216   176   175
   214   174   135   136   137    98    99    58    57    56    18    19
     0    31    37    38    39    76   118   117   116   114   113   153
   154   274   195   196   198   199   201   202   162   163   243   245
   285   284   364   363   403   362   361   360   439   438   517   557
   637   677   636   596   556   516   476   554   633   592   632   672
   712   752   792   832   872   833   873   913   953   912   952   951
   911   871   831   791   751   711   671   670   669   709   749   789
   829   869   909   708   668   628   588   548   627   666   626   546
   506   547   467   427   388   349   350   510   551   511   472   353
   352   351   270   271   232   192   152   109    26    25    24    23
     0    43    42    41   120    81    82   123   124   128   287   286
   326   405   445   404   444   484   563   523   482   442   441   401
   400   359   358   399   479   520   560   680   639   679   759   799
   959   960   920   880   840   800   760   720   641   601   561   521
   562   642   681   721   761   801   841   881   921   922   882   842
   802   722   723   764   763   803   923   884   844   804   805   725
   724   684   644   685   645   605   604   524   565   485   526   606
   686   766   767   647   568   408   447   406   327   329   330   290
   289   170   169   129   130    50    49     7     6     0    54    53
    93   134   173   213   254   255   335   375   415   455   495   535
   454   414   413   452   453   493   533   494   534   574   614   654
   573   572   613   653   693   733   692   732   812   852   851   811
   810   770   809   849   889   850   890   931   932   892   933   893
   853   813   773   814   854   894   934   935   895   855   815   775
   735   774   734   694   695   655   615   575   576   616   656   696
   736   776   816   856   896   936   897   857   898   858   778   777
   737   697   657   617   577   537   497   536   496   456   457   417
   416   376   296   297   257   215    95    17     0    55    94   133
   172   253   294   334   374   373   333   293   372   412   451   492
   532   612   652   651   691   731   771   772   891   930   929   928
   888   848   847   887   927   886   926   925   885   846   807   808
   768   769   729   689   649   648   528   448   569   609   730   690
   650   610   570   530   611   571   531   491   410   409   331   332
   292   252   291   251   171   131    90    91    92    52    51    87
    84   122   239   237   233   272   151   149   111    75    36     0
     0     0     0     0     0     0     0     0     0     0     0     0
     0     0     0     0     0     0     0     0     0     0     0     0
     0     0     0     0     0     0     0     0     0     0     0     0
     0     0     0     0     0     0     0     0     0     0     0     0
     0     0     0     0     0     0     0     0     0     0     0     0
     0     0     0     0     0     0     0     0     0     0     0     0
     0     0     0     0     0     0     0     0     0     0     0     0
     0     0     0     0     0     0     0     0     0     0     0     0
     0     0     0     0     0     0     0     0     0     0     0     0
     0     0     0     0     0     0     0     0     0     0     0     0
     0     0     0     0     0     0     0     0     0     0     0     0
     0     0     0     0     0     0     0     0     0     0     0     0
     0     0     0     0     0     0     0     0     0     0     0     0
     0     0     0     0     0     0     0     0     0     0     0     0
     0     0     0     0     0     0     0     0     0     0     0     0
     0     0     0     0     0     0     0     0     0     0     0     0
     0     0     0     0     0     0     0     0     0     0     0     0
     0     0     0     0     0     0     0     0     0     0     0     0
     0     0     0     0     0     0     0     0     0     0     0     0
     0     0     0     0     0     0     0     0     0     0     0     0
     0     0     0     0     0     0     0     0     0     0     0     0
     0     0     0     0     0     0     0     0     0     0     0     0
     0     0     0     0     0     0     0     0     0     0     0     0
     0     0     0     0     0     0     0     0     0     0     0     0
     0     0     0     0     0     0     0     0     0     0     0     0
     0     0     0     0     0     0     0     0     0     0     0     0
     0     0     0     0     0     0     0     0     0     0     0     0
     0     0     0     0     0     0     0     0     0     0     0     0
     0     0     0     0     0     0     0     0     0     0     0     0
     0     0     0     0     0     0     0     0     0     0     0     0
     0     0     0     0     0     0     0     0     0     0     0     0
     0     0     0     0     0     0     0     0     0     0     0     0
     0     0     0     0     0     0     0     0     0     0     0     0
     0     0     0     0     0     0     0     0     0     0     0     0
     0     0     0     0     0     0     0     0     0     0     0     0
     0     0     0     0     0     0     0     0     0     0     0     0
     0     0     0     0     0     0     0     0     0     0     0     0
     0     0     0     0     0     0     0     0     0     0     0     0
     0     0     0     0     0     0     0     0     0     0     0     0
     0     0 46544]
---------
