---------
Problem: journal-set/Li/Li_22.vrp , Best known: 0
Time elapsed: 19155.508 secs Time per loop: 0.3831 secs
---------
Stopped at generation 50000, Best cost: 17380, from Generation: 50000
---------
Best solution: [50000     0    37    38   103   105   108   110   111   112   113   114
   116   117    58    56    53    52    51    50    49    48    47    46
    45     0   208   207   326   327   328   329   330   390   448   449
   450   451   452   391   392   393   453   394   395   396   457   397
   398   399   401   402   403   404   406   407   408   348   347   288
   290   291   293   294   175   174   171   170     0    57   119   120
    61   184   183   181   242   241   359   358   357   356   355   354
   353   415   416   476   597   536   414   413   472   533   592   590
   529   469   470   471   412   352   351   411   410   409   349   350
   289   228   229   230   231   292   232   233   234   236    54     0
    34    32    31    27    26    25    24    23    87    89    90    91
    94    97    99   101   162   219   218   217   153   209   210   216
   276   277   278   220   221   222   223   224   163   164   165   166
   167   104    44    43    42    41    40    39     0    16    76   134
   254   253   313   371   431   430   490   489   488   487   486   485
   425   366   365   304   303   363   362   361   301   360   300   299
   297   295   235   237   238   239   240   182   121   122   123   124
   125   126    66    65     5     4     0    15    14    74    75   137
   136   135   255   316   315   374   373   432   491   551   550   549
   548   547   546   545   544   543   484   483   482   422   423   424
   426   427   428   368   429   370   312   251   191   189    70     9
     8     0    88   211   270   331   388   510   509   508   507   447
   446   506   505   504   445   444   443   503   502   562   563   564
   565   566   567   568   569   570   571   511   572   573   574   514
   513   512   454   516   458   335   213   212    92    93     0   109
   107   106   102   100   158   159   160   161   281   282   283   284
   405   464   465   466   467   527   526   585   525   524   463   522
   581   521   520   519   518   577   576   575   515   455   459   460
   400   280   279   215   214    95    36     0    13    12    73   133
   132   131   190   252   256   257   318   317   314   311   310   309
   308   307   367   369   372   433   493   492   552   553   554   494
   495   436   435   434   375   376   377   378   379   380   381   260
   259   140   139    78    17    18    19     0     3     2    63    64
   187   186   185   245   243   302   420   419   418   417   479   480
   421   542   541   481   540   600   599   598   538   539   478   477
   537   596   535   594   534   473   475   296   298   180    62     1
    60    59     0    10    11    71    72    77   138   199   258   319
   320   321   322   382   441   500   440   439   438   437   496   555
   556   557   497   498   499   558   559   560   561   501   442   383
   324   261   201   141   142   143    84    85    86    28    29    30
     0    22   206   205   204   264   263   262   323   384   385   386
   387   389   325   265   266   267   272   273   456   517   578   579
   580   461   462   523   582   583   584   586   587   468   528   588
   589   530   531   591   532   593   595   474   115     0     6     7
    67    68    69   130   129   128   127   188   247   246   244   364
   305   306   248   249   250   192   193   194   195   196   197   198
   200   202   203   144   145   146   147   148   149   150   151   152
   154   155   156   157    98    96    35    33     0    21    20    79
    80    81    82    83   268   269   271   332   333   334   274   275
   336   337   338   339   340   341   342   343   344   345   346   287
   286   285   225   226   227   168   169   172   173   176   177   178
   179   118    55     0     0     0     0     0     0     0     0     0
     0     0     0     0     0     0     0     0     0     0     0     0
     0     0     0     0     0     0     0     0     0     0     0     0
     0     0     0     0     0     0     0     0     0     0     0     0
     0     0     0     0     0     0     0     0     0     0     0     0
     0     0     0     0     0     0     0     0     0     0     0     0
     0     0     0     0     0     0     0     0     0     0     0     0
     0     0     0     0     0     0     0     0     0     0     0     0
     0     0     0     0     0     0     0     0     0     0     0     0
     0     0     0     0     0     0     0     0     0     0     0     0
     0     0     0     0     0     0     0     0     0     0     0     0
     0     0     0     0     0     0     0     0     0     0     0     0
     0     0     0     0     0     0     0     0     0     0     0     0
     0     0     0     0     0     0     0     0     0     0     0     0
     0     0     0     0     0     0     0     0     0     0     0     0
     0     0     0     0     0     0     0     0     0     0     0     0
     0     0     0     0     0     0     0     0     0     0     0     0
     0     0     0     0     0     0     0     0     0     0     0     0
     0     0     0     0     0     0     0     0     0     0     0     0
     0     0     0     0     0     0     0     0     0     0     0     0
     0     0     0     0     0     0     0     0     0     0     0     0
     0     0     0     0     0     0     0     0     0     0     0     0
     0     0     0     0     0     0     0     0     0     0     0     0
     0     0     0     0     0     0     0     0     0     0     0     0
     0     0 17380]
---------
