---------
Problem: journal-set/Li/Li_21.vrp , Best known: 0
Time elapsed: 19506.0251 secs Time per loop: 0.3901 secs
---------
Stopped at generation 50000, Best cost: 20800, from Generation: 50000
---------
Best solution: [50000     0    18    17    56    96    97    98   138   137   136   135
    95   134   133   174   176   177   218   178   139   181   260   300
   299   298   297   337   338   339   379   419   381   341   301   302
   222   182   142   105   145   146   147   148   149   189   229   230
   231   193   194   155   115   116    76    75    74    33    34    35
     0    25    64   103   104   144   186   187   188   227   226   266
   306   346   345   385   384   424   464   425   386   347   387   427
   467   507   547   546   506   466   426   465   505   545   544   504
   543   503   463   502   422   303   304   264   263   262   261   221
   220   180   140   100    57    58    60    61    62    63    23     0
    21    20    99   259   378   459   500   462   542   541   540   539
   538   498   497   496   456   416   495   455   414   413   452   412
   372   291   251   250   290   330   289   329   369   409   449   448
   408   447   487   446   485   525   484   444   522   481   441   401
   361   360   320   359   319   318   279   280   199   200   160   121
    82    42     4     5     0    44    86    87    88   128   127   126
   165   164   204   244   243   203   163   202   242   282   281   321
   322   323   363   403   324   325   365   404   405   406   407   366
   326   286   287   248   208   209   249   288   328   327   367   368
   370   411   371   331   332   292   252   211   210   170   130    89
    49    48     6     0     1    40    80    81   120   159   158   198
   197   237   238   239   278   317   316   356   357   358   398   438
   478   518   558   559   519   479   439   399   400   440   480   520
   560   521   482   523   524   483   443   442   402   362   241   201
   240   161   162   122   123   124   125    85    84    83    45     7
     8     9    10     0    14    13    12    52    92    91   131   171
   212   213   253   374   415   375   335   295   255   215   216   217
   179   219   258   257   256   296   336   376   377   417   535   536
   537   457   418   458   499   460   420   501   461   421   380   340
   342   382   423   383   343   344   305   265   225   224   223   183
   184   185   143   141   101   102    22    24     0   119   118   117
   157   156   196   236   277   276   275   274   314   315   396   397
   437   477   517   557   556   555   554   553   552   551   511   550
   510   470   430   350   349   389   429   469   509   549   548   508
   468   428   388   348   308   307   267   228   268   309   269   270
   310   271   272   190   151   152   112   111   110   109    69    70
    71    30    29     0    16    15    54    53    94    93   132   172
   173   175   214   254   294   334   293   333   373   453   454   494
   534   533   493   492   532   531   491   451   410   450   490   530
   529   489   488   528   527   526   486   445   364   283   284   285
   245   205   206   246   247   207   166   167   168   169   129    90
    51    11     0    31    32    72    73   114   113   153   154   195
   235   234   273   313   312   352   353   354   355   395   436   476
   516   515   475   435   394   434   474   514   513   473   512   472
   471   431   432   433   393   392   391   390   351   311   232   233
   192   191   150   108   107   106    65    66    67    68    28    27
    26     0    19    59    55    50    47    46    43    41    79    78
    77    36    37    38    39     2     3     0     0     0     0     0
     0     0     0     0     0     0     0     0     0     0     0     0
     0     0     0     0     0     0     0     0     0     0     0     0
     0     0     0     0     0     0     0     0     0     0     0     0
     0     0     0     0     0     0     0     0     0     0     0     0
     0     0     0     0     0     0     0     0     0     0     0     0
     0     0     0     0     0     0     0     0     0     0     0     0
     0     0     0     0     0     0     0     0     0     0     0     0
     0     0     0     0     0     0     0     0     0     0     0     0
     0     0     0     0     0     0     0     0     0     0     0     0
     0     0     0     0     0     0     0     0     0     0     0     0
     0     0     0     0     0     0     0     0     0     0     0     0
     0     0     0     0     0     0     0     0     0     0     0     0
     0     0     0     0     0     0     0     0     0     0     0     0
     0     0     0     0     0     0     0     0     0     0     0     0
     0     0     0     0     0     0     0     0     0     0     0     0
     0     0     0     0     0     0     0     0     0     0     0     0
     0     0     0     0     0     0     0     0     0     0     0     0
     0     0     0     0     0     0     0     0     0     0     0     0
     0     0     0     0     0     0     0     0     0     0     0     0
     0     0     0     0     0     0     0     0     0     0     0     0
     0     0     0     0     0     0     0     0     0     0     0     0
     0     0     0     0     0     0     0     0     0     0     0     0
     0     0 20800]
---------
