---------
Problem: journal-set/Li/Li_28.vrp , Best known: 0
Time elapsed: 67319.1773 secs Time per loop: 1.3464 secs
---------
Stopped at generation 50000, Best cost: 34226, from Generation: 50000
---------
Best solution: [50000     0     7    48    88   129   168   169   209   210   290   451
   411   371   331   292   332   372   412   452   413   373   414   454
   455   415   456   496   536   576   616   656   696   736   776   816
   856   817   857   858   818   778   777   737   697   657   617   618
   658   698   738   779   739   699   659   619   578   538   577   537
   497   457   416   376   375   374   333   293   212   211   171   172
   131   130    91    51    50    11    12     0     5     6    46    86
   126   125   165   205   286   247   287   328   368   408   448   488
   528   527   567   607   647   687   688   648   608   568   609   569
   570   571   572   612   692   733   693   653   654   694   734   774
   814   854   855   815   775   735   695   655   615   575   535   495
   494   534   574   614   613   573   533   493   453   492   532   491
   531   530   490   450   410   370   330   248   208   207   206   166
   167   127   128    87    47     8     0     3     4    44    43    42
   121   122   163   243   284   285   325   326   327   367   366   406
   407   447   487   446   486   526   645   685   725   765   805   845
   844   804   803   843   842   802   762   722   682   642   602   562
   522   482   442   441   481   521   561   601   641   681   721   761
   801   841   880   840   879   878   838   877   837   796   835   755
   754   714   674   634   593   472   510   429   389   349   309   308
   307   227   268   269   229   188   147   146    66    26     0    10
     9    49    89    90   170   249   250   291   251   252   253   254
   294   334   335   336   297   337   377   417   378   418   458   498
   539   579   580   620   660   700   740   780   820   819   859   860
   861   821   781   741   701   661   621   662   582   581   541   540
   500   499   459   419   379   338   298   258   218   257   217   216
   256   296   295   255   215   214   213   173   174   175   176   177
   178   179   138   137   136   135   134   133   132    92    93    94
    55    54    53    52    13    14    15     0    23    24    65   104
   143   184   224   225   265   305   386   385   465   505   545   585
   625   665   705   626   666   706   746   786   826   866   745   785
   825   865   864   824   784   744   704   664   624   584   544   504
   464   463   462   502   503   543   583   623   663   703   743   783
   823   863   862   822   782   742   702   622   542   501   461   460
   420   380   381   421   422   382   342   341   340   339   299   259
   219   220   181   180   139    99    98    97    96    95    56    57
    58    18    17    16     0    59   100   140   141   142   182   183
   223   222   221   261   260   300   301   302   262   263   304   303
   343   383   423   384   424   425   426   466   506   546   586   627
   587   547   507   548   588   628   667   707   747   787   827   867
   868   828   788   748   708   668   749   789   829   869   870   830
   790   791   831   871   872   832   792   752   712   672   632   592
   511   471   432   392   352   312   272   271   232   233   192   193
   194   234   195   196   156   155   154   114   113   112    72    73
    33    32     0    39    79    78    77    76   117   118   119   120
   160   159   158   198   199   239   240   200   161   201   202   203
   283   323   362   402   401   361   480   440   400   399   439   479
   519   520   560   600   640   680   720   760   800   799   839   798
   797   757   717   677   637   597   638   678   718   758   759   719
   679   639   599   559   598   558   518   478   438   398   437   477
   517   557   476   514   474   433   431   311   310   270   231   230
   189   108    27     0    31    30    29    28    25    67   107   148
   149   109    68    69    70    71   110   111   153   152   151   150
   191   190   228   267   306   347   348   388   469   430   390   350
   351   391   470   550   551   591   631   671   711   751   750   710
   670   630   590   709   669   629   589   549   509   508   468   428
   467   427   387   346   345   344   264   266   226   187   186   185
   145   144   105   106    64    63   103   102   101    62    61    60
    19    20    21    22     0    45    85    84   124   245   246   288
   289   329   369   409   449   489   529   610   650   690   691   651
   611   652   732   773   813   853   852   812   772   731   771   811
   851   850   810   770   730   649   689   729   769   809   849   848
   808   768   728   727   767   807   847   846   806   766   726   686
   646   606   566   525   565   605   604   644   684   724   764   763
   723   683   643   603   563   523   483   443   403   363   364   404
   444   484   524   564   485   445   405   365   324   244   204   164
   123    83    82    41     2     0     1    40    80    81   162   241
   242   282   322   321   360   359   319   320   281   280   279   318
   358   357   397   436   396   356   317   277   276   316   315   314
   354   355   395   435   394   434   513   553   594   554   515   475
   516   556   555   595   635   675   715   596   636   676   716   756
   836   876   875   795   794   834   874   873   833   793   753   713
   673   633   552   512   473   393   353   313   273   274   275   235
   236   237   278   238   197   157   116   115    75    74    34    35
    36    37    38     0     0     0     0     0     0     0     0     0
     0     0     0     0     0     0     0     0     0     0     0     0
     0     0     0     0     0     0     0     0     0     0     0     0
     0     0     0     0     0     0     0     0     0     0     0     0
     0     0     0     0     0     0     0     0     0     0     0     0
     0     0     0     0     0     0     0     0     0     0     0     0
     0     0     0     0     0     0     0     0     0     0     0     0
     0     0     0     0     0     0     0     0     0     0     0     0
     0     0     0     0     0     0     0     0     0     0     0     0
     0     0     0     0     0     0     0     0     0     0     0     0
     0     0     0     0     0     0     0     0     0     0     0     0
     0     0     0     0     0     0     0     0     0     0     0     0
     0     0     0     0     0     0     0     0     0     0     0     0
     0     0     0     0     0     0     0     0     0     0     0     0
     0     0     0     0     0     0     0     0     0     0     0     0
     0     0     0     0     0     0     0     0     0     0     0     0
     0     0     0     0     0     0     0     0     0     0     0     0
     0     0     0     0     0     0     0     0     0     0     0     0
     0     0     0     0     0     0     0     0     0     0     0     0
     0     0     0     0     0     0     0     0     0     0     0     0
     0     0     0     0     0     0     0     0     0     0     0     0
     0     0     0     0     0     0     0     0     0     0     0     0
     0     0     0     0     0     0     0     0     0     0     0     0
     0     0     0     0     0     0     0     0     0     0     0     0
     0     0     0     0     0     0     0     0     0     0     0     0
     0     0     0     0     0     0     0     0     0     0     0     0
     0     0     0     0     0     0     0     0     0     0     0     0
     0     0     0     0     0     0     0     0     0     0     0     0
     0     0     0     0     0     0     0     0     0     0     0     0
     0     0     0     0     0     0     0     0     0     0     0     0
     0     0     0     0     0     0     0     0     0     0     0     0
     0     0     0     0     0     0     0     0     0     0     0     0
     0     0     0     0     0     0     0     0     0     0     0     0
     0     0     0     0     0     0     0     0     0     0     0     0
     0     0     0     0     0     0     0     0     0     0     0     0
     0     0     0     0     0     0     0     0     0     0     0     0
     0     0 34226]
---------
