---------
Problem: journal-set/Li/Li_31.vrp , Best known: 0
Time elapsed: 145348.6668 secs Time per loop: 2.907 secs
---------
Stopped at generation 50000, Best cost: 52268, from Generation: 50000
---------
Best solution: [50000     0    24    23    22    62    63    64   104   103   102    61
    60    59   101   100   138   139   140   180   141   142   143   144
   145   146   147   189   188   187   186   226   266   306   267   229
   230   190   232   352   353   434   512   472   432   392   391   351
   350   349   348   427   507   466   465   463   384   385   305   265
   225   185   184   183   223   224   264   263   303   302   262   222
   182   181   221   219   218   217   176   175   174   172   170    92
    94   136    95    55    53    50    49    11    12    13    14    15
    17    18    19     0    28    66    65   105   106   107   108   148
   227   228   268   269   309   308   307   347   387   386   426   506
   505   545   544   543   503   504   464   424   425   346   345   304
   344   343   383   423   422   382   342   301   341   421   420   581
   662   664   624   584   625   585   546   586   626   666   707   706
   746   786   826   866   906   946   986   945   905   904   985  1065
  1105  1106  1066  1026  1107  1067  1027   987   947   907   867   827
   787   747   748   788   868   908   829   789   749   709   669   629
   589   549   548   508   468   428   429   469   509   550   510   470
   471   431   430   390   310   272   273   274   233   192   111    69
    29     0     6     7    47    89    88    87    86   127   167   207
   209   210   250   251   211   212   213   253   252   292   293   454
   494   455   415   375   336   295   294   254   255   216   256   296
   297   337   377   376   416   456   496   495   574   614   693   653
   613   573   533   532   572   612   652   651   611   571   570   531
   491   451   411   370   410   450   490   530   529   489   449   488
   448   408   409   369   329   368   407   406   445   404   403   442
   361   360   320   362   363   323   324   365   366   326   327   328
   289   249   248   247   287   246   205   245   284   243   242   161
   160   122    83    43    42     2     3     0    35    36    37    39
     1    41   120   119   159   240   280   241   281   321   322   282
   283   443   482   522   601   641   681   721   761   801   841   881
   921   802   762   763   723   683   643   644   684   804   803   882
   922   962   923   963  1003  1043  1083  1002  1042  1082  1081  1041
  1001   961  1080  1040  1000   960   920   880   840   800   760   720
   919   959   999  1039  1079  1120  1119   998  1038  1118  1117  1116
  1076  1075   994   954   914   874   875   955   956   996  1077  1037
   997   878   758   759   639   680   640   561   521   481   441   480
   479   439   400   319   279   239   199   118    77    78    79    80
    40    38     0    31    27    26    25    21    20    58    57    56
    96    97    98    99   137   178   179   220   261   260   300   340
   380   339   379   419   459   499   498   538   539   500   540   580
   661   702   742   783   743   703   704   744   784   824   823   863
   903   902   862   822   782   741   701   700   660   620   579   619
   659   699   739   819   859   899   939   979  1019  1059  1099  1098
   818   738   698   658   618   578   537   577   617   657   697   616
   576   536   417   418   378   338   298   299   259   258   257   177
   135   134   133   173   171   129   130   131   132    93    91    90
     0    10     9     8    46    45    84    85   166   206   208   288
   367   447   487   527   528   568   569   609   649   610   650   690
   691   731   771   811   851   891   931   732   692   733   734   854
   855   895   935   975  1055  1095  1096  1056  1016  1017  1057  1097
  1058  1018   978   938   898   858   778   779   780   740   781   821
   861   901   941   820   860   900   940   980  1020  1060  1100  1101
  1061  1021   981   942   982  1022  1062  1102  1103  1063  1023   983
   943   864   944   984  1024  1064  1104  1025   865   825   785   745
   705   665   663   623   583   462   502   542   582   622   621   541
   501   461   381   460   458   497   457   215   214    54    16     0
     4    82    81   121   200   201   202   203   163   204   244   286
   325   405   444   483   484   524   564   525   647   608   648   688
   689   729   769   809   849   889   929   730   770   810   850   890
   930   970  1010  1050  1090  1091  1051  1011   971  1092  1052  1012
   972   932   933   973  1013  1053  1093  1094  1054  1014   974   934
   894  1015   815   775   735   774   814   813   853   893   892   852
   812   772   773   694   654   695   776   816   856   896   936   976
   977   937   897   857   817   777   737   736   696   656   655   615
   575   535   534   493   453   492   452   412   413   414   374   335
   334   333   373   332   372   371   331   330   290   291   169   168
   128   126   125    48    51    52     0    32    73    74   115   116
   157   156   155   153   151   150   149   270   389   388   467   547
   587   627   667   588   628   668   708   828   948   988  1028  1068
  1108  1109  1069  1029   989   949   909   869   870   910   950   990
  1030  1070  1110  1111  1071  1031   991   951   871   831   791   830
   790   710   630   631   671   792   832   872   912   952   992  1032
  1072  1112  1113  1073  1033   993   953   913   873   833   793   753
   834   794   754   714   674   673   713   712   672   632   592   633
   634   594   554   513   393   313   354   355   396   397   437   478
   518   559   599   600   560   520   519   438   398   358   278   238
   198   158   117    76    75     0    67    68    70   109   110   152
   191   231   271   311   312   433   473   553   593   552   511   551
   591   590   670   750   711   751   911   752  1034  1074  1114  1115
  1035   995  1036   916   876   915   835   795   755   715   675   716
   676   636   596   635   595   555   515   436   476   516   556   517
   557   597   637   677   717   757   756   796   836   797   837   877
   917   957  1078   958   918   879   839   799   838   798   718   719
   679   678   638   598   558   477   357   356   395   435   475   514
   474   394   314   234   235   236   276   277   237   197   195   194
   193   154   113   112    71    30     0     5    44   124   123   162
   164   165   285   364   485   446   486   526   566   565   605   645
   604   603   724   764   685   725   765   805   845   846   806   766
   726   686   646   606   567   607   687   727   767   807   847   728
   768   808   848   888   928   968   969  1009  1049  1089  1008  1048
  1088  1087  1047  1007   967   927   887   886   926   966  1006  1046
  1086  1085  1045  1005   965   925   885  1084  1044  1004   964   924
   884   844   883   843   842   722   682   642   602   562   563   523
   402   401   440   399   359   318   317   316   315   275   196   114
    72    33    34     0     0     0     0     0     0     0     0     0
     0     0     0     0     0     0     0     0     0     0     0     0
     0     0     0     0     0     0     0     0     0     0     0     0
     0     0     0     0     0     0     0     0     0     0     0     0
     0     0     0     0     0     0     0     0     0     0     0     0
     0     0     0     0     0     0     0     0     0     0     0     0
     0     0     0     0     0     0     0     0     0     0     0     0
     0     0     0     0     0     0     0     0     0     0     0     0
     0     0     0     0     0     0     0     0     0     0     0     0
     0     0     0     0     0     0     0     0     0     0     0     0
     0     0     0     0     0     0     0     0     0     0     0     0
     0     0     0     0     0     0     0     0     0     0     0     0
     0     0     0     0     0     0     0     0     0     0     0     0
     0     0     0     0     0     0     0     0     0     0     0     0
     0     0     0     0     0     0     0     0     0     0     0     0
     0     0     0     0     0     0     0     0     0     0     0     0
     0     0     0     0     0     0     0     0     0     0     0     0
     0     0     0     0     0     0     0     0     0     0     0     0
     0     0     0     0     0     0     0     0     0     0     0     0
     0     0     0     0     0     0     0     0     0     0     0     0
     0     0     0     0     0     0     0     0     0     0     0     0
     0     0     0     0     0     0     0     0     0     0     0     0
     0     0     0     0     0     0     0     0     0     0     0     0
     0     0     0     0     0     0     0     0     0     0     0     0
     0     0     0     0     0     0     0     0     0     0     0     0
     0     0     0     0     0     0     0     0     0     0     0     0
     0     0     0     0     0     0     0     0     0     0     0     0
     0     0     0     0     0     0     0     0     0     0     0     0
     0     0     0     0     0     0     0     0     0     0     0     0
     0     0     0     0     0     0     0     0     0     0     0     0
     0     0     0     0     0     0     0     0     0     0     0     0
     0     0     0     0     0     0     0     0     0     0     0     0
     0     0     0     0     0     0     0     0     0     0     0     0
     0     0     0     0     0     0     0     0     0     0     0     0
     0     0     0     0     0     0     0     0     0     0     0     0
     0     0     0     0     0     0     0     0     0     0     0     0
     0     0     0     0     0     0     0     0     0     0     0     0
     0     0     0     0     0     0     0     0     0     0     0     0
     0     0     0     0     0     0     0     0     0     0     0     0
     0     0     0     0     0     0     0     0     0     0     0     0
     0     0     0     0     0     0     0     0     0     0     0     0
     0     0     0     0     0     0     0     0     0     0     0     0
     0     0     0     0     0     0     0     0     0     0     0     0
     0     0     0     0     0     0     0     0     0     0     0     0
     0     0     0     0     0     0     0     0     0     0     0     0
     0     0     0     0     0     0     0     0     0     0     0     0
     0     0 52268]
---------
