---------
Problem: journal-set/Li/Li_30.vrp , Best known: 0
Time elapsed: 116685.4265 secs Time per loop: 2.3337 secs
---------
Stopped at generation 50000, Best cost: 45056, from Generation: 50000
---------
Best solution: [50000     0    11    12    13    55    95   136   135   175   176   177
   178   179   218   219   260   299   338   339   340   300   301   341
   381   380   420   460   500   540   499   459   419   379   458   498
   457   497   537   538   539   620   661   621   581   541   501   461
   421   342   382   422   462   502   542   582   622   662   663   623
   583   543   503   463   544   584   585   625   665   705   745   785
   825   865   905   906   866   826   786   746   787   747   707   667
   706   666   626   586   546   506   465   425   385   384   263   182
   142   141   100    99    58    17     0    29    28    68   148   507
   508   349   350   351   352   353   354   355   273   192   194   196
   198   199   200   161   162   202   201   280   279   239   238   237
   278   437   358   319   320   281   282   242   203   243   283   323
   403   364   405   404   444   484   524   523   563   564   604   643
   722   802   842   882   922   801   841   881   921   961  1001  1002
   962  1003   963   923   883   843   803   763   723   844   884   924
  1004  1005   925   885   845   764   684   644   605   565   525   485
   445   406   447   407   408   368   328   367   366   365   285   244
   204   247    88    86    84    44    43    42     1     0    14    52
    91   131   171   212   253   293   294   334   374   373   413   414
   454   533   493   453   412   452   492   532   572   651   691   650
   729   769   809   849   889   929   850   890   930   970  1010  1009
   969  1008   968   928   888   848   808   768   807   847   887   927
   967  1007  1006   966   926   886   846   766   727   687   647   607
   567   566   526   486   446   487   488   528   568   608   648   688
   728   689   649   609   569   529   489   490   530   570   610   531
   451   411   372   332   333   292   252   211   210   209   169   170
    50    51    10     9     8     7     0     2     3     4     5     6
    47    48    49    89    90   130   129   168   167   128   127   166
   206   207   208   248   288   289   249   250   251   291   290   330
   331   371   370   410   450   491   571   611   690   730   770   810
   731   771   811   851   891   931   971  1011   932   972  1012  1013
   973   974  1014  1015   975   934   894   933   893   853   813   892
   852   812   772   732   692   652   612   573   613   653   693   733
   773   694   654   614   574   534   494   415   375   335   336   296
   256   295   255   254   213   172   132    92    93    53    15     0
    54    94   134   133   173   174   214   215   216   217   257   297
   337   377   376   416   455   495   535   575   615   655   695   735
   775   734   774   814   854   815   855   895   935  1016   976   936
   896   856   816   776   736   696   656   616   576   617   657   697
   737   777   817   857   897   937   977  1017  1018   978   938   898
   858   818   778   738   698   658   659   699   739   779   819   859
   899   939   979  1019   900   860   820   780   740   700   660   580
   579   619   618   578   577   536   496   456   417   418   378   298
   258   259   137    97    96    56    57    16     0    31    72    73
   112   113   114   155   195   236   316   317   318   359   399   398
   397   357   396   356   315   314   313   272   271   270   311   312
   393   394   434   395   435   475   515   556   555   595   635   675
   715   755   795   835   875   915   955   995   954   914   874   834
   794   754   714   674   634   594   554   593   553   513   514   474
   433   473   512   472   432   392   391   431   471   511   470   430
   390   310   269   268   267   306   265   266   228   188   187   186
   184   183   143   105    64     0    38    83    85    45    46    87
   126   125   124   163   164   165   205   245   246   286   325   326
   327   287   329   369   409   449   448   527   606   646   686   726
   767   806   645   685   725   765   805   965   964   804   724   683
   603   602   642   682   762   761   721   681   641   601   441   362
   324   284   322   361   360   438   477   558   719   679   639   599
   559   519   479   560   600   640   680   720   760   800   840   880
   920   960  1000  1040  1039   999   959   919   879   839   799   759
   758   718   678   637   636   516   476   436   276   277   197   156
   157   158   118   117    76    35    34    33     0    36    37    79
   119   120    81    82   123   122   121   160   159   240   241   321
   400   401   442   402   363   443   483   482   522   562   561   521
   481   520   480   440   439   478   518   517   557   598   638   798
   838   878   918   958   998  1038  1037   997   957   917   877   837
   797   757   717   677   597   596   676   716   756   796   836   876
   916   956   996  1036  1035  1034   994   953   993  1033  1032   912
   913   873   833   793   753   713   673   633   632   752   792   791
   751   671   591   550   670   750   790   910   949   989  1029  1028
   988   868   708   628   588   548   467   387   386   346   224   185
   144   146   147   149   150    71    32     0    23    24    26    27
    30    70   111   110   109    69    67   108   107   106   227   226
   225   223   222   302   343   344   345   305   307   347   427   348
   388   428   468   469   509   549   589   629   669   709   749   748
   828   908   948   909   869   829   789   830   870   950   990  1030
  1031   991   951   911   871   831   992   952   872   832   712   672
   592   552   551   631   711   710   630   590   510   429   389   309
   308   229   230   231   189   190   191   232   233   274   275   235
   234   193   151   152   153   154   115   116    74    75    77    78
    80    41    40    39     0    22    21    20    19    18    59    98
   138   139   140   181   180   220   221   261   262   303   383   423
   424   464   504   505   545   624   664   704   744   784   824   864
   904   944   984   983   943   903   863   942   902   862   822   782
   823   783   743   703   742   702   701   741   781   821   861   901
   941   940   980  1020  1021   981   982  1022  1023  1024  1025   985
   945   946   986  1026  1027   987   947   907   867   827   788   668
   627   587   547   466   426   304   264   145   104   103   102   101
    60    61    62    63    65    66    25     0     0     0     0     0
     0     0     0     0     0     0     0     0     0     0     0     0
     0     0     0     0     0     0     0     0     0     0     0     0
     0     0     0     0     0     0     0     0     0     0     0     0
     0     0     0     0     0     0     0     0     0     0     0     0
     0     0     0     0     0     0     0     0     0     0     0     0
     0     0     0     0     0     0     0     0     0     0     0     0
     0     0     0     0     0     0     0     0     0     0     0     0
     0     0     0     0     0     0     0     0     0     0     0     0
     0     0     0     0     0     0     0     0     0     0     0     0
     0     0     0     0     0     0     0     0     0     0     0     0
     0     0     0     0     0     0     0     0     0     0     0     0
     0     0     0     0     0     0     0     0     0     0     0     0
     0     0     0     0     0     0     0     0     0     0     0     0
     0     0     0     0     0     0     0     0     0     0     0     0
     0     0     0     0     0     0     0     0     0     0     0     0
     0     0     0     0     0     0     0     0     0     0     0     0
     0     0     0     0     0     0     0     0     0     0     0     0
     0     0     0     0     0     0     0     0     0     0     0     0
     0     0     0     0     0     0     0     0     0     0     0     0
     0     0     0     0     0     0     0     0     0     0     0     0
     0     0     0     0     0     0     0     0     0     0     0     0
     0     0     0     0     0     0     0     0     0     0     0     0
     0     0     0     0     0     0     0     0     0     0     0     0
     0     0     0     0     0     0     0     0     0     0     0     0
     0     0     0     0     0     0     0     0     0     0     0     0
     0     0     0     0     0     0     0     0     0     0     0     0
     0     0     0     0     0     0     0     0     0     0     0     0
     0     0     0     0     0     0     0     0     0     0     0     0
     0     0     0     0     0     0     0     0     0     0     0     0
     0     0     0     0     0     0     0     0     0     0     0     0
     0     0     0     0     0     0     0     0     0     0     0     0
     0     0     0     0     0     0     0     0     0     0     0     0
     0     0     0     0     0     0     0     0     0     0     0     0
     0     0     0     0     0     0     0     0     0     0     0     0
     0     0     0     0     0     0     0     0     0     0     0     0
     0     0     0     0     0     0     0     0     0     0     0     0
     0     0     0     0     0     0     0     0     0     0     0     0
     0     0     0     0     0     0     0     0     0     0     0     0
     0     0     0     0     0     0     0     0     0     0     0     0
     0     0     0     0     0     0     0     0     0     0     0     0
     0     0     0     0     0     0     0     0     0     0     0     0
     0     0     0     0     0     0     0     0     0     0     0     0
     0     0 45056]
---------
