---------
Problem: journal-set/Li/Li_32.vrp , Best known: 0
Time elapsed: 166083.1691 secs Time per loop: 3.3217 secs
---------
Stopped at generation 50000, Best cost: 53709, from Generation: 50000
---------
Best solution: [50000     0     4     3    43    83   122   121   160   201   242   241
   281   321   361   360   320   280   319   359   358   357   436   476
   437   477   517   557   597   637   677   717   718   758   798   759
   799   839   879   919   959   999  1039  1079   800   762   802   842
   882   803   763   804   764   604   564   563   523   483   484   443
   403   363   362   322   282   283   243   204   245   246   206   205
   165   164   125   126   127   167   207   129   130    90    52    53
    54    16    14    13    12     0    15    17    18    98   138   177
   178   218   338   378   458   537   577   538   578   618   658   698
   779   700   701   741   781   820   860   900   940   980  1020  1021
  1062  1102  1142  1182  1183  1143  1103  1063  1023  1022   982   942
   902   862   863   903   943   983   944   984  1024  1064  1104  1144
  1184  1185  1145  1105  1186  1146  1106  1066  1026  1065  1025   985
   945   905   865   825   785   745   705   704   664   624   584   544
   504   464   463   423   383   343   341   381   421   382   422   462
   503   543   583   623   663   703   743   661   621   581   541   540
   580   620   660   699   659   619   579   539   499   459   379   339
   179   140   100   103    64    24    23     0    26    66    65   104
   143   142   141   182   181   340   380   420   460   500   461   501
   502   542   582   622   662   702   742   782   822   823   783   744
   784   824   864   904   986   946   906   866   826   867   907   947
   987  1027  1067  1107  1147  1187  1188  1148  1108  1068  1069  1109
  1149  1189  1190  1150  1110  1070  1030  1029  1028   988   948   908
   868   828   788   827   787   747   786   746   706   666   707   667
   627   546   586   626   665   625   585   545   505   465   425   385
   424   384   344   345   265   225   264   224   183   184   185   186
   226   227   187   146   145   144   105   107   108   109   110   111
   112   113   114   116    77    76    75    74    73    72    71    31
    32    33     0    55   137   175   174   251   250   248   247   288
   328   368   329   369   370   330   331   410   450   490   530   570
   610   650   609   569   529   489   449   409   448   488   528   568
   608   607   606   566   526   486   446   445   405   404   444   485
   525   565   685   684   724   723   683   643   642   682   722   721
   761   801   841   960   920   880   840   760   720   719   680   640
   681   641   561   602   562   522   482   442   402   401   441   481
   521   600   560   520   480   440   400   399   439   479   519   559
   599   639   679   678   638   598   558   518   478   438   398   397
   396   516   556   555   515   475   435   395   355   356   316   317
   318   279   240   161    82    42     2     1    40     0    44    45
    85    84   124   123   163   162   202   323   601   603   644   524
   605   645   686   646   647   687   727   767   807   847   846   806
   766   726   725   765   805   845   885   844   884   923  1042  1162
  1163  1123  1124  1084  1044  1004   964   924   925   965  1005  1125
  1165  1126  1086  1046  1006   966   926   886   887   927   967  1007
  1047  1087  1127  1128  1088  1048  1008   968   928   888   848   808
   849   809   810   770   730   690   649   689   729   769   768   728
   688   648   567   527   487   447   408   407   406   366   367   327
   287   286   326   285   325   365   364   324   284   244   203   166
    87    88    89    48    49    19    59    60   101   102    63    62
    61    22    21    20     0    56    94   135   216   256   457   497
   617   657   697   737   738   778   818   858   898   938   978  1018
  1058  1098   979   939   899   859   819   739   740   780   821   861
   901   941   981  1061  1101  1141  1181  1180  1140  1100  1060  1019
  1059  1099  1139  1179  1178  1138  1177  1137  1097  1057  1017   977
   937   897   857   817   777   736   776   816   856   896   895   855
   854   894   934   974   973  1013  1014  1054  1055  1015   975   935
   936   976  1016  1056  1096  1136  1176  1175  1135  1095  1094  1134
  1174  1173  1133  1093  1053  1092  1052  1012   972   932   892   852
   933   893   853   773   774   734   654   735   775   815   696   656
   616   576   615   575   535   495   536   496   456   376   213   212
   172   171   131    91    50    10     9     0    38    78   117   157
   155   154   153   152   151   150   149   189   190   191   232   231
   230   229   228   347   386   346   305   304   303   342   302   263
   223   222   262   261   301   300   299   259   260   220   221   180
   139    99    58    57    97    96    95   136   176   217   219   258
   257   296   297   298   337   377   418   419   498   417   416   336
   335   375   415   455   414   454   494   534   574   614   655   695
   694   814   813   812   772   732   692   652   612   651   611   571
   531   491   572   532   492   452   412   451   411   371   372   332
   333   292   252   211   210   291   290   289   249   209   170   169
   208   168   128    86    46    47     8     7     6     5     0    11
    51    92    93   132   133   134   173   214   215   255   254   253
   293   294   295   334   374   373   413   453   493   533   573   613
   653   693   733   691   731   771   811   851   891   931   971  1011
  1051  1091  1131  1132  1172  1171  1170  1130  1090  1050  1010   970
   930   890   850   889   929   969  1009  1049  1089  1129  1169  1168
  1167  1166  1085  1045  1164  1083  1043  1003   963   883   843   922
   881   921   961   962  1002  1082  1122  1161  1121  1081  1041  1001
  1000  1040  1080  1120  1160  1200  1119  1159  1199  1198  1197  1037
   917   877   836   876   916   956   996   995   955   915   835   795
   715   753   592   512   553   594   514   353   352   351   313   234
   158   118    36     0    30    29    28    27    68    69    70   115
   156   197   196   195   194   193   192   233   272   271   270   311
   350   389   388   427   467   508   468   428   429   469   509   549
   589   630   670   710   750   790   830   831   791   751   711   671
   712   752   792   833   873   874   914   954   994  1034  1074  1114
  1154  1194  1193  1153  1113  1073  1033   993   953   913   832   872
   912   952   992  1032  1072  1112  1152  1192  1191  1151  1111  1071
  1031   991   951   911   871   870   910   950   990   989   949   909
   869   829   789   749   709   669   629   748   708   668   628   588
   548   587   547   507   506   466   426   387   306   266   307   308
   348   349   309   310   269   268   267   188   148   147   106    67
    25     0    34    35    37    79   120   119   159   198   238   237
   236   235   275   274   314   273   312   393   433   473   513   593
   633   552   472   432   392   471   431   391   390   430   470   510
   550   590   511   551   591   631   632   672   673   713   793   754
   794   834   875  1035  1075  1115  1155  1195  1196  1156  1116  1076
  1036   957   997  1077  1117  1157  1158  1118  1078  1038   998   958
   918   878   838   837   797   757   796   756   716   676   755   714
   674   634   635   675   636   596   595   554   474   434   394   354
   315   276   277   278   239   199   200    81    41    80    39     0
     0     0     0     0     0     0     0     0     0     0     0     0
     0     0     0     0     0     0     0     0     0     0     0     0
     0     0     0     0     0     0     0     0     0     0     0     0
     0     0     0     0     0     0     0     0     0     0     0     0
     0     0     0     0     0     0     0     0     0     0     0     0
     0     0     0     0     0     0     0     0     0     0     0     0
     0     0     0     0     0     0     0     0     0     0     0     0
     0     0     0     0     0     0     0     0     0     0     0     0
     0     0     0     0     0     0     0     0     0     0     0     0
     0     0     0     0     0     0     0     0     0     0     0     0
     0     0     0     0     0     0     0     0     0     0     0     0
     0     0     0     0     0     0     0     0     0     0     0     0
     0     0     0     0     0     0     0     0     0     0     0     0
     0     0     0     0     0     0     0     0     0     0     0     0
     0     0     0     0     0     0     0     0     0     0     0     0
     0     0     0     0     0     0     0     0     0     0     0     0
     0     0     0     0     0     0     0     0     0     0     0     0
     0     0     0     0     0     0     0     0     0     0     0     0
     0     0     0     0     0     0     0     0     0     0     0     0
     0     0     0     0     0     0     0     0     0     0     0     0
     0     0     0     0     0     0     0     0     0     0     0     0
     0     0     0     0     0     0     0     0     0     0     0     0
     0     0     0     0     0     0     0     0     0     0     0     0
     0     0     0     0     0     0     0     0     0     0     0     0
     0     0     0     0     0     0     0     0     0     0     0     0
     0     0     0     0     0     0     0     0     0     0     0     0
     0     0     0     0     0     0     0     0     0     0     0     0
     0     0     0     0     0     0     0     0     0     0     0     0
     0     0     0     0     0     0     0     0     0     0     0     0
     0     0     0     0     0     0     0     0     0     0     0     0
     0     0     0     0     0     0     0     0     0     0     0     0
     0     0     0     0     0     0     0     0     0     0     0     0
     0     0     0     0     0     0     0     0     0     0     0     0
     0     0     0     0     0     0     0     0     0     0     0     0
     0     0     0     0     0     0     0     0     0     0     0     0
     0     0     0     0     0     0     0     0     0     0     0     0
     0     0     0     0     0     0     0     0     0     0     0     0
     0     0     0     0     0     0     0     0     0     0     0     0
     0     0     0     0     0     0     0     0     0     0     0     0
     0     0     0     0     0     0     0     0     0     0     0     0
     0     0     0     0     0     0     0     0     0     0     0     0
     0     0     0     0     0     0     0     0     0     0     0     0
     0     0     0     0     0     0     0     0     0     0     0     0
     0     0     0     0     0     0     0     0     0     0     0     0
     0     0     0     0     0     0     0     0     0     0     0     0
     0     0     0     0     0     0     0     0     0     0     0     0
     0     0     0     0     0     0     0     0     0     0     0     0
     0     0     0     0     0     0     0     0     0     0     0     0
     0     0     0     0     0     0     0     0     0     0     0     0
     0     0 53709]
---------
