---------
Problem: X-n480-k70.vrp , Best known: 0
Time elapsed: 33885.3249 secs Time per loop: 30.4998 secs
---------
Stopped at generation 1111, Best cost: 167751, from Generation: 1
---------
Best solution: [     1      0      0    333    321    315    479    281    445      0
    323     37    469     87     11     10    112      0     81     42
    437     26    293    158      0    337    382     69    156    428
    354      0    415    411    167    409    231     16    346      0
    343    331     67    478    309    219      0    341     17    387
    215    102    350     53      0     76    154    416    455    422
    384    288      0    324    222    426    287    421    420      0
    418    259    318    399    229    450    238      0    205    145
     73    174    246    115      0     91    162    406     98    403
    407      0    194    249    146     22     28     25     75      0
    116     34     38    212    251    141    150      0    471    170
    361    159     30    125      0    376    436    187    261    189
    308     60      0    182    462    240    443    166    396      0
     90    264    282    391    372    136      0    270    379    389
    132    344      0    175    285     72    442    386    424      0
    253    160    118    475    367    368    414     80      0    366
    363    144    395    135     66     57      0    155    199     47
     83    171    448    380     12      0    296    334    218    435
    114    429     92      0    129    172      3    216     85     46
      0     33    277    139     55    124      0    221    173     27
    477    131    252    365      0    470    375      8    413    265
    412    371      0    353     36    126     82    151    275      0
    292    390    224    104    326     39    103    113      0    434
     59    250     13    101    467    279      0    200    179    397
    255    431      6      0    459     97     78      7    110    180
    314      0    294    262    236    336    398    133      0    120
    234    327    169    201     52      0    347    208    190    193
    332    289    410      0    301    138    452    311    243    457
      0      5    427    401     48    357    460      0     49    316
    291    140    444    107    476      0    433    430    345    358
     56    119     88      0     40    239     89     21     68      0
     79    360    148    228    378      2    329      0    342    305
    303    268    307     74    306    152      0    393    449    198
    286    299    128    297      0    355    267    404    217    330
     19      0    377    202    207    352    438    206      0     31
    402    188    392    283    468      0    461    226    302    130
     58     23      0     35    273     84    153    359    453     20
      0    472    451    164    322     14     24      0    439    274
    456    338    176     94      0    474    237    111    227    254
    276    225      0    348    364    244    142    464    405    280
     65      0    134     62     63    271      4    258      0    441
    317    370    440    319    266      0    117    473    204    178
    210     70      0    465    230    356    325    284     93    161
      0    394    121     71     18    446    209      0    290    388
    223    181     44    466    432      0     15     64     77    105
    157    256      0    122     29    248    383    108    203      0
    143    247    241    313     45    213    195      0    272    245
    168    300    177    214    373      0    184    278    183    447
    458    100      0    127     95    304    454    137    362    369
      0    197    312    235    220    123    149     54      0     32
     61    109    147     51    186     50      0    163    165    423
    419    298    260     41    349      0    106    295     96      1
    425    400    385    257      0    269    320    196    263     86
     43      0    192     99    232    242    463    381    408      0
    335    351    417    310    328    191      0    374    340    233
    211    185      9    339      0      0      0      0      0      0
      0      0      0      0      0      0      0      0      0      0
      0      0      0      0      0      0      0      0      0      0
      0      0      0      0      0      0      0      0      0      0
      0      0      0      0      0      0      0      0      0      0
      0      0      0      0      0      0      0      0      0      0
      0      0      0      0      0      0      0      0      0      0
      0      0      0      0      0      0      0      0      0      0
      0      0      0      0      0      0      0      0      0      0
      0      0      0      0      0      0      0      0      0      0
      0      0      0      0      0      0      0      0      0      0
      0      0      0      0      0      0      0      0      0      0
      0      0      0      0      0      0      0      0      0      0
      0      0      0      0      0      0      0      0      0      0
      0      0      0      0      0      0      0      0      0      0
      0      0      0      0      0      0      0      0      0      0
      0      0      0      0      0      0      0      0      0      0
      0      0      0      0      0      0      0      0      0      0
      0      0      0      0      0      0      0      0      0      0
      0      0      0      0      0      0      0      0      0      0
      0      0      0      0      0      0      0      0      0      0
      0      0      0      0      0      0      0      0      0      0
      0      0      0      0      0      0      0      0      0      0
      0      0      0      0      0      0      0      0      0      0
      0      0      0      0      0      0      0      0      0      0
      0      0      0      0      0      0      0      0      0      0
      0      0      0      0      0      0      0      0      0      0
      0      0      0      0      0      0      0      0      0      0
      0      0      0      0      0      0      0      0      0      0
      0      0      0      0      0      0      0      0      0      0
      0      0      0      0      0      0      0      0      0      0
      0      0      0      0      0      0      0      0      0      0
      0      0      0      0      0      0      0      0      0      0
      0      0      0      0      0      0      0      0      0      0
      0      0      0      0      0      0      0      0      0      0
      0      0      0      0      0      0      0      0      0      0
      0      0      0      0      0      0      0      0      0      0
      0      0      0      0      0      0      0      0      0      0
      0      0      0      0      0      0      0      0      0      0
      0      0      0      0      0      0      0      0      0      0
      0      0      0      0      0      0      0      0      0      0
      0 167751]
---------
