---------
Problem: X-n480-k70.vrp , Best known: 0
Time elapsed: 30447.5641 secs Time per loop: 30.4476 secs
---------
Stopped at generation 1000, Best cost: 174963, from Generation: 1
---------
Best solution: [     1      0      0    111     98    185    267    104    127    133
      0    341    358    450     97    337    308    124      0    302
    334     90    426    390    392    400      0    458    395     96
    240    277    101      0    253    248    250    413    237    234
      0    273    227    232    159    158     24      0    439    447
    419    259    462    468      0    424    230    382    417    214
    325    329      0    448    440    258    102    261    271    262
      0    116    456    246     78    298    225    189      0     52
     72    191    188    346    114      0    374    378     95     30
    206    290    209      0    347    113     58    265     85      0
    266    323    152     39    198    136      0    433     22     93
    372    474     34    194      0     15     54    373    300    156
    389    252      0     77    330    291    321     19      0     67
    331    207    106    142    471      0     49    339    243    394
     12    274    151      0    473    149     29     48    231    307
      0    420     66    350     75    122    130      0     25     47
    239    242    385     60     35      0    118    311    120    344
    310    238      0     65    236    177     13     69      2      0
    354    359    357    362    166    280    272      0    270    174
    432    161     14     53      0    428    222    418     44     88
    410      0    369    348    216    245    289     81      0    203
    322    257    405    342    155    384    192      0     11    137
    402     73     70    380      0    180    411    421    305    312
     64     46      0     57    469    228    170    286    355      0
    293    179    264    422    281    184      0     18     10    338
    427    430    145     79      0    128    196     17    140    478
    460      0     43    241    199    282    416    213      3      0
    452    425    190    139    204     45    364      0    187    224
    220    445    141     41    221      0    219    217    157    146
    434    150    431      0    470    197    181     26    376    154
      6      0     84    353    381    438    465    415    186      0
     80    138    260    387    336    403    269      0    335    309
     61    326     23    160      0    423     68    463    476    466
    455    313      0     94    294     71    429    319    285      0
    244     89     63    100    292     27    129      0    103    105
    301    299    303    306    436      0    296    279    115    110
    278    251    169      0     28    164    314     74    437    360
    176      0    472    409    363    391    361    370      0    153
    379     83    168     59    446    371      0    226    467     38
      1    172     55    233      0     99    178     16    332    479
    304    249      0    255    210     87    165     56    343      0
    367      9    131    461    218    147    175      0     50      8
    223    318    477    205      0    320    173     37    171    351
    366      0    377    333    449    215     86    457     92      0
     31    288      7    352    148     62      0    324    134    284
    315    263     20      0    327    229    256    193     36    356
      0     51      4    126    125     40    349      0    295    182
    119      5    144    167    121      0    375    368    208    283
    135    454    108      0    401    162    412    408    297    414
      0     21    435    212    211    275    365    201      0    195
    441    444    451    464    453    459    396      0     42     91
    109    328     33    202    393      0    317    183    132    442
    316    475      0     82    443    123    399    406    345    407
      0    398    386    404    340     32    107    117      0    143
     76    397    383    388    200    163      0    112    247    235
    276    268    254    287      0      0      0      0      0      0
      0      0      0      0      0      0      0      0      0      0
      0      0      0      0      0      0      0      0      0      0
      0      0      0      0      0      0      0      0      0      0
      0      0      0      0      0      0      0      0      0      0
      0      0      0      0      0      0      0      0      0      0
      0      0      0      0      0      0      0      0      0      0
      0      0      0      0      0      0      0      0      0      0
      0      0      0      0      0      0      0      0      0      0
      0      0      0      0      0      0      0      0      0      0
      0      0      0      0      0      0      0      0      0      0
      0      0      0      0      0      0      0      0      0      0
      0      0      0      0      0      0      0      0      0      0
      0      0      0      0      0      0      0      0      0      0
      0      0      0      0      0      0      0      0      0      0
      0      0      0      0      0      0      0      0      0      0
      0      0      0      0      0      0      0      0      0      0
      0      0      0      0      0      0      0      0      0      0
      0      0      0      0      0      0      0      0      0      0
      0      0      0      0      0      0      0      0      0      0
      0      0      0      0      0      0      0      0      0      0
      0      0      0      0      0      0      0      0      0      0
      0      0      0      0      0      0      0      0      0      0
      0      0      0      0      0      0      0      0      0      0
      0      0      0      0      0      0      0      0      0      0
      0      0      0      0      0      0      0      0      0      0
      0      0      0      0      0      0      0      0      0      0
      0      0      0      0      0      0      0      0      0      0
      0      0      0      0      0      0      0      0      0      0
      0      0      0      0      0      0      0      0      0      0
      0      0      0      0      0      0      0      0      0      0
      0      0      0      0      0      0      0      0      0      0
      0      0      0      0      0      0      0      0      0      0
      0      0      0      0      0      0      0      0      0      0
      0      0      0      0      0      0      0      0      0      0
      0      0      0      0      0      0      0      0      0      0
      0      0      0      0      0      0      0      0      0      0
      0      0      0      0      0      0      0      0      0      0
      0      0      0      0      0      0      0      0      0      0
      0      0      0      0      0      0      0      0      0      0
      0      0      0      0      0      0      0      0      0      0
      0 174963]
---------
